(11:57:32) DEBUG:   [Legendary]:       Running Legendary command: /opt/Heroic/resources/app.asar.unpacked/build/bin/linux/legendary --version
(11:57:32) INFO:    [Legendary]:       Legendary location: /opt/Heroic/resources/app.asar.unpacked/build/bin/linux/legendary
(11:57:32) INFO:    [Gog]:             GOGDL location: /opt/Heroic/resources/app.asar.unpacked/build/bin/linux/gogdl
(11:57:32) INFO:    [Backend]:         
  Heroic Version: 2.3.3 Brook
  Legendary Version:  0.20.25 Our Benefactors
  OS: Garuda KERNEL: 5.17.9-zen1-1-zen ARCH: x64
  CPU: Intel Core™ i5-10600K @4.1 GOVERNOR: powersave
  RAM: Total: 31.25 GiB Available: 26.67 GiB
  GRAPHICS: GPU0: Navi 22 [Radeon RX 6700/6700 XT/6750 XT / 6800M] VRAM: 1MB DRIVER:  
  PROTOCOL: x11
  
(11:57:32) INFO:    [Backend]:         User Not Found, removing it from Store
(11:57:32) WARNING: [Backend]:         Protocol already registered.
(11:57:36) INFO:    [DXVKInstaller]:   Updating vkd3d to: vkd3d-proton-2.6
(11:57:39) INFO:    [Backend]:         Downloaded Winetricks
(11:57:40) INFO:    [DXVKInstaller]:   Updating dxvk to: dxvk-1.10.1
(11:57:41) INFO:    [DXVKInstaller]:   downloaded dxvk
(11:57:41) INFO:    [DXVKInstaller]:   extracting dxvk
(11:57:41) INFO:    [DXVKInstaller]:   extracting dxvk updated!
(11:57:41) INFO:    [DXVKInstaller]:   downloaded vkd3d
(11:57:41) INFO:    [DXVKInstaller]:   extracting vkd3d
(11:57:41) INFO:    [DXVKInstaller]:   extracting vkd3d updated!
(11:58:58) INFO:    [Legendary]:       Logging in with Legendary: /opt/Heroic/resources/app.asar.unpacked/build/bin/linux/legendary auth --sid <redacted>
(11:58:58) DEBUG:   [Legendary]:       Running Legendary command: /opt/Heroic/resources/app.asar.unpacked/build/bin/linux/legendary auth --sid <redacted>
(11:58:59) INFO:    [Frontend]:        Refreshing Library
(11:58:59) INFO:    [Legendary]:       Refreshing library...
(11:58:59) INFO:    [Frontend]:        Called Login
(11:58:59) INFO:    [Frontend]:        No cache found, getting data from legendary...
(11:58:59) INFO:    [Legendary]:       Refreshing library...
