2022-05-27T14:14:43.598Z - info: [ui] [AppStore] loading 0 repositories from store
2022-05-27T14:14:43.657Z - info: [ui] [Welcome] no sign in step found. ignoring...
2022-05-27T14:14:43.659Z - info: [ui] launching: 3.0.0-linux2 (Linux 5.17.9-zen1-1-zen)
2022-05-27T14:14:43.659Z - info: [ui] execPath: '/opt/github-desktop/github-desktop'
2022-05-27T14:14:43.682Z - info: [ui] [Welcome] no sign in step found. ignoring...
2022-05-27T14:14:45.058Z - info: [ui] [Welcome] advancing to step: SignInToDotComWithBrowser
2022-05-27T14:14:45.058Z - info: [ui] [SignInStore] initializing OAuth flow
2022-05-27T14:14:45.060Z - info: [main] opening in browser: https://github.com/login/oauth/authorize?client_id=3a723b10ac5575cc5bb9&scope=repo%20user%20workflow&state=23e72660-a3c1-49ac-968c-f01869650936
2022-05-27T14:14:45.061Z - info: [ui] [Welcome] current sign in state not found. ignoring...
2022-05-27T14:14:45.376Z - info: [ui] [Welcome] kind Authentication is the same as Authentication. ignoring...
2022-05-27T14:14:48.961Z - info: [ui] Opt in reported.
2022-05-27T14:14:57.249Z - info: [main] Received possible protocol arguments: 4
2022-05-27T14:14:57.249Z - info: [main] Processing protocol url
2022-05-27T14:14:57.255Z - info: [ui] [Dispatcher] requesting authenticated user
2022-05-27T14:14:57.261Z - info: [ui] [Welcome] kind Authentication is the same as Authentication. ignoring...
2022-05-27T14:14:57.278Z - info: [ui] [Welcome] kind Authentication is the same as Authentication. ignoring...
2022-05-27T14:15:02.236Z - info: [ui] [Welcome] kind Authentication is the same as Authentication. ignoring...
2022-05-27T14:15:02.336Z - info: [ui] [Welcome] kind Authentication is the same as Authentication. ignoring...
2022-05-27T14:15:03.293Z - info: [ui] [SignInStore] account resolved
2022-05-27T14:15:03.294Z - info: [ui] [AppStore] adding account hamburgerghini1 (hamburgerghini1) to store
2022-05-27T14:15:03.296Z - info: [ui] [Welcome] advancing to step: ConfigureGit
2022-05-27T14:15:03.325Z - info: [ui] [Welcome] no sign in step found. ignoring...
2022-05-27T14:15:04.026Z - info: [ui] Subscribed 'hamburgerghini1' to Alive channel
2022-05-27T14:15:04.576Z - info: [ui] [Welcome] no sign in step found. ignoring...
2022-05-27T14:15:18.694Z - info: [ui] [AppStore.getAccountForRemoteURL] account found for remote: https://github.com/hamburgerghini1/mykdeconfig.git - hamburgerghini1 (has token)
2022-05-27T14:31:00.679Z - info: [ui] Executing clone: git -c credential.helper= -c protocol.version=2 -c init.defaultBranch=main clone --recursive --progress -- https://github.com/hamburgerghini1/mykdeconfig.git /home/tommi/Documents/GitHub/mykdeconfig (took 941.969s)
2022-05-27T14:31:00.683Z - info: [ui] [AppStore] adding repository at /home/tommi/Documents/GitHub/mykdeconfig to store
