2022-05-21T09:32:42.526Z - info: [ui] createOwnerKey: Updating 1 owners with keys
2022-05-21T09:32:55.988Z - info: [ui] [AppStore] loading 2 repositories from store
2022-05-21T09:32:55.989Z - info: [ui] [AppStore] found account: hamburgerghini1 (hamburgerghini1)
2022-05-21T09:32:56.115Z - info: [ui] launching: 3.0.0-linux1 (Linux 5.17.8-300.fc36.x86_64)
2022-05-21T09:32:56.116Z - info: [ui] execPath: '/usr/lib/github-desktop/github-desktop'
2022-05-21T09:32:56.431Z - info: [ui] Stats reported.
2022-05-21T09:32:56.471Z - info: [ui] Subscribed 'hamburgerghini1' to Alive channel
2022-05-21T09:33:06.257Z - info: [ui] [RepositoryIndicatorUpdater]: Refreshing sidebar indicators for 1 repositories took 0.0s of which 0.0s paused, total 0.0s
2022-05-21T09:33:09.858Z - info: [ui] [AppStore.getAccountForRemoteURL] account found for remote: https://github.com/hamburgerghini1/mykdeconfig.git - hamburgerghini1 (has token)
2022-05-21T09:51:33.417Z - info: [ui] [RepositoryIndicatorUpdater]: Refreshing sidebar indicators for 2 repositories took 0.0s of which 0.0s paused, total 0.0s
2022-05-21T10:00:38.937Z - info: [ui] Executing clone: git -c credential.helper= -c protocol.version=2 -c init.defaultBranch=main clone --recursive --progress -- https://github.com/hamburgerghini1/mykdeconfig.git /home/tommi/Asiakirjat/GitHub/mykdeconfig (took 1649.060s)
2022-05-21T10:00:38.979Z - info: [ui] [BranchPruner] Last prune took place 28 minutes ago - skipping
2022-05-21T10:00:39.265Z - info: [ui] [BranchPruner] Last prune took place 28 minutes ago - skipping
2022-05-21T10:00:39.963Z - info: [ui] Executing getStatus: git --no-optional-locks status --untracked-files=all --branch --porcelain=2 -z (took 1.010s)
2022-05-21T10:00:40.019Z - info: [ui] Executing getStatus: git --no-optional-locks status --untracked-files=all --branch --porcelain=2 -z (took 1.052s)
2022-05-21T10:00:40.277Z - info: [ui] Executing getStatus: git --no-optional-locks status --untracked-files=all --branch --porcelain=2 -z (took 1.023s)
2022-05-21T10:06:20.124Z - info: [ui] Executing getStatus: git --no-optional-locks status --untracked-files=all --branch --porcelain=2 -z (took 1.080s)
2022-05-21T10:26:37.349Z - info: [ui] [AppStore] loading 2 repositories from store
2022-05-21T10:26:37.351Z - info: [ui] [AppStore] found account: hamburgerghini1 (hamburgerghini1)
2022-05-21T10:26:37.386Z - info: [ui] [BranchPruner] Last prune took place 1 hour ago - skipping
2022-05-21T10:26:37.463Z - info: [ui] launching: 3.0.0-linux1 (Linux 5.17.8-300.fc36.x86_64)
2022-05-21T10:26:37.463Z - info: [ui] execPath: '/usr/lib/github-desktop/github-desktop'
2022-05-21T10:26:37.837Z - info: [ui] Subscribed 'hamburgerghini1' to Alive channel
2022-05-21T10:26:38.387Z - info: [ui] Executing getStatus: git --no-optional-locks status --untracked-files=all --branch --porcelain=2 -z (took 1.028s)
2022-05-21T10:26:38.517Z - info: [ui] Executing getStatus: git --no-optional-locks status --untracked-files=all --branch --porcelain=2 -z (took 1.030s)
2022-05-21T10:26:39.877Z - info: [ui] [AppStore.withAuthenticatingUser] account found for repository: mykdeconfig - hamburgerghini1 (has token)
2022-05-21T10:26:45.414Z - info: [ui] Executing fetch: git -c credential.helper= -c protocol.version=2 fetch --progress --prune origin (took 5.519s)
2022-05-21T10:26:45.910Z - info: [ui] Executing getStatus: git --no-optional-locks status --untracked-files=all --branch --porcelain=2 -z (took 1.040s)
2022-05-21T10:26:46.644Z - info: [ui] Executing getStatus: git --no-optional-locks status --untracked-files=all --branch --porcelain=2 -z (took 1.046s)
2022-05-21T10:26:47.543Z - info: [ui] [BranchPruner] Last prune took place 1 hour ago - skipping
2022-05-21T10:26:48.448Z - error: [ui] Highlighter worked failed for old contents
Error: timed out
    at /home/tommi/webpack:/[name]/app/src/lib/highlighter/worker.ts:85:14
2022-05-21T10:26:48.449Z - error: [ui] Highlighter worked failed for new contents
Error: timed out
    at /home/tommi/webpack:/[name]/app/src/lib/highlighter/worker.ts:85:14
2022-05-21T10:26:54.162Z - info: [ui] Executing getChangedFilesNameStatus: git log d19769c279dbbf136fd674b31f75738f0f7e1ae1 -C -M -m -1 --no-show-signature --first-parent --format=format: -z --name-status -- (took 1.103s)
2022-05-21T10:26:56.668Z - error: [ui] Highlighter worked failed for old contents
Error: timed out
    at /home/tommi/webpack:/[name]/app/src/lib/highlighter/worker.ts:85:14
2022-05-21T10:26:56.668Z - error: [ui] Highlighter worked failed for new contents
Error: timed out
    at /home/tommi/webpack:/[name]/app/src/lib/highlighter/worker.ts:85:14
2022-05-21T10:27:04.696Z - error: [ui] Highlighter worked failed for old contents
Error: timed out
    at /home/tommi/webpack:/[name]/app/src/lib/highlighter/worker.ts:85:14
2022-05-21T10:27:04.697Z - error: [ui] Highlighter worked failed for new contents
Error: timed out
    at /home/tommi/webpack:/[name]/app/src/lib/highlighter/worker.ts:85:14
2022-05-21T10:27:08.969Z - info: [ui] Executing getStatus: git --no-optional-locks status --untracked-files=all --branch --porcelain=2 -z (took 1.046s)
2022-05-21T10:27:11.696Z - info: [ui] [RepositoryIndicatorUpdater]: Refreshing sidebar indicators for 1 repositories took 0.0s of which 0.0s paused, total 0.0s
2022-05-21T10:27:16.595Z - info: [ui] Executing getStatus: git --no-optional-locks status --untracked-files=all --branch --porcelain=2 -z (took 1.149s)
2022-05-21T10:27:21.172Z - info: [ui] Executing getChangedFilesNumStats: git log d19769c279dbbf136fd674b31f75738f0f7e1ae1 -C -M -m -1 --no-show-signature --first-parent --format=format: -z --numstat -- (took 26.999s)
2022-05-21T10:27:21.889Z - info: [ui] Executing getChangedFilesNumStats: git log d19769c279dbbf136fd674b31f75738f0f7e1ae1 -C -M -m -1 --no-show-signature --first-parent --format=format: -z --numstat -- (took 26.708s)
2022-05-21T10:27:26.030Z - info: [ui] Executing getChangedFilesNumStats: git log d19769c279dbbf136fd674b31f75738f0f7e1ae1 -C -M -m -1 --no-show-signature --first-parent --format=format: -z --numstat -- (took 28.065s)
2022-05-21T10:27:34.534Z - info: [ui] Executing getStatus: git --no-optional-locks status --untracked-files=all --branch --porcelain=2 -z (took 1.086s)
2022-05-21T10:29:42.222Z - info: [ui] [AppStore] loading 2 repositories from store
2022-05-21T10:29:42.224Z - info: [ui] [AppStore] found account: hamburgerghini1 (hamburgerghini1)
2022-05-21T10:29:42.252Z - info: [ui] [BranchPruner] Last prune took place 1 hour ago - skipping
2022-05-21T10:29:42.351Z - info: [ui] launching: 3.0.0-linux1 (Linux 5.17.8-300.fc36.x86_64)
2022-05-21T10:29:42.352Z - info: [ui] execPath: '/usr/lib/github-desktop/github-desktop'
2022-05-21T10:29:42.656Z - info: [ui] Subscribed 'hamburgerghini1' to Alive channel
2022-05-21T10:29:43.320Z - info: [ui] Executing getStatus: git --no-optional-locks status --untracked-files=all --branch --porcelain=2 -z (took 1.008s)
2022-05-21T10:30:24.388Z - info: [ui] Executing getStatus: git --no-optional-locks status --untracked-files=all --branch --porcelain=2 -z (took 1.774s)
2022-05-21T10:30:27.583Z - info: [ui] Executing getStatus: git --no-optional-locks status --untracked-files=all --branch --porcelain=2 -z (took 2.528s)
2022-05-21T10:30:27.715Z - info: [ui] Executing getStatus: git --no-optional-locks status --untracked-files=all --branch --porcelain=2 -z (took 2.323s)
2022-05-21T10:30:27.901Z - info: [ui] Executing getStatus: git --no-optional-locks status --untracked-files=all --branch --porcelain=2 -z (took 2.503s)
2022-05-21T10:31:29.911Z - info: [ui] Executing getStatus: git --no-optional-locks status --untracked-files=all --branch --porcelain=2 -z (took 24.347s)
2022-05-21T10:31:40.592Z - info: [ui] Executing unstageAll: git reset -- . (took 19.940s)
2022-05-21T10:32:03.625Z - info: [ui] Executing updateIndex: git update-index --add --remove --replace -z --stdin (took 23.025s)
2022-05-21T10:32:05.521Z - info: [ui] [RepositoryIndicatorUpdater]: Refreshing sidebar indicators for 1 repositories took 0.0s of which 0.0s paused, total 0.0s
2022-05-21T10:32:05.521Z - info: [ui] Executing createCommit: git commit -F - (took 1.896s)
2022-05-21T10:32:06.908Z - info: [ui] [Timing] Action 'create commit' for 'hamburgerghini1/mykdeconfig' took 46.496s
2022-05-21T10:32:11.777Z - info: [ui] [AppStore.withAuthenticatingUser] account found for repository: mykdeconfig - hamburgerghini1 (has token)
2022-05-21T10:32:59.796Z - info: [ui] Executing push: git -c credential.helper= -c protocol.version=2 push origin main:main --progress (took 47.992s)
2022-05-21T10:33:07.438Z - info: [ui] Executing fetch: git -c credential.helper= -c protocol.version=2 fetch --progress --prune origin (took 7.632s)
2022-05-21T10:33:18.053Z - info: [ui] No submodules found. Skipping "git submodule status"
2022-05-21T10:33:23.217Z - info: [ui] [AppStore.withAuthenticatingUser] account found for repository: mykdeconfig - hamburgerghini1 (has token)
2022-05-21T10:33:25.024Z - info: [ui] Executing fetch: git -c credential.helper= -c protocol.version=2 fetch --progress --prune origin (took 1.786s)
2022-05-21T10:33:48.944Z - info: [ui] [Timing] Action 'create commit' for 'hamburgerghini1/mykdeconfig' took 1.040s
2022-05-21T10:34:05.734Z - info: [ui] [Timing] Action 'create commit' for 'hamburgerghini1/mykdeconfig' took 0.939s
2022-05-21T10:35:36.103Z - info: [ui] [AppStore.withAuthenticatingUser] account found for repository: mykdeconfig - hamburgerghini1 (has token)
2022-05-21T17:47:18.148Z - info: [ui] [AppStore] loading 2 repositories from store
2022-05-21T17:47:18.151Z - info: [ui] [AppStore] found account: hamburgerghini1 (hamburgerghini1)
2022-05-21T17:47:18.170Z - info: [ui] [BranchPruner] Last prune took place 8 hours ago - skipping
2022-05-21T17:47:18.250Z - info: [ui] launching: 3.0.0-linux1 (Linux 5.17.9-xm1.0.fc36.x86_64)
2022-05-21T17:47:18.251Z - info: [ui] execPath: '/usr/lib/github-desktop/github-desktop'
2022-05-21T17:47:18.582Z - info: [ui] Subscribed 'hamburgerghini1' to Alive channel
2022-05-21T17:48:05.132Z - info: [ui] [AppStore] loading 2 repositories from store
2022-05-21T17:48:05.134Z - info: [ui] [AppStore] found account: hamburgerghini1 (hamburgerghini1)
2022-05-21T17:48:05.139Z - info: [ui] Subscribed 'hamburgerghini1' to Alive channel
2022-05-21T17:48:05.209Z - info: [ui] launching: 3.0.0-linux1 (Linux 5.17.9-xm1.0.fc36.x86_64)
2022-05-21T17:48:05.211Z - info: [ui] execPath: '/usr/lib/github-desktop/github-desktop'
2022-05-21T17:48:13.440Z - info: [ui] [BranchPruner] Last prune took place 8 hours ago - skipping
2022-05-21T17:48:32.184Z - info: [ui] Executing getStatus: git --no-optional-locks status --untracked-files=all --branch --porcelain=2 -z (took 27.041s)
2022-05-21T17:48:32.290Z - info: [ui] Executing getStatus: git --no-optional-locks status --untracked-files=all --branch --porcelain=2 -z (took 27.053s)
2022-05-21T17:48:33.485Z - info: [ui] Executing getStatus: git --no-optional-locks status --untracked-files=all --branch --porcelain=2 -z (took 20.134s)
2022-05-21T17:48:34.192Z - error: [ui] Could not load new contents for syntax highlighting
Error: ENOENT: no such file or directory, open '/home/tommi/Asiakirjat/GitHub/mykdeconfig/.bash_history'
2022-05-21T17:48:34.329Z - info: [ui] Executing getStatus: git --no-optional-locks status --untracked-files=all --branch --porcelain=2 -z (took 21.002s)
2022-05-21T17:48:35.167Z - info: [ui] Executing getStatus: git --no-optional-locks status --untracked-files=all --branch --porcelain=2 -z (took 21.766s)
2022-05-21T17:48:36.978Z - info: [ui] Executing getStatus: git --no-optional-locks status --untracked-files=all --branch --porcelain=2 -z (took 20.332s)
2022-05-21T17:48:38.542Z - info: [ui] [AppStore.withAuthenticatingUser] account found for repository: mykdeconfig - hamburgerghini1 (has token)
2022-05-21T17:48:47.975Z - info: [ui] Executing getStatus: git --no-optional-locks status --untracked-files=all --branch --porcelain=2 -z (took 19.344s)
2022-05-21T17:48:51.610Z - info: [ui] Executing getStatus: git --no-optional-locks status --untracked-files=all --branch --porcelain=2 -z (took 18.192s)
2022-05-21T17:48:52.674Z - info: [ui] Executing getStatus: git --no-optional-locks status --untracked-files=all --branch --porcelain=2 -z (took 19.281s)
2022-05-21T17:48:53.612Z - info: [ui] Executing getStatus: git --no-optional-locks status --untracked-files=all --branch --porcelain=2 -z (took 18.510s)
2022-05-21T17:49:05.666Z - info: [ui] Executing getStatus: git --no-optional-locks status --untracked-files=all --branch --porcelain=2 -z (took 17.381s)
2022-05-21T17:49:06.042Z - info: [ui] [AppStore.withAuthenticatingUser] account found for repository: mykdeconfig - hamburgerghini1 (has token)
2022-05-21T17:49:06.042Z - info: [ui] [RepositoryIndicatorUpdater]: Refreshing sidebar indicators for 2 repositories took 17.9s of which 0.0s paused, total 17.9s
2022-05-21T17:49:07.756Z - error: [ui] Could not load new contents for syntax highlighting
Error: ENOENT: no such file or directory, open '/home/tommi/Asiakirjat/GitHub/mykdeconfig/.bash_logout'
2022-05-21T17:49:10.659Z - info: [ui] Executing getStatus: git --no-optional-locks status --untracked-files=all --branch --porcelain=2 -z (took 16.951s)
2022-05-21T17:49:11.957Z - error: [ui] Could not load new contents for syntax highlighting
Error: ENOENT: no such file or directory, open '/home/tommi/Asiakirjat/GitHub/mykdeconfig/.bash_history'
2022-05-21T17:49:12.491Z - error: [ui] Could not load new contents for syntax highlighting
Error: ENOENT: no such file or directory, open '/home/tommi/Asiakirjat/GitHub/mykdeconfig/.bash_logout'
2022-05-21T17:49:13.950Z - error: [ui] Could not load new contents for syntax highlighting
Error: ENOENT: no such file or directory, open '/home/tommi/Asiakirjat/GitHub/mykdeconfig/.bash_profile'
2022-05-21T17:49:15.066Z - error: [ui] Could not load new contents for syntax highlighting
Error: ENOENT: no such file or directory, open '/home/tommi/Asiakirjat/GitHub/mykdeconfig/.bash_logout'
2022-05-21T17:49:15.820Z - info: [ui] Executing fetch: git -c credential.helper= -c protocol.version=2 fetch --progress --prune origin (took 37.230s)
2022-05-21T17:49:17.188Z - info: [ui] Executing getStatus: git --no-optional-locks status --untracked-files=all --branch --porcelain=2 -z (took 16.964s)
2022-05-21T17:49:18.142Z - error: [ui] Could not load new contents for syntax highlighting
Error: ENOENT: no such file or directory, open '/home/tommi/Asiakirjat/GitHub/mykdeconfig/.bash_profile'
2022-05-21T17:49:21.202Z - error: [ui] Could not load new contents for syntax highlighting
Error: ENOENT: no such file or directory, open '/home/tommi/Asiakirjat/GitHub/mykdeconfig/.bash_logout'
2022-05-21T17:49:21.945Z - error: [ui] Could not load new contents for syntax highlighting
Error: ENOENT: no such file or directory, open '/home/tommi/Asiakirjat/GitHub/mykdeconfig/.bash_profile'
2022-05-21T17:49:33.640Z - info: [ui] Executing getStatus: git --no-optional-locks status --untracked-files=all --branch --porcelain=2 -z (took 17.610s)
2022-05-21T17:49:34.781Z - info: [ui] Executing getStatus: git --no-optional-locks status --untracked-files=all --branch --porcelain=2 -z (took 17.642s)
2022-05-21T17:49:36.120Z - info: [ui] Executing getStatus: git --no-optional-locks status --untracked-files=all --branch --porcelain=2 -z (took 16.858s)
2022-05-21T17:49:56.558Z - error: [ui] Could not load new contents for syntax highlighting
Error: ENOENT: no such file or directory, open '/home/tommi/Asiakirjat/GitHub/mykdeconfig/Työpöytä/Wallpaper Engine.desktop'
2022-05-21T17:50:08.018Z - info: [ui] [AppStore] loading 2 repositories from store
2022-05-21T17:50:08.022Z - info: [ui] [AppStore] found account: hamburgerghini1 (hamburgerghini1)
2022-05-21T17:50:08.052Z - info: [ui] [BranchPruner] Last prune took place 8 hours ago - skipping
2022-05-21T17:50:08.136Z - info: [ui] launching: 3.0.0-linux1 (Linux 5.17.9-xm1.0.fc36.x86_64)
2022-05-21T17:50:08.136Z - info: [ui] execPath: '/usr/lib/github-desktop/github-desktop'
2022-05-21T17:50:08.479Z - info: [ui] Subscribed 'hamburgerghini1' to Alive channel
2022-05-21T17:50:17.742Z - info: [ui] [RepositoryIndicatorUpdater]: Refreshing sidebar indicators for 1 repositories took 0.0s of which 0.0s paused, total 0.0s
2022-05-21T17:50:24.717Z - info: [ui] Executing getStatus: git --no-optional-locks status --untracked-files=all --branch --porcelain=2 -z (took 16.689s)
2022-05-21T17:50:24.794Z - info: [ui] Executing getStatus: git --no-optional-locks status --untracked-files=all --branch --porcelain=2 -z (took 16.666s)
2022-05-21T17:50:25.753Z - error: [ui] Could not load new contents for syntax highlighting
Error: ENOENT: no such file or directory, open '/home/tommi/Asiakirjat/GitHub/mykdeconfig/.bash_history'
2022-05-21T17:50:32.493Z - info: [ui] [AppStore.getAccountForRemoteURL] account found for remote: https://github.com/hamburgerghini1/mykdeconfig.git - hamburgerghini1 (has token)
2022-05-21T17:50:47.248Z - info: [ui] Executing getStatus: git --no-optional-locks status --untracked-files=all --branch --porcelain=2 -z (took 16.179s)
2022-05-21T18:04:15.043Z - info: [ui] Executing clone: git -c credential.helper= -c protocol.version=2 -c init.defaultBranch=main clone --recursive --progress -- https://github.com/hamburgerghini1/mykdeconfig.git /home/tommi/Asiakirjat/GitHub/mykdeconfig (took 822.524s)
2022-05-21T18:04:15.057Z - info: [ui] [AppStore] adding repository at /home/tommi/Asiakirjat/GitHub/mykdeconfig to store
2022-05-21T18:04:15.117Z - info: [ui] [BranchPruner] Last prune took place 9 hours ago - skipping
2022-05-21T18:04:16.140Z - info: [ui] Executing fetch: git -c credential.helper= -c protocol.version=2 fetch --progress --prune origin (took 1.048s)
2022-05-21T18:04:16.446Z - info: [ui] Executing getStatus: git --no-optional-locks status --untracked-files=all --branch --porcelain=2 -z (took 1.375s)
2022-05-21T18:04:17.189Z - info: [ui] Executing getStatus: git --no-optional-locks status --untracked-files=all --branch --porcelain=2 -z (took 1.029s)
2022-05-21T18:07:37.614Z - info: [ui] [RepositoryIndicatorUpdater]: Refreshing sidebar indicators for 1 repositories took 0.0s of which 0.0s paused, total 0.0s
