2022-03-27T11:08:04.520Z - info: [ui] [AppStore] loading 0 repositories from store
2022-03-27T11:08:04.532Z - info: [ui] [Welcome] no sign in step found. ignoring...
2022-03-27T11:08:04.560Z - info: [ui] [Welcome] no sign in step found. ignoring...
2022-03-27T11:08:04.563Z - info: [ui] launching: 2.9.6-linux1 (Linux 5.16.16-201.fsync.fc35.x86_64)
2022-03-27T11:08:04.563Z - info: [ui] execPath: '/usr/lib/github-desktop/github-desktop'
2022-03-27T11:08:04.577Z - info: [ui] [Welcome] no sign in step found. ignoring...
2022-03-27T11:08:04.595Z - info: [ui] [Welcome] no sign in step found. ignoring...
2022-03-27T11:08:05.315Z - info: [ui] Opt in reported.
2022-03-27T11:08:06.751Z - info: [ui] [Welcome] advancing to step: SignInToDotComWithBrowser
2022-03-27T11:08:06.754Z - info: [ui] [SignInStore] initializing OAuth flow
2022-03-27T11:08:06.755Z - info: [main] opening in browser: https://github.com/login/oauth/authorize?client_id=3a723b10ac5575cc5bb9&scope=repo%20user%20workflow&state=489bbc4b-ea09-495c-8dcd-29121059886b
2022-03-27T11:08:06.755Z - info: [ui] [Welcome] current sign in state not found. ignoring...
2022-03-27T11:08:07.526Z - info: [ui] [Welcome] kind Authentication is the same as Authentication. ignoring...
2022-03-27T11:08:21.604Z - info: [main] Received possible protocol arguments: 2
2022-03-27T11:08:21.604Z - info: [main] Processing protocol url
2022-03-27T11:08:21.610Z - info: [ui] [Dispatcher] requesting authenticated user
2022-03-27T11:08:21.612Z - info: [ui] [Welcome] kind Authentication is the same as Authentication. ignoring...
2022-03-27T11:08:21.627Z - info: [ui] [Welcome] kind Authentication is the same as Authentication. ignoring...
2022-03-27T11:08:23.441Z - info: [ui] [SignInStore] account resolved
2022-03-27T11:08:23.442Z - info: [ui] [AppStore] adding account hamburgerghini1 (hamburgerghini1) to store
2022-03-27T11:08:23.444Z - info: [ui] [Welcome] advancing to step: ConfigureGit
2022-03-27T11:08:23.518Z - info: [ui] [Welcome] no sign in step found. ignoring...
2022-03-27T11:08:23.793Z - info: [ui] [Welcome] no sign in step found. ignoring...
2022-03-27T11:08:25.433Z - info: [ui] [Welcome] no sign in step found. ignoring...
2022-03-27T11:08:25.443Z - info: [ui] [Welcome] no sign in step found. ignoring...
2022-03-27T11:08:25.963Z - info: [ui] [Welcome] no sign in step found. ignoring...
2022-03-27T11:08:25.976Z - info: [ui] [Welcome] no sign in step found. ignoring...
2022-03-27T11:08:33.670Z - info: [ui] [AppStore.getAccountForRemoteURL] account found for remote: https://github.com/hamburgerghini1/kde_cyberpunk_config.git - hamburgerghini1 (has token)
2022-03-27T11:09:26.052Z - info: [ui] Executing clone: git -c credential.helper= -c protocol.version=2 -c init.defaultBranch=main clone --recursive --progress -- https://github.com/hamburgerghini1/kde_cyberpunk_config.git /home/tommi/Asiakirjat/GitHub/kde_cyberpunk_config (took 52.356s)
2022-03-27T11:09:26.063Z - info: [ui] [AppStore] adding repository at /home/tommi/Asiakirjat/GitHub/kde_cyberpunk_config to store
2022-03-27T11:09:26.343Z - info: [ui] [BranchPruner] No branches to prune.
2022-03-27T11:09:28.499Z - info: [ui] [AppStore.withAuthenticatingUser] account found for repository: kde_cyberpunk_config - hamburgerghini1 (has token)
2022-03-27T11:09:31.617Z - info: [ui] [BranchPruner] Last prune took place in a day - skipping
