(N) 2022-05-22T13:30:41 - Tracker 'udp://tracker.openbittorrent.com:6969/announce' was added to torrent 'Nobara-36-KDE-5.iso'
(N) 2022-05-22T13:30:41 - Tracker 'http://tracker.openbittorrent.com:80/announce' was added to torrent 'Nobara-36-KDE-5.iso'
(N) 2022-05-22T13:30:41 - Tracker 'udp://opentracker.i2p.rocks:6969/announce' was added to torrent 'Nobara-36-KDE-5.iso'
(N) 2022-05-22T13:30:41 - Tracker 'https://opentracker.i2p.rocks:443/announce' was added to torrent 'Nobara-36-KDE-5.iso'
(N) 2022-05-22T13:30:41 - Tracker 'http://opentracker.i2p.rocks:6969/announce' was added to torrent 'Nobara-36-KDE-5.iso'
(N) 2022-05-22T13:30:41 - Tracker 'udp://www.torrent.eu.org:451/announce' was added to torrent 'Nobara-36-KDE-5.iso'
(N) 2022-05-22T13:30:41 - Tracker 'udp://tracker.torrent.eu.org:451/announce' was added to torrent 'Nobara-36-KDE-5.iso'
(N) 2022-05-22T13:30:41 - Tracker 'udp://open.stealth.si:80/announce' was added to torrent 'Nobara-36-KDE-5.iso'
(N) 2022-05-22T13:30:41 - Tracker 'udp://ipv4.tracker.harry.lu:80/announce' was added to torrent 'Nobara-36-KDE-5.iso'
(N) 2022-05-22T13:30:41 - Tracker 'udp://exodus.desync.com:6969/announce' was added to torrent 'Nobara-36-KDE-5.iso'
(N) 2022-05-22T13:30:41 - Tracker 'udp://tracker.tiny-vps.com:6969/announce' was added to torrent 'Nobara-36-KDE-5.iso'
(N) 2022-05-22T13:30:41 - Tracker 'udp://opentor.org:2710/announce' was added to torrent 'Nobara-36-KDE-5.iso'
(N) 2022-05-22T13:30:41 - Tracker 'udp://tracker.dler.org:6969/announce' was added to torrent 'Nobara-36-KDE-5.iso'
(N) 2022-05-22T13:30:41 - Tracker 'udp://explodie.org:6969/announce' was added to torrent 'Nobara-36-KDE-5.iso'
(N) 2022-05-22T13:30:41 - Tracker 'http://tracker4.itzmx.com:2710/announce' was added to torrent 'Nobara-36-KDE-5.iso'
(N) 2022-05-22T13:30:41 - Tracker 'http://tracker.dler.org:6969/announce' was added to torrent 'Nobara-36-KDE-5.iso'
(N) 2022-05-22T13:30:41 - Tracker 'udp://tracker.moeking.me:6969/announce' was added to torrent 'Nobara-36-KDE-5.iso'
(N) 2022-05-22T13:30:41 - Tracker 'udp://vibe.sleepyinternetfun.xyz:1738/announce' was added to torrent 'Nobara-36-KDE-5.iso'
(N) 2022-05-22T13:30:41 - Tracker 'udp://tracker2.dler.org:80/announce' was added to torrent 'Nobara-36-KDE-5.iso'
(N) 2022-05-22T13:30:41 - Tracker 'udp://tracker1.bt.moack.co.kr:80/announce' was added to torrent 'Nobara-36-KDE-5.iso'
(N) 2022-05-22T13:30:41 - Tracker 'udp://tracker.zerobytes.xyz:1337/announce' was added to torrent 'Nobara-36-KDE-5.iso'
(N) 2022-05-22T13:30:41 - Tracker 'udp://tracker.theoks.net:6969/announce' was added to torrent 'Nobara-36-KDE-5.iso'
(N) 2022-05-22T13:30:41 - Tracker 'udp://tracker.lelux.fi:6969/announce' was added to torrent 'Nobara-36-KDE-5.iso'
(N) 2022-05-22T13:30:41 - Tracker 'udp://tracker.jordan.im:6969/announce' was added to torrent 'Nobara-36-KDE-5.iso'
(N) 2022-05-22T13:30:41 - Tracker 'udp://tracker.filemail.com:6969/announce' was added to torrent 'Nobara-36-KDE-5.iso'
(N) 2022-05-22T13:30:41 - Tracker 'udp://tracker.bitsearch.to:1337/announce' was added to torrent 'Nobara-36-KDE-5.iso'
(N) 2022-05-22T13:30:41 - Tracker 'udp://tracker.auctor.tv:6969/announce' was added to torrent 'Nobara-36-KDE-5.iso'
(N) 2022-05-22T13:30:41 - Tracker 'udp://tracker.altrosky.nl:6969/announce' was added to torrent 'Nobara-36-KDE-5.iso'
(N) 2022-05-22T13:30:41 - Tracker 'udp://tracker.0x.tf:6969/announce' was added to torrent 'Nobara-36-KDE-5.iso'
(N) 2022-05-22T13:30:41 - Tracker 'udp://torrentclub.space:6969/announce' was added to torrent 'Nobara-36-KDE-5.iso'
(N) 2022-05-22T13:30:41 - Tracker 'udp://open.tracker.ink:6969/announce' was added to torrent 'Nobara-36-KDE-5.iso'
(N) 2022-05-22T13:30:41 - Tracker 'udp://movies.zsw.ca:6969/announce' was added to torrent 'Nobara-36-KDE-5.iso'
(N) 2022-05-22T13:30:41 - Tracker 'udp://fe.dealclub.de:6969/announce' was added to torrent 'Nobara-36-KDE-5.iso'
(N) 2022-05-22T13:30:41 - Tracker 'udp://engplus.ru:6969/announce' was added to torrent 'Nobara-36-KDE-5.iso'
(N) 2022-05-22T13:30:41 - Tracker 'udp://bubu.mapfactor.com:6969/announce' was added to torrent 'Nobara-36-KDE-5.iso'
(N) 2022-05-22T13:30:41 - Tracker 'udp://bt2.archive.org:6969/announce' was added to torrent 'Nobara-36-KDE-5.iso'
(N) 2022-05-22T13:30:41 - Tracker 'udp://bt1.archive.org:6969/announce' was added to torrent 'Nobara-36-KDE-5.iso'
(N) 2022-05-22T13:30:41 - Tracker 'udp://bt.oiyo.tk:6969/announce' was added to torrent 'Nobara-36-KDE-5.iso'
(N) 2022-05-22T13:30:41 - Tracker 'udp://abufinzio.monocul.us:6969/announce' was added to torrent 'Nobara-36-KDE-5.iso'
(N) 2022-05-22T13:30:41 - Tracker 'udp://6ahddutb1ucc3cp.ru:6969/announce' was added to torrent 'Nobara-36-KDE-5.iso'
(N) 2022-05-22T13:30:41 - Tracker 'https://tracker.nanoha.org:443/announce' was added to torrent 'Nobara-36-KDE-5.iso'
(N) 2022-05-22T13:30:41 - Tracker 'https://tracker.lilithraws.org:443/announce' was added to torrent 'Nobara-36-KDE-5.iso'
(N) 2022-05-22T13:30:41 - Tracker 'https://tracker.iriseden.fr:443/announce' was added to torrent 'Nobara-36-KDE-5.iso'
(N) 2022-05-22T13:30:41 - Tracker 'https://tr.torland.ga:443/announce' was added to torrent 'Nobara-36-KDE-5.iso'
(N) 2022-05-22T13:30:41 - Tracker 'http://vps02.net.orel.ru:80/announce' was added to torrent 'Nobara-36-KDE-5.iso'
(N) 2022-05-22T13:30:41 - Tracker 'http://tracker1.bt.moack.co.kr:80/announce' was added to torrent 'Nobara-36-KDE-5.iso'
(N) 2022-05-22T13:30:41 - Tracker 'http://tracker.zerobytes.xyz:1337/announce' was added to torrent 'Nobara-36-KDE-5.iso'
(N) 2022-05-22T13:30:41 - Tracker 'http://tracker.nucozer-tracker.ml:2710/announce' was added to torrent 'Nobara-36-KDE-5.iso'
(N) 2022-05-22T13:30:41 - Tracker 'http://tracker.mywaifu.best:6969/announce' was added to torrent 'Nobara-36-KDE-5.iso'
(N) 2022-05-22T13:30:41 - Tracker 'http://tracker.lelux.fi:80/announce' was added to torrent 'Nobara-36-KDE-5.iso'
(N) 2022-05-22T13:30:41 - Tracker 'http://tracker.files.fm:6969/announce' was added to torrent 'Nobara-36-KDE-5.iso'
(N) 2022-05-22T13:30:41 - Tracker 'http://tracker.corpscorp.online:80/announce' was added to torrent 'Nobara-36-KDE-5.iso'
(N) 2022-05-22T13:30:41 - Tracker 'http://tracker.bt4g.com:2095/announce' was added to torrent 'Nobara-36-KDE-5.iso'
(N) 2022-05-22T13:30:41 - Tracker 'http://torrenttracker.nwc.acsalaska.net:6969/announce' was added to torrent 'Nobara-36-KDE-5.iso'
(N) 2022-05-22T13:30:41 - Tracker 'http://t.nyaatracker.com:80/announce' was added to torrent 'Nobara-36-KDE-5.iso'
(N) 2022-05-22T13:30:41 - Tracker 'http://retracker.joxnet.ru:80/announce' was added to torrent 'Nobara-36-KDE-5.iso'
(N) 2022-05-22T13:30:41 - Tracker 'http://open.tracker.ink:6969/announce' was added to torrent 'Nobara-36-KDE-5.iso'
(N) 2022-05-22T13:30:41 - Tracker 'http://open.acgtracker.com:1096/announce' was added to torrent 'Nobara-36-KDE-5.iso'
(N) 2022-05-22T13:30:41 - Tracker 'http://open.acgnxtracker.com:80/announce' was added to torrent 'Nobara-36-KDE-5.iso'
(N) 2022-05-22T13:30:41 - Tracker 'http://home.yxgz.vip:6969/announce' was added to torrent 'Nobara-36-KDE-5.iso'
(N) 2022-05-22T13:30:41 - Tracker 'http://btracker.top:11451/announce' was added to torrent 'Nobara-36-KDE-5.iso'
(N) 2022-05-22T13:30:41 - Tracker 'http://bt.okmp3.ru:2710/announce' was added to torrent 'Nobara-36-KDE-5.iso'
(N) 2022-05-22T13:30:41 - Tracker 'udp://u4.trakx.crim.ist:1337/announce' was added to torrent 'Nobara-36-KDE-5.iso'
(N) 2022-05-22T13:30:41 - Tracker 'udp://tsundere.pw:6969/announce' was added to torrent 'Nobara-36-KDE-5.iso'
(N) 2022-05-22T13:30:41 - Tracker 'udp://tracker.monitorit4.me:6969/announce' was added to torrent 'Nobara-36-KDE-5.iso'
(N) 2022-05-22T13:30:41 - Tracker 'udp://tracker.merded.xyz:8000/announce' was added to torrent 'Nobara-36-KDE-5.iso'
(N) 2022-05-22T13:30:41 - Tracker 'udp://tracker.loligirl.cn:1337/announce' was added to torrent 'Nobara-36-KDE-5.iso'
(N) 2022-05-22T13:30:41 - Tracker 'udp://tracker.loadbt.com:6969/announce' was added to torrent 'Nobara-36-KDE-5.iso'
(N) 2022-05-22T13:30:41 - Tracker 'udp://tracker.leech.ie:1337/announce' was added to torrent 'Nobara-36-KDE-5.iso'
(N) 2022-05-22T13:30:41 - Tracker 'udp://tracker.fatkhoala.org:13710/announce' was added to torrent 'Nobara-36-KDE-5.iso'
(N) 2022-05-22T13:30:41 - Tracker 'udp://tracker.ddunlimited.net:6969/announce' was added to torrent 'Nobara-36-KDE-5.iso'
(N) 2022-05-22T13:30:41 - Tracker 'udp://tracker.babico.name.tr:8000/announce' was added to torrent 'Nobara-36-KDE-5.iso'
(N) 2022-05-22T13:30:41 - Tracker 'udp://tracker-udp.gbitt.info:80/announce' was added to torrent 'Nobara-36-KDE-5.iso'
(N) 2022-05-22T13:30:41 - Tracker 'udp://tr.cili001.com:8070/announce' was added to torrent 'Nobara-36-KDE-5.iso'
(N) 2022-05-22T13:30:41 - Tracker 'udp://tr.bangumi.moe:6969/announce' was added to torrent 'Nobara-36-KDE-5.iso'
(N) 2022-05-22T13:30:41 - Tracker 'udp://public.tracker.vraphim.com:6969/announce' was added to torrent 'Nobara-36-KDE-5.iso'
(N) 2022-05-22T13:30:41 - Tracker 'udp://public.publictracker.xyz:6969/announce' was added to torrent 'Nobara-36-KDE-5.iso'
(N) 2022-05-22T13:30:41 - Tracker 'udp://mts.tvbit.co:6969/announce' was added to torrent 'Nobara-36-KDE-5.iso'
(N) 2022-05-22T13:30:41 - Tracker 'udp://leet-tracker.moe:38151/announce' was added to torrent 'Nobara-36-KDE-5.iso'
(N) 2022-05-22T13:30:41 - Tracker 'udp://leet-tracker.moe:23861/announce' was added to torrent 'Nobara-36-KDE-5.iso'
(N) 2022-05-22T13:30:41 - Tracker 'udp://inferno.demonoid.is:3391/announce' was added to torrent 'Nobara-36-KDE-5.iso'
(N) 2022-05-22T13:30:41 - Tracker 'udp://cutiegirl.ru:6969/announce' was added to torrent 'Nobara-36-KDE-5.iso'
(N) 2022-05-22T13:30:41 - Tracker 'udp://concen.org:6969/announce' was added to torrent 'Nobara-36-KDE-5.iso'
(N) 2022-05-22T13:30:41 - Tracker 'udp://camera.lei001.com:6969/announce' was added to torrent 'Nobara-36-KDE-5.iso'
(N) 2022-05-22T13:30:41 - Tracker 'udp://bclearning.top:6969/announce' was added to torrent 'Nobara-36-KDE-5.iso'
(N) 2022-05-22T13:30:41 - Tracker 'udp://admin.videoenpoche.info:6969/announce' was added to torrent 'Nobara-36-KDE-5.iso'
(N) 2022-05-22T13:30:41 - Tracker 'https://tracker.yarr.pt:443/announce' was added to torrent 'Nobara-36-KDE-5.iso'
(N) 2022-05-22T13:30:41 - Tracker 'https://tracker.nitrix.me:443/announce' was added to torrent 'Nobara-36-KDE-5.iso'
(N) 2022-05-22T13:30:41 - Tracker 'https://tracker.kuroy.me:443/announce' was added to torrent 'Nobara-36-KDE-5.iso'
(N) 2022-05-22T13:30:41 - Tracker 'https://tracker.foreverpirates.co:443/announce' was added to torrent 'Nobara-36-KDE-5.iso'
(N) 2022-05-22T13:30:41 - Tracker 'https://tracker.babico.name.tr:443/announce' was added to torrent 'Nobara-36-KDE-5.iso'
(N) 2022-05-22T13:30:41 - Tracker 'https://tr.highstar.shop:443/announce' was added to torrent 'Nobara-36-KDE-5.iso'
(N) 2022-05-22T13:30:41 - Tracker 'https://tr.fuckbitcoin.xyz:443/announce' was added to torrent 'Nobara-36-KDE-5.iso'
(N) 2022-05-22T13:30:41 - Tracker 'https://tr.doogh.club:443/announce' was added to torrent 'Nobara-36-KDE-5.iso'
(N) 2022-05-22T13:30:41 - Tracker 'https://tr.burnabyhighstar.com:443/announce' was added to torrent 'Nobara-36-KDE-5.iso'
(N) 2022-05-22T13:30:41 - Tracker 'https://tr.abirxo.cf:443/announce' was added to torrent 'Nobara-36-KDE-5.iso'
(N) 2022-05-22T13:30:41 - Tracker 'https://tr.abir.ga:443/announce' was added to torrent 'Nobara-36-KDE-5.iso'
(N) 2022-05-22T13:30:41 - Tracker 'https://tr.abiir.top:443/announce' was added to torrent 'Nobara-36-KDE-5.iso'
(N) 2022-05-22T13:30:41 - Tracker 'https://opentracker.cc:443/announce' was added to torrent 'Nobara-36-KDE-5.iso'
(N) 2022-05-22T13:30:41 - Tracker 'https://abir0dev.github.io:443/announce' was added to torrent 'Nobara-36-KDE-5.iso'
(N) 2022-05-22T13:30:41 - Tracker 'https://1337.abcvg.info:443/announce' was added to torrent 'Nobara-36-KDE-5.iso'
(N) 2022-05-22T13:30:41 - Tracker 'http://tracker2.dler.org:80/announce' was added to torrent 'Nobara-36-KDE-5.iso'
(N) 2022-05-22T13:30:41 - Tracker 'http://tracker.merded.xyz:8000/announce' was added to torrent 'Nobara-36-KDE-5.iso'
(N) 2022-05-22T13:30:41 - Tracker 'http://tracker.loadbt.com:6969/announce' was added to torrent 'Nobara-36-KDE-5.iso'
(N) 2022-05-22T13:30:41 - Tracker 'http://tracker.gbitt.info:80/announce' was added to torrent 'Nobara-36-KDE-5.iso'
(N) 2022-05-22T13:30:41 - Tracker 'http://tr.cili001.com:8070/announce' was added to torrent 'Nobara-36-KDE-5.iso'
(N) 2022-05-22T13:30:41 - Tracker 'http://t.acg.rip:6699/announce' was added to torrent 'Nobara-36-KDE-5.iso'
(N) 2022-05-22T13:30:41 - Tracker 'http://fosstorrents.com:6969/announce' was added to torrent 'Nobara-36-KDE-5.iso'
(N) 2022-05-22T13:30:41 - Tracker 'http://1337.abcvg.info:80/announce' was added to torrent 'Nobara-36-KDE-5.iso'
(N) 2022-05-22T13:30:41 - 'Nobara-36-KDE-5.iso' added to download list.
(N) 2022-05-22T13:30:56 - 'Nobara-36-KDE-5.iso' was removed from the transfer list.
(C) 2022-05-22T13:31:30 - UPnP/NAT-PMP: Port mapping failure, message: could not map port using UPnP[84.249.0.220]: no router found
(C) 2022-05-22T13:31:30 - UPnP/NAT-PMP: Port mapping failure, message: could not map port using UPnP[84.249.0.220]: no router found
(I) 2022-05-22T15:05:12 - UPnP / NAT-PMP support [OFF]
