(15:22:57) INFO:    [Legendary]:       Location: /app/bin/heroic/resources/app.asar.unpacked/build/bin/linux/legendary
(15:22:57) INFO:    [Gog]:             Location: /app/bin/heroic/resources/app.asar.unpacked/build/bin/linux/gogdl
(15:22:57) INFO:    [Backend]:         
  Heroic Version: 2.2.6 Oden
  Legendary Version:  0.20.25 Our Benefactors
  OS: Freedesktop.org KERNEL: 5.16.18-201.fsync.fc35.x86_64 ARCH: x64
  CPU: Intel Core™ i5-10600K @4.1 GOVERNOR: powersave
  RAM: Total: 33.5 GB Available: 25 GB
  GRAPHICS: GPU0: TU106 [GeForce RTX 2060 Rev. A]  VRAM: 32MB DRIVER:  
  PROTOCOL: x11
  
(15:22:57) INFO:    [Gog]:             Getting data about the user
(15:22:57) INFO:    [Gog]:             Refreshing access_token
(15:22:57) ERROR:   [Backend]:         Failed to register protocol with OS.
(15:22:57) ERROR:   [Gog]:             Error with refreshing token, reauth required
(15:22:57) INFO:    [Frontend]:        Refreshing Library
(15:22:57) INFO:    [Gog]:             Refreshing access_token
(15:22:57) ERROR:   [Gog]:             Error with refreshing token, reauth required
(15:22:57) INFO:    [Legendary]:       Refreshing library...
(15:22:57) INFO:    [Legendary]:       Refreshing Epic Games...
(15:22:57) INFO:    [Legendary]:       Refreshing Epic Games...
(15:22:58) INFO:    [Legendary]:       [cli] INFO: Logging in...
(15:22:58) INFO:    [Legendary]:       [Core] INFO: Logging in...
(15:22:59) INFO:    [Legendary]:       [cli] INFO: Getting game list... (this may take a while)
(15:22:59) INFO:    [Legendary]:       [Core] INFO: Fetching metadata for 1 app(s).
(15:23:00) INFO:    [Legendary]:       Updating game list
(15:23:00) INFO:    [Legendary]:       Game List Updated
(15:23:01) INFO:    [Legendary]:       Checking for game updates
(15:23:01) INFO:    [Legendary]:       Found 0 game(s) to update
(15:23:01) INFO:    [Gog]:             Found 0 game(s) to update
(15:23:02) INFO:    [Backend]:         checking for heroic updates
(15:23:02) INFO:    [Backend]:         skipping heroic updates
(15:23:14) INFO:    [Legendary]:       Getting More details with Legendary info command... 
(15:23:17) INFO:    [Legendary]:       Getting Info from Epic API
(15:24:19) INFO:    [Legendary]:       Installing dc07b9ead8214591b8df6d2546d2a0e3 with: legendary install dc07b9ead8214591b8df6d2546d2a0e3 --platform Windows --base-path '/media/pelissd/Heroic/' --skip-dlcs --skip-sdl  -y |& tee "/home/tommi/.var/app/com.heroicgameslauncher.hgl/config/heroic/GamesConfig/dc07b9ead8214591b8df6d2546d2a0e3.log"
(15:24:20) INFO:    [Backend]:         Progress: dc07b9ead8214591b8df6d2546d2a0e3 /MiB/undefined
(15:24:20) INFO:    [Backend]:         finished installing
(15:24:21) INFO:    [Frontend]:        Refreshing Library
(15:24:21) INFO:    [Gog]:             Refreshing access_token
(15:24:21) ERROR:   [Gog]:             Error with refreshing token, reauth required
(15:24:21) INFO:    [Legendary]:       Refreshing library...
(15:24:21) INFO:    [Legendary]:       Updating game list
(15:24:21) INFO:    [Legendary]:       Game List Updated
(15:24:40) INFO:    [Legendary]:       Getting More details with Legendary info command... 
(15:24:43) INFO:    [Legendary]:       Installing dc07b9ead8214591b8df6d2546d2a0e3 with: legendary install dc07b9ead8214591b8df6d2546d2a0e3 --platform Windows --base-path '/home/tommi/Games/Heroic' --skip-dlcs --skip-sdl  -y |& tee "/home/tommi/.var/app/com.heroicgameslauncher.hgl/config/heroic/GamesConfig/dc07b9ead8214591b8df6d2546d2a0e3.log"
(15:24:44) INFO:    [Backend]:         Progress: dc07b9ead8214591b8df6d2546d2a0e3 /MiB/undefined
(15:24:46) INFO:    [Backend]:         Progress: dc07b9ead8214591b8df6d2546d2a0e3 1.19%/70.73
MiB/00:01:23

(15:24:47) INFO:    [Backend]:         Progress: dc07b9ead8214591b8df6d2546d2a0e3 1.77%/93.59
MiB/00:01:51

(15:24:49) INFO:    [Backend]:         Progress: dc07b9ead8214591b8df6d2546d2a0e3 2.46%/139.02
MiB/00:02:38

(15:24:50) INFO:    [Backend]:         Progress: dc07b9ead8214591b8df6d2546d2a0e3 2.63%/162.45
MiB/00:03:05

(15:24:52) INFO:    [Backend]:         Progress: dc07b9ead8214591b8df6d2546d2a0e3 2.97%/211.89
MiB/00:03:49

(15:24:53) INFO:    [Backend]:         Progress: dc07b9ead8214591b8df6d2546d2a0e3 3.16%/236.52
MiB/00:04:05

(15:24:55) INFO:    [Backend]:         Progress: dc07b9ead8214591b8df6d2546d2a0e3 3.40%/285.28
MiB/00:04:44

(15:24:56) INFO:    [Backend]:         Progress: dc07b9ead8214591b8df6d2546d2a0e3 3.58%/311.30
MiB/00:04:56

(15:24:58) INFO:    [Backend]:         Progress: dc07b9ead8214591b8df6d2546d2a0e3 3.76%/358.43
MiB/00:05:32

(15:24:59) INFO:    [Backend]:         Progress: dc07b9ead8214591b8df6d2546d2a0e3 3.82%/383.99
MiB/00:05:52

(15:25:01) INFO:    [Backend]:         Progress: dc07b9ead8214591b8df6d2546d2a0e3 4.29%/434.44
MiB/00:05:57

(15:25:02) INFO:    [Backend]:         Progress: dc07b9ead8214591b8df6d2546d2a0e3 4.52%/458.88
MiB/00:05:59

(15:25:04) INFO:    [Backend]:         Progress: dc07b9ead8214591b8df6d2546d2a0e3 4.63%/509.45
MiB/00:06:31

(15:25:05) INFO:    [Backend]:         Progress: dc07b9ead8214591b8df6d2546d2a0e3 4.78%/534.27
MiB/00:06:39

(15:25:07) INFO:    [Backend]:         Progress: dc07b9ead8214591b8df6d2546d2a0e3 5.28%/583.03
MiB/00:06:35

(15:25:08) INFO:    [Backend]:         Progress: dc07b9ead8214591b8df6d2546d2a0e3 5.31%/604.18
MiB/00:06:51

(15:25:10) INFO:    [Backend]:         Progress: dc07b9ead8214591b8df6d2546d2a0e3 5.67%/655.77
MiB/00:06:56

(15:25:11) INFO:    [Backend]:         Progress: dc07b9ead8214591b8df6d2546d2a0e3 5.94%/681.95
MiB/00:06:52

(15:25:13) INFO:    [Backend]:         Progress: dc07b9ead8214591b8df6d2546d2a0e3 6.27%/729.17
MiB/00:06:58

(15:25:14) INFO:    [Backend]:         Progress: dc07b9ead8214591b8df6d2546d2a0e3 6.52%/752.79
MiB/00:06:56

(15:26:20) INFO:    [Backend]:         Progress: dc07b9ead8214591b8df6d2546d2a0e3 17.22%/2345.05
MiB/00:07:37

(15:26:23) INFO:    [Backend]:         Progress: dc07b9ead8214591b8df6d2546d2a0e3 17.22%/2417.47
MiB/00:07:51

(15:26:25) INFO:    [Backend]:         Progress: dc07b9ead8214591b8df6d2546d2a0e3 17.22%/2469.05
MiB/00:08:01

(15:26:26) INFO:    [Backend]:         Progress: dc07b9ead8214591b8df6d2546d2a0e3 18.13%/2491.56
MiB/00:07:36

(15:26:28) INFO:    [Backend]:         Progress: dc07b9ead8214591b8df6d2546d2a0e3 18.46%/2541.92
MiB/00:07:35

(15:26:29) INFO:    [Backend]:         Progress: dc07b9ead8214591b8df6d2546d2a0e3 18.65%/2566.21
MiB/00:07:34

(15:26:31) INFO:    [Backend]:         Progress: dc07b9ead8214591b8df6d2546d2a0e3 18.79%/2615.48
MiB/00:07:38

(15:26:32) INFO:    [Backend]:         Progress: dc07b9ead8214591b8df6d2546d2a0e3 18.79%/2640.51
MiB/00:07:42

(15:26:34) INFO:    [Backend]:         Progress: dc07b9ead8214591b8df6d2546d2a0e3 18.79%/2690.61
MiB/00:07:51

(15:26:35) INFO:    [Backend]:         Progress: dc07b9ead8214591b8df6d2546d2a0e3 18.79%/2714.01
MiB/00:07:55

(15:26:37) INFO:    [Backend]:         Progress: dc07b9ead8214591b8df6d2546d2a0e3 18.79%/2762.20
MiB/00:08:04

(15:26:38) INFO:    [Backend]:         Progress: dc07b9ead8214591b8df6d2546d2a0e3 19.84%/2788.10
MiB/00:07:37

(15:26:40) INFO:    [Backend]:         Progress: dc07b9ead8214591b8df6d2546d2a0e3 20.34%/2840.18
MiB/00:07:30

(15:26:41) INFO:    [Backend]:         Progress: dc07b9ead8214591b8df6d2546d2a0e3 20.47%/2860.07
MiB/00:07:31

(15:26:43) INFO:    [Backend]:         Progress: dc07b9ead8214591b8df6d2546d2a0e3 20.89%/2910.77
MiB/00:07:27

(15:26:44) INFO:    [Backend]:         Progress: dc07b9ead8214591b8df6d2546d2a0e3 21.13%/2937.40
MiB/00:07:24

(15:26:46) INFO:    [Backend]:         Progress: dc07b9ead8214591b8df6d2546d2a0e3 21.35%/2984.73
MiB/00:07:26

(15:26:47) INFO:    [Backend]:         Progress: dc07b9ead8214591b8df6d2546d2a0e3 21.52%/3008.64
MiB/00:07:25

(15:26:49) INFO:    [Backend]:         Progress: dc07b9ead8214591b8df6d2546d2a0e3 21.90%/3059.80
MiB/00:07:22

(15:26:50) INFO:    [Backend]:         Progress: dc07b9ead8214591b8df6d2546d2a0e3 22.18%/3082.37
MiB/00:07:19

(15:26:52) INFO:    [Backend]:         Progress: dc07b9ead8214591b8df6d2546d2a0e3 22.29%/3130.35
MiB/00:07:23

(15:26:53) INFO:    [Backend]:         Progress: dc07b9ead8214591b8df6d2546d2a0e3 22.51%/3156.59
MiB/00:07:21

(15:26:55) INFO:    [Backend]:         Progress: dc07b9ead8214591b8df6d2546d2a0e3 22.94%/3204.67
MiB/00:07:17

(15:26:56) INFO:    [Backend]:         Progress: dc07b9ead8214591b8df6d2546d2a0e3 23.05%/3227.98
MiB/00:07:17

(15:26:58) INFO:    [Backend]:         Progress: dc07b9ead8214591b8df6d2546d2a0e3 23.37%/3277.69
MiB/00:07:16

(15:26:59) INFO:    [Backend]:         Progress: dc07b9ead8214591b8df6d2546d2a0e3 23.55%/3303.23
MiB/00:07:15

(15:27:01) INFO:    [Backend]:         Progress: dc07b9ead8214591b8df6d2546d2a0e3 23.95%/3354.91
MiB/00:07:12

(15:27:02) INFO:    [Backend]:         Progress: dc07b9ead8214591b8df6d2546d2a0e3 24.14%/3377.02
MiB/00:07:10

(15:27:04) INFO:    [Backend]:         Progress: dc07b9ead8214591b8df6d2546d2a0e3 24.32%/3429.64
MiB/00:07:13

(15:27:05) INFO:    [Backend]:         Progress: dc07b9ead8214591b8df6d2546d2a0e3 24.32%/3451.51
MiB/00:07:16

(15:27:07) INFO:    [Backend]:         Progress: dc07b9ead8214591b8df6d2546d2a0e3 24.32%/3503.52
MiB/00:07:22

(15:27:08) INFO:    [Backend]:         Progress: dc07b9ead8214591b8df6d2546d2a0e3 25.07%/3525.61
MiB/00:07:07

(15:27:10) INFO:    [Backend]:         Progress: dc07b9ead8214591b8df6d2546d2a0e3 25.48%/3575.14
MiB/00:07:04

(15:27:11) INFO:    [Backend]:         Progress: dc07b9ead8214591b8df6d2546d2a0e3 25.63%/3597.56
MiB/00:07:04

(15:27:13) INFO:    [Backend]:         Progress: dc07b9ead8214591b8df6d2546d2a0e3 25.89%/3646.25
MiB/00:07:04

(15:27:14) INFO:    [Backend]:         Progress: dc07b9ead8214591b8df6d2546d2a0e3 26.00%/3671.58
MiB/00:07:04

(15:27:16) INFO:    [Backend]:         Progress: dc07b9ead8214591b8df6d2546d2a0e3 26.32%/3720.37
MiB/00:07:03

(15:27:17) INFO:    [Backend]:         Progress: dc07b9ead8214591b8df6d2546d2a0e3 26.37%/3746.70
MiB/00:07:04

(15:27:19) INFO:    [Backend]:         Progress: dc07b9ead8214591b8df6d2546d2a0e3 26.64%/3794.53
MiB/00:07:04

(15:27:20) INFO:    [Backend]:         Progress: dc07b9ead8214591b8df6d2546d2a0e3 26.95%/3818.93
MiB/00:07:00

(15:27:22) INFO:    [Backend]:         Progress: dc07b9ead8214591b8df6d2546d2a0e3 26.95%/3868.97
MiB/00:07:06

(15:27:23) INFO:    [Backend]:         Progress: dc07b9ead8214591b8df6d2546d2a0e3 27.34%/3893.21
MiB/00:07:00

(15:27:25) INFO:    [Backend]:         Progress: dc07b9ead8214591b8df6d2546d2a0e3 27.81%/3942.73
MiB/00:06:55

(15:27:26) INFO:    [Backend]:         Progress: dc07b9ead8214591b8df6d2546d2a0e3 27.94%/3967.47
MiB/00:06:55

(15:27:28) INFO:    [Backend]:         Progress: dc07b9ead8214591b8df6d2546d2a0e3 28.08%/4018.60
MiB/00:06:57

(15:27:29) INFO:    [Backend]:         Progress: dc07b9ead8214591b8df6d2546d2a0e3 28.44%/4042.49
MiB/00:06:53

(15:27:31) INFO:    [Backend]:         Progress: dc07b9ead8214591b8df6d2546d2a0e3 28.78%/4091.47
MiB/00:06:51

(15:27:32) INFO:    [Backend]:         Progress: dc07b9ead8214591b8df6d2546d2a0e3 29.05%/4113.25
MiB/00:06:48

(15:27:34) INFO:    [Backend]:         Progress: dc07b9ead8214591b8df6d2546d2a0e3 29.21%/4161.98
MiB/00:06:50

(15:27:35) INFO:    [Backend]:         Progress: dc07b9ead8214591b8df6d2546d2a0e3 29.38%/4188.42
MiB/00:06:49

(15:27:37) INFO:    [Backend]:         Progress: dc07b9ead8214591b8df6d2546d2a0e3 29.57%/4238.14
MiB/00:06:50

(15:27:38) INFO:    [Backend]:         Progress: dc07b9ead8214591b8df6d2546d2a0e3 29.60%/4262.40
MiB/00:06:51

(15:27:40) INFO:    [Backend]:         Progress: dc07b9ead8214591b8df6d2546d2a0e3 30.23%/4311.90
MiB/00:06:44

(15:27:41) INFO:    [Backend]:         Progress: dc07b9ead8214591b8df6d2546d2a0e3 30.37%/4336.71
MiB/00:06:43

(15:27:43) INFO:    [Backend]:         Progress: dc07b9ead8214591b8df6d2546d2a0e3 30.72%/4386.47
MiB/00:06:41

(15:27:44) INFO:    [Backend]:         Progress: dc07b9ead8214591b8df6d2546d2a0e3 30.94%/4410.15
MiB/00:06:39

(15:27:46) INFO:    [Backend]:         Progress: dc07b9ead8214591b8df6d2546d2a0e3 31.36%/4457.55
MiB/00:06:36

(15:27:47) INFO:    [Backend]:         Progress: dc07b9ead8214591b8df6d2546d2a0e3 31.42%/4483.58
MiB/00:06:37

(15:27:49) INFO:    [Backend]:         Progress: dc07b9ead8214591b8df6d2546d2a0e3 31.83%/4535.05
MiB/00:06:34

(15:27:50) INFO:    [Backend]:         Progress: dc07b9ead8214591b8df6d2546d2a0e3 31.98%/4557.75
MiB/00:06:33

(15:27:52) INFO:    [Backend]:         Progress: dc07b9ead8214591b8df6d2546d2a0e3 32.23%/4605.49
MiB/00:06:33

(15:27:53) INFO:    [Backend]:         Progress: dc07b9ead8214591b8df6d2546d2a0e3 32.34%/4629.23
MiB/00:06:33

(15:27:55) INFO:    [Backend]:         Progress: dc07b9ead8214591b8df6d2546d2a0e3 32.69%/4682.08
MiB/00:06:31

(15:27:56) INFO:    [Backend]:         Progress: dc07b9ead8214591b8df6d2546d2a0e3 32.71%/4705.72
MiB/00:06:33

(15:27:58) INFO:    [Backend]:         Progress: dc07b9ead8214591b8df6d2546d2a0e3 33.13%/4753.69
MiB/00:06:30

(15:27:59) INFO:    [Backend]:         Progress: dc07b9ead8214591b8df6d2546d2a0e3 33.34%/4778.38
MiB/00:06:28

(15:28:01) INFO:    [Backend]:         Progress: dc07b9ead8214591b8df6d2546d2a0e3 33.34%/4829.91
MiB/00:06:30

(15:28:02) INFO:    [Backend]:         Progress: dc07b9ead8214591b8df6d2546d2a0e3 33.78%/4852.93
MiB/00:06:26

(15:28:04) INFO:    [Backend]:         Progress: dc07b9ead8214591b8df6d2546d2a0e3 33.87%/4901.55
MiB/00:06:27

(15:28:05) INFO:    [Backend]:         Progress: dc07b9ead8214591b8df6d2546d2a0e3 34.24%/4925.84
MiB/00:06:24

(15:28:07) INFO:    [Backend]:         Progress: dc07b9ead8214591b8df6d2546d2a0e3 34.36%/4975.02
MiB/00:06:24

(15:28:08) INFO:    [Backend]:         Progress: dc07b9ead8214591b8df6d2546d2a0e3 34.60%/5000.35
MiB/00:06:24

(15:28:10) INFO:    [Backend]:         Progress: dc07b9ead8214591b8df6d2546d2a0e3 34.86%/5024.58
MiB/00:06:21

(15:28:11) INFO:    [Backend]:         Progress: dc07b9ead8214591b8df6d2546d2a0e3 35.17%/5072.60
MiB/00:06:20

(15:28:13) INFO:    [Backend]:         Progress: dc07b9ead8214591b8df6d2546d2a0e3 35.25%/5121.84
MiB/00:06:20

(15:28:14) INFO:    [Backend]:         Progress: dc07b9ead8214591b8df6d2546d2a0e3 35.27%/5147.82
MiB/00:06:23

(15:28:16) INFO:    [Backend]:         Progress: dc07b9ead8214591b8df6d2546d2a0e3 35.27%/5173.16
MiB/00:06:25

(15:28:17) INFO:    [Backend]:         Progress: dc07b9ead8214591b8df6d2546d2a0e3 36.33%/5220.32
MiB/00:06:12

(15:28:19) INFO:    [Backend]:         Progress: dc07b9ead8214591b8df6d2546d2a0e3 36.48%/5245.73
MiB/00:06:11

(15:28:20) INFO:    [Backend]:         Progress: dc07b9ead8214591b8df6d2546d2a0e3 36.74%/5293.81
MiB/00:06:10

(15:28:22) INFO:    [Backend]:         Progress: dc07b9ead8214591b8df6d2546d2a0e3 36.89%/5318.30
MiB/00:06:09

(15:28:23) INFO:    [Backend]:         Progress: dc07b9ead8214591b8df6d2546d2a0e3 37.11%/5367.10
MiB/00:06:09

(15:28:25) INFO:    [Backend]:         Progress: dc07b9ead8214591b8df6d2546d2a0e3 37.22%/5394.40
MiB/00:06:09

(15:28:26) INFO:    [Backend]:         Progress: dc07b9ead8214591b8df6d2546d2a0e3 37.60%/5441.22
MiB/00:06:07

(15:28:28) INFO:    [Backend]:         Progress: dc07b9ead8214591b8df6d2546d2a0e3 37.78%/5490.47
MiB/00:06:06

(15:28:29) INFO:    [Backend]:         Progress: dc07b9ead8214591b8df6d2546d2a0e3 38.17%/5513.92
MiB/00:06:03

(15:28:31) INFO:    [Backend]:         Progress: dc07b9ead8214591b8df6d2546d2a0e3 38.27%/5543.20
MiB/00:06:03

(15:28:32) INFO:    [Backend]:         Progress: dc07b9ead8214591b8df6d2546d2a0e3 38.63%/5590.02
MiB/00:06:01

(15:28:34) INFO:    [Backend]:         Progress: dc07b9ead8214591b8df6d2546d2a0e3 38.65%/5639.46
MiB/00:06:02

(15:28:35) INFO:    [Backend]:         Progress: dc07b9ead8214591b8df6d2546d2a0e3 39.12%/5663.66
MiB/00:05:58

(15:28:37) INFO:    [Backend]:         Progress: dc07b9ead8214591b8df6d2546d2a0e3 39.19%/5689.26
MiB/00:05:58

(15:28:38) INFO:    [Backend]:         Progress: dc07b9ead8214591b8df6d2546d2a0e3 39.32%/5737.76
MiB/00:05:59

(15:28:40) INFO:    [Backend]:         Progress: dc07b9ead8214591b8df6d2546d2a0e3 39.45%/5764.19
MiB/00:05:59

(15:28:41) INFO:    [Backend]:         Progress: dc07b9ead8214591b8df6d2546d2a0e3 40.09%/5811.69
MiB/00:05:53

(15:28:43) INFO:    [Backend]:         Progress: dc07b9ead8214591b8df6d2546d2a0e3 40.39%/5838.58
MiB/00:05:50

(15:28:44) INFO:    [Backend]:         Progress: dc07b9ead8214591b8df6d2546d2a0e3 40.58%/5885.08
MiB/00:05:50

(15:28:46) INFO:    [Backend]:         Progress: dc07b9ead8214591b8df6d2546d2a0e3 40.86%/5909.12
MiB/00:05:47

(15:28:47) INFO:    [Backend]:         Progress: dc07b9ead8214591b8df6d2546d2a0e3 41.18%/5956.91
MiB/00:05:46

(15:28:49) INFO:    [Backend]:         Progress: dc07b9ead8214591b8df6d2546d2a0e3 41.36%/5983.61
MiB/00:05:44

(15:28:50) INFO:    [Backend]:         Progress: dc07b9ead8214591b8df6d2546d2a0e3 41.71%/6032.93
MiB/00:05:42

(15:28:52) INFO:    [Backend]:         Progress: dc07b9ead8214591b8df6d2546d2a0e3 41.82%/6056.98
MiB/00:05:42

(15:28:53) INFO:    [Backend]:         Progress: dc07b9ead8214591b8df6d2546d2a0e3 41.82%/6105.61
MiB/00:05:45

(15:28:55) INFO:    [Backend]:         Progress: dc07b9ead8214591b8df6d2546d2a0e3 41.93%/6130.83
MiB/00:05:45

(15:28:56) INFO:    [Backend]:         Progress: dc07b9ead8214591b8df6d2546d2a0e3 41.93%/6180.86
MiB/00:05:48

(15:28:58) INFO:    [Backend]:         Progress: dc07b9ead8214591b8df6d2546d2a0e3 41.93%/6204.54
MiB/00:05:49

(15:28:59) INFO:    [Backend]:         Progress: dc07b9ead8214591b8df6d2546d2a0e3 42.41%/6254.90
MiB/00:05:45

(15:29:01) INFO:    [Backend]:         Progress: dc07b9ead8214591b8df6d2546d2a0e3 43.23%/6277.15
MiB/00:05:35

(15:29:02) INFO:    [Backend]:         Progress: dc07b9ead8214591b8df6d2546d2a0e3 43.59%/6326.94
MiB/00:05:33

(15:29:04) INFO:    [Backend]:         Progress: dc07b9ead8214591b8df6d2546d2a0e3 43.75%/6349.60
MiB/00:05:32

(15:29:05) INFO:    [Backend]:         Progress: dc07b9ead8214591b8df6d2546d2a0e3 43.95%/6398.67
MiB/00:05:32

(15:29:07) INFO:    [Backend]:         Progress: dc07b9ead8214591b8df6d2546d2a0e3 44.35%/6427.50
MiB/00:05:27

(15:29:08) INFO:    [Backend]:         Progress: dc07b9ead8214591b8df6d2546d2a0e3 44.53%/6473.31
MiB/00:05:28

(15:29:10) INFO:    [Backend]:         Progress: dc07b9ead8214591b8df6d2546d2a0e3 44.73%/6499.78
MiB/00:05:26

(15:29:11) INFO:    [Backend]:         Progress: dc07b9ead8214591b8df6d2546d2a0e3 44.89%/6549.10
MiB/00:05:26

(15:29:13) INFO:    [Backend]:         Progress: dc07b9ead8214591b8df6d2546d2a0e3 45.15%/6573.33
MiB/00:05:24

(15:29:14) INFO:    [Backend]:         Progress: dc07b9ead8214591b8df6d2546d2a0e3 45.40%/6623.52
MiB/00:05:23

(15:29:16) INFO:    [Backend]:         Progress: dc07b9ead8214591b8df6d2546d2a0e3 45.68%/6647.64
MiB/00:05:21

(15:29:17) INFO:    [Backend]:         Progress: dc07b9ead8214591b8df6d2546d2a0e3 46.10%/6697.74
MiB/00:05:18

(15:29:19) INFO:    [Backend]:         Progress: dc07b9ead8214591b8df6d2546d2a0e3 46.25%/6721.46
MiB/00:05:17

(15:29:20) INFO:    [Backend]:         Progress: dc07b9ead8214591b8df6d2546d2a0e3 46.60%/6770.55
MiB/00:05:15

(15:29:22) INFO:    [Backend]:         Progress: dc07b9ead8214591b8df6d2546d2a0e3 46.69%/6794.61
MiB/00:05:15

(15:29:23) INFO:    [Backend]:         Progress: dc07b9ead8214591b8df6d2546d2a0e3 47.07%/6843.85
MiB/00:05:12

(15:29:25) INFO:    [Backend]:         Progress: dc07b9ead8214591b8df6d2546d2a0e3 47.09%/6867.27
MiB/00:05:13

(15:29:26) INFO:    [Backend]:         Progress: dc07b9ead8214591b8df6d2546d2a0e3 47.46%/6916.44
MiB/00:05:11

(15:29:28) INFO:    [Backend]:         Progress: dc07b9ead8214591b8df6d2546d2a0e3 47.62%/6941.25
MiB/00:05:10

(15:29:29) INFO:    [Backend]:         Progress: dc07b9ead8214591b8df6d2546d2a0e3 47.91%/6992.28
MiB/00:05:09

(15:29:31) INFO:    [Backend]:         Progress: dc07b9ead8214591b8df6d2546d2a0e3 48.18%/7014.81
MiB/00:05:06

(15:29:32) INFO:    [Backend]:         Progress: dc07b9ead8214591b8df6d2546d2a0e3 48.59%/7062.38
MiB/00:05:04

(15:29:34) INFO:    [Backend]:         Progress: dc07b9ead8214591b8df6d2546d2a0e3 48.76%/7089.55
MiB/00:05:03

(15:29:35) INFO:    [Backend]:         Progress: dc07b9ead8214591b8df6d2546d2a0e3 48.99%/7139.81
MiB/00:05:02

(15:29:37) INFO:    [Backend]:         Progress: dc07b9ead8214591b8df6d2546d2a0e3 48.99%/7162.29
MiB/00:05:03

(15:29:38) INFO:    [Backend]:         Progress: dc07b9ead8214591b8df6d2546d2a0e3 48.99%/7208.99
MiB/00:05:05

(15:29:40) INFO:    [Backend]:         Progress: dc07b9ead8214591b8df6d2546d2a0e3 49.56%/7235.39
MiB/00:04:59

(15:29:41) INFO:    [Backend]:         Progress: dc07b9ead8214591b8df6d2546d2a0e3 49.88%/7283.76
MiB/00:04:57

(15:29:43) INFO:    [Backend]:         Progress: dc07b9ead8214591b8df6d2546d2a0e3 50.02%/7310.01
MiB/00:04:57

(15:29:44) INFO:    [Backend]:         Progress: dc07b9ead8214591b8df6d2546d2a0e3 50.02%/7358.33
MiB/00:04:59

(15:29:46) INFO:    [Backend]:         Progress: dc07b9ead8214591b8df6d2546d2a0e3 50.55%/7384.12
MiB/00:04:53

(15:29:47) INFO:    [Backend]:         Progress: dc07b9ead8214591b8df6d2546d2a0e3 50.64%/7432.91
MiB/00:04:54

(15:29:49) INFO:    [Backend]:         Progress: dc07b9ead8214591b8df6d2546d2a0e3 50.95%/7460.15
MiB/00:04:52

(15:29:50) INFO:    [Backend]:         Progress: dc07b9ead8214591b8df6d2546d2a0e3 51.28%/7509.91
MiB/00:04:50

(15:29:52) INFO:    [Backend]:         Progress: dc07b9ead8214591b8df6d2546d2a0e3 51.38%/7532.18
MiB/00:04:49

(15:29:53) INFO:    [Backend]:         Progress: dc07b9ead8214591b8df6d2546d2a0e3 51.76%/7581.41
MiB/00:04:47

(15:29:55) INFO:    [Backend]:         Progress: dc07b9ead8214591b8df6d2546d2a0e3 51.87%/7604.46
MiB/00:04:47

(15:29:56) INFO:    [Backend]:         Progress: dc07b9ead8214591b8df6d2546d2a0e3 52.19%/7654.94
MiB/00:04:45

(15:29:58) INFO:    [Backend]:         Progress: dc07b9ead8214591b8df6d2546d2a0e3 52.36%/7680.62
MiB/00:04:44

(15:30:00) INFO:    [Backend]:         Progress: dc07b9ead8214591b8df6d2546d2a0e3 52.64%/7729.00
MiB/00:04:42

(15:30:02) INFO:    [Backend]:         Progress: dc07b9ead8214591b8df6d2546d2a0e3 52.95%/7778.37
MiB/00:04:41

(15:30:03) INFO:    [Backend]:         Progress: dc07b9ead8214591b8df6d2546d2a0e3 53.19%/7802.55
MiB/00:04:39

(15:30:05) INFO:    [Backend]:         Progress: dc07b9ead8214591b8df6d2546d2a0e3 53.19%/7852.01
MiB/00:04:41

(15:30:06) INFO:    [Backend]:         Progress: dc07b9ead8214591b8df6d2546d2a0e3 53.84%/7874.59
MiB/00:04:34

(15:30:08) INFO:    [Backend]:         Progress: dc07b9ead8214591b8df6d2546d2a0e3 53.98%/7924.90
MiB/00:04:34

(15:30:09) INFO:    [Backend]:         Progress: dc07b9ead8214591b8df6d2546d2a0e3 54.46%/7952.38
MiB/00:04:30

(15:30:11) INFO:    [Backend]:         Progress: dc07b9ead8214591b8df6d2546d2a0e3 55.10%/7998.79
MiB/00:04:25

(15:30:12) INFO:    [Backend]:         Progress: dc07b9ead8214591b8df6d2546d2a0e3 55.24%/8020.42
MiB/00:04:24

(15:30:14) INFO:    [Backend]:         Progress: dc07b9ead8214591b8df6d2546d2a0e3 55.50%/8072.73
MiB/00:04:23

(15:30:15) INFO:    [Backend]:         Progress: dc07b9ead8214591b8df6d2546d2a0e3 55.50%/8097.75
MiB/00:04:24

(15:30:17) INFO:    [Backend]:         Progress: dc07b9ead8214591b8df6d2546d2a0e3 56.02%/8147.04
MiB/00:04:20

(15:30:18) INFO:    [Backend]:         Progress: dc07b9ead8214591b8df6d2546d2a0e3 56.11%/8170.70
MiB/00:04:19

(15:30:20) INFO:    [Backend]:         Progress: dc07b9ead8214591b8df6d2546d2a0e3 56.46%/8221.61
MiB/00:04:17

(15:30:21) INFO:    [Backend]:         Progress: dc07b9ead8214591b8df6d2546d2a0e3 56.57%/8245.28
MiB/00:04:17

(15:30:23) INFO:    [Backend]:         Progress: dc07b9ead8214591b8df6d2546d2a0e3 56.67%/8292.40
MiB/00:04:17

(15:30:24) INFO:    [Backend]:         Progress: dc07b9ead8214591b8df6d2546d2a0e3 56.67%/8315.15
MiB/00:04:18

(15:30:26) INFO:    [Backend]:         Progress: dc07b9ead8214591b8df6d2546d2a0e3 57.25%/8369.52
MiB/00:04:14

(15:30:27) INFO:    [Backend]:         Progress: dc07b9ead8214591b8df6d2546d2a0e3 57.25%/8392.19
MiB/00:04:14

(15:30:29) INFO:    [Backend]:         Progress: dc07b9ead8214591b8df6d2546d2a0e3 57.77%/8440.42
MiB/00:04:11

(15:30:30) INFO:    [Backend]:         Progress: dc07b9ead8214591b8df6d2546d2a0e3 57.80%/8464.76
MiB/00:04:11

(15:30:32) INFO:    [Backend]:         Progress: dc07b9ead8214591b8df6d2546d2a0e3 57.80%/8514.87
MiB/00:04:12

(15:30:33) INFO:    [Backend]:         Progress: dc07b9ead8214591b8df6d2546d2a0e3 57.80%/8539.76
MiB/00:04:13

(15:30:35) INFO:    [Backend]:         Progress: dc07b9ead8214591b8df6d2546d2a0e3 58.57%/8590.25
MiB/00:04:07

(15:30:36) INFO:    [Backend]:         Progress: dc07b9ead8214591b8df6d2546d2a0e3 59.29%/8614.93
MiB/00:04:00

(15:30:38) INFO:    [Backend]:         Progress: dc07b9ead8214591b8df6d2546d2a0e3 59.72%/8662.90
MiB/00:03:57

(15:30:39) INFO:    [Backend]:         Progress: dc07b9ead8214591b8df6d2546d2a0e3 59.82%/8686.69
MiB/00:03:57

(15:30:41) INFO:    [Backend]:         Progress: dc07b9ead8214591b8df6d2546d2a0e3 60.17%/8735.08
MiB/00:03:55

(15:30:42) INFO:    [Backend]:         Progress: dc07b9ead8214591b8df6d2546d2a0e3 60.33%/8758.91
MiB/00:03:54

(15:30:44) INFO:    [Backend]:         Progress: dc07b9ead8214591b8df6d2546d2a0e3 60.62%/8809.58
MiB/00:03:52

(15:30:45) INFO:    [Backend]:         Progress: dc07b9ead8214591b8df6d2546d2a0e3 60.70%/8834.41
MiB/00:03:52

(15:30:47) INFO:    [Backend]:         Progress: dc07b9ead8214591b8df6d2546d2a0e3 61.05%/8881.24
MiB/00:03:50

(15:30:48) INFO:    [Backend]:         Progress: dc07b9ead8214591b8df6d2546d2a0e3 61.20%/8908.09
MiB/00:03:49

(15:30:50) INFO:    [Backend]:         Progress: dc07b9ead8214591b8df6d2546d2a0e3 61.46%/8954.87
MiB/00:03:48

(15:30:51) INFO:    [Backend]:         Progress: dc07b9ead8214591b8df6d2546d2a0e3 61.57%/8980.86
MiB/00:03:48

(15:30:53) INFO:    [Backend]:         Progress: dc07b9ead8214591b8df6d2546d2a0e3 61.65%/9029.82
MiB/00:03:48

(15:30:54) INFO:    [Backend]:         Progress: dc07b9ead8214591b8df6d2546d2a0e3 61.65%/9053.79
MiB/00:03:49

(15:30:56) INFO:    [Backend]:         Progress: dc07b9ead8214591b8df6d2546d2a0e3 62.27%/9102.75
MiB/00:03:44

(15:30:57) INFO:    [Backend]:         Progress: dc07b9ead8214591b8df6d2546d2a0e3 62.54%/9131.71
MiB/00:03:42

(15:30:59) INFO:    [Backend]:         Progress: dc07b9ead8214591b8df6d2546d2a0e3 62.60%/9179.69
MiB/00:03:43

(15:31:00) INFO:    [Backend]:         Progress: dc07b9ead8214591b8df6d2546d2a0e3 62.89%/9202.68
MiB/00:03:40

(15:31:02) INFO:    [Backend]:         Progress: dc07b9ead8214591b8df6d2546d2a0e3 63.24%/9251.64
MiB/00:03:38

(15:31:03) INFO:    [Backend]:         Progress: dc07b9ead8214591b8df6d2546d2a0e3 63.41%/9275.61
MiB/00:03:37

(15:31:05) INFO:    [Backend]:         Progress: dc07b9ead8214591b8df6d2546d2a0e3 63.74%/9324.54
MiB/00:03:35

(15:31:06) INFO:    [Backend]:         Progress: dc07b9ead8214591b8df6d2546d2a0e3 63.81%/9350.53
MiB/00:03:35

(15:31:08) INFO:    [Backend]:         Progress: dc07b9ead8214591b8df6d2546d2a0e3 64.17%/9400.43
MiB/00:03:33

(15:31:09) INFO:    [Backend]:         Progress: dc07b9ead8214591b8df6d2546d2a0e3 64.34%/9422.38
MiB/00:03:32

(15:31:11) INFO:    [Backend]:         Progress: dc07b9ead8214591b8df6d2546d2a0e3 64.58%/9471.30
MiB/00:03:31

(15:31:12) INFO:    [Backend]:         Progress: dc07b9ead8214591b8df6d2546d2a0e3 64.82%/9499.28
MiB/00:03:29

(15:31:14) INFO:    [Backend]:         Progress: dc07b9ead8214591b8df6d2546d2a0e3 65.05%/9546.25
MiB/00:03:28

(15:31:15) INFO:    [Backend]:         Progress: dc07b9ead8214591b8df6d2546d2a0e3 65.06%/9572.12
MiB/00:03:29

(15:31:17) INFO:    [Backend]:         Progress: dc07b9ead8214591b8df6d2546d2a0e3 65.52%/9617.42
MiB/00:03:26

(15:31:18) INFO:    [Backend]:         Progress: dc07b9ead8214591b8df6d2546d2a0e3 65.67%/9646.09
MiB/00:03:25

(15:31:20) INFO:    [Backend]:         Progress: dc07b9ead8214591b8df6d2546d2a0e3 65.88%/9694.31
MiB/00:03:24

(15:31:21) INFO:    [Backend]:         Progress: dc07b9ead8214591b8df6d2546d2a0e3 66.01%/9718.47
MiB/00:03:23

(15:31:23) INFO:    [Backend]:         Progress: dc07b9ead8214591b8df6d2546d2a0e3 66.42%/9769.03
MiB/00:03:20

(15:31:24) INFO:    [Backend]:         Progress: dc07b9ead8214591b8df6d2546d2a0e3 66.55%/9793.18
MiB/00:03:20

(15:31:26) INFO:    [Backend]:         Progress: dc07b9ead8214591b8df6d2546d2a0e3 66.78%/9842.00
MiB/00:03:19

(15:31:27) INFO:    [Backend]:         Progress: dc07b9ead8214591b8df6d2546d2a0e3 67.00%/9865.13
MiB/00:03:17

(15:31:29) INFO:    [Backend]:         Progress: dc07b9ead8214591b8df6d2546d2a0e3 67.06%/9913.81
MiB/00:03:18

(15:31:30) INFO:    [Backend]:         Progress: dc07b9ead8214591b8df6d2546d2a0e3 67.06%/9937.09
MiB/00:03:18

(15:31:32) INFO:    [Backend]:         Progress: dc07b9ead8214591b8df6d2546d2a0e3 67.06%/9989.85
MiB/00:03:19

(15:31:33) INFO:    [Backend]:         Progress: dc07b9ead8214591b8df6d2546d2a0e3 67.06%/10013.84
MiB/00:03:20

(15:31:35) INFO:    [Backend]:         Progress: dc07b9ead8214591b8df6d2546d2a0e3 68.06%/10066.62
MiB/00:03:12

(15:31:36) INFO:    [Backend]:         Progress: dc07b9ead8214591b8df6d2546d2a0e3 68.74%/10090.47
MiB/00:03:06

(15:31:38) INFO:    [Backend]:         Progress: dc07b9ead8214591b8df6d2546d2a0e3 69.28%/10139.84
MiB/00:03:02

(15:31:39) INFO:    [Backend]:         Progress: dc07b9ead8214591b8df6d2546d2a0e3 69.50%/10165.42
MiB/00:03:01

(15:31:41) INFO:    [Backend]:         Progress: dc07b9ead8214591b8df6d2546d2a0e3 69.50%/10214.77
MiB/00:03:02

(15:31:42) INFO:    [Backend]:         Progress: dc07b9ead8214591b8df6d2546d2a0e3 70.39%/10237.19
MiB/00:02:55

(15:31:44) INFO:    [Backend]:         Progress: dc07b9ead8214591b8df6d2546d2a0e3 71.11%/10286.40
MiB/00:02:50

(15:31:45) INFO:    [Backend]:         Progress: dc07b9ead8214591b8df6d2546d2a0e3 71.55%/10310.52
MiB/00:02:46

(15:31:47) INFO:    [Backend]:         Progress: dc07b9ead8214591b8df6d2546d2a0e3 72.06%/10361.57
MiB/00:02:43

(15:31:48) INFO:    [Backend]:         Progress: dc07b9ead8214591b8df6d2546d2a0e3 72.33%/10383.84
MiB/00:02:41

(15:31:50) INFO:    [Backend]:         Progress: dc07b9ead8214591b8df6d2546d2a0e3 72.63%/10432.78
MiB/00:02:40

(15:31:51) INFO:    [Backend]:         Progress: dc07b9ead8214591b8df6d2546d2a0e3 72.75%/10455.69
MiB/00:02:39

(15:31:53) INFO:    [Backend]:         Progress: dc07b9ead8214591b8df6d2546d2a0e3 73.33%/10508.68
MiB/00:02:35

(15:31:54) INFO:    [Backend]:         Progress: dc07b9ead8214591b8df6d2546d2a0e3 73.58%/10534.38
MiB/00:02:33

(15:31:56) INFO:    [Backend]:         Progress: dc07b9ead8214591b8df6d2546d2a0e3 74.28%/10581.33
MiB/00:02:29

(15:31:57) INFO:    [Backend]:         Progress: dc07b9ead8214591b8df6d2546d2a0e3 74.69%/10607.77
MiB/00:02:26

(15:31:59) INFO:    [Backend]:         Progress: dc07b9ead8214591b8df6d2546d2a0e3 74.97%/10656.10
MiB/00:02:24

(15:32:00) INFO:    [Backend]:         Progress: dc07b9ead8214591b8df6d2546d2a0e3 75.14%/10680.02
MiB/00:02:23

(15:32:02) INFO:    [Backend]:         Progress: dc07b9ead8214591b8df6d2546d2a0e3 76.24%/10728.45
MiB/00:02:16

(15:32:03) INFO:    [Backend]:         Progress: dc07b9ead8214591b8df6d2546d2a0e3 76.60%/10753.64
MiB/00:02:13

(15:32:04) INFO:    [Backend]:         Progress: dc07b9ead8214591b8df6d2546d2a0e3 77.15%/10802.25
MiB/00:02:10

(15:32:05) INFO:    [Backend]:         Progress: dc07b9ead8214591b8df6d2546d2a0e3 77.61%/10829.11
MiB/00:02:07

(15:32:07) INFO:    [Backend]:         Progress: dc07b9ead8214591b8df6d2546d2a0e3 77.98%/10851.49
MiB/00:02:04

(15:32:08) INFO:    [Backend]:         Progress: dc07b9ead8214591b8df6d2546d2a0e3 78.57%/10900.57
MiB/00:02:00

(15:32:10) INFO:    [Backend]:         Progress: dc07b9ead8214591b8df6d2546d2a0e3 79.03%/10926.83
MiB/00:01:57

(15:32:11) INFO:    [Backend]:         Progress: dc07b9ead8214591b8df6d2546d2a0e3 79.39%/10974.56
MiB/00:01:55

(15:32:13) INFO:    [Backend]:         Progress: dc07b9ead8214591b8df6d2546d2a0e3 80.00%/11001.60
MiB/00:01:51

(15:32:14) INFO:    [Backend]:         Progress: dc07b9ead8214591b8df6d2546d2a0e3 80.46%/11049.38
MiB/00:01:49

(15:32:16) INFO:    [Backend]:         Progress: dc07b9ead8214591b8df6d2546d2a0e3 80.91%/11072.32
MiB/00:01:46

(15:32:17) INFO:    [Backend]:         Progress: dc07b9ead8214591b8df6d2546d2a0e3 80.91%/11123.11
MiB/00:01:46

(15:32:19) INFO:    [Backend]:         Progress: dc07b9ead8214591b8df6d2546d2a0e3 82.02%/11146.58
MiB/00:01:39

(15:32:20) INFO:    [Backend]:         Progress: dc07b9ead8214591b8df6d2546d2a0e3 82.11%/11197.08
MiB/00:01:39

(15:32:22) INFO:    [Backend]:         Progress: dc07b9ead8214591b8df6d2546d2a0e3 82.11%/11221.21
MiB/00:01:39

(15:32:23) INFO:    [Backend]:         Progress: dc07b9ead8214591b8df6d2546d2a0e3 83.09%/11269.42
MiB/00:01:33

(15:32:25) INFO:    [Backend]:         Progress: dc07b9ead8214591b8df6d2546d2a0e3 83.09%/11294.67
MiB/00:01:33

(15:32:26) INFO:    [Backend]:         Progress: dc07b9ead8214591b8df6d2546d2a0e3 84.46%/11345.09
MiB/00:01:24

(15:32:28) INFO:    [Backend]:         Progress: dc07b9ead8214591b8df6d2546d2a0e3 84.55%/11366.74
MiB/00:01:24

(15:32:29) INFO:    [Backend]:         Progress: dc07b9ead8214591b8df6d2546d2a0e3 84.90%/11414.72
MiB/00:01:22

(15:32:31) INFO:    [Backend]:         Progress: dc07b9ead8214591b8df6d2546d2a0e3 85.92%/11441.75
MiB/00:01:16

(15:32:32) INFO:    [Backend]:         Progress: dc07b9ead8214591b8df6d2546d2a0e3 86.56%/11489.80
MiB/00:01:12

(15:32:34) INFO:    [Backend]:         Progress: dc07b9ead8214591b8df6d2546d2a0e3 86.56%/11515.09
MiB/00:01:12

(15:32:35) INFO:    [Backend]:         Progress: dc07b9ead8214591b8df6d2546d2a0e3 87.58%/11564.34
MiB/00:01:06

(15:32:37) INFO:    [Backend]:         Progress: dc07b9ead8214591b8df6d2546d2a0e3 88.01%/11589.26
MiB/00:01:04

(15:32:38) INFO:    [Backend]:         Progress: dc07b9ead8214591b8df6d2546d2a0e3 88.52%/11637.85
MiB/00:01:01

(15:32:40) INFO:    [Backend]:         Progress: dc07b9ead8214591b8df6d2546d2a0e3 88.99%/11663.15
MiB/00:00:58

(15:32:41) INFO:    [Backend]:         Progress: dc07b9ead8214591b8df6d2546d2a0e3 89.34%/11709.42
MiB/00:00:56

(15:32:43) INFO:    [Backend]:         Progress: dc07b9ead8214591b8df6d2546d2a0e3 89.99%/11734.16
MiB/00:00:53

(15:32:44) INFO:    [Backend]:         Progress: dc07b9ead8214591b8df6d2546d2a0e3 90.28%/11783.22
MiB/00:00:51

(15:32:46) INFO:    [Backend]:         Progress: dc07b9ead8214591b8df6d2546d2a0e3 90.44%/11809.67
MiB/00:00:50

(15:32:47) INFO:    [Backend]:         Progress: dc07b9ead8214591b8df6d2546d2a0e3 91.47%/11861.18
MiB/00:00:45

(15:32:49) INFO:    [Backend]:         Progress: dc07b9ead8214591b8df6d2546d2a0e3 91.55%/11885.99
MiB/00:00:44

(15:32:50) INFO:    [Backend]:         Progress: dc07b9ead8214591b8df6d2546d2a0e3 91.55%/11927.32
MiB/00:00:44

(15:32:52) INFO:    [Backend]:         Progress: dc07b9ead8214591b8df6d2546d2a0e3 91.55%/11950.08
MiB/00:00:44

(15:32:53) INFO:    [Backend]:         Progress: dc07b9ead8214591b8df6d2546d2a0e3 93.46%/12004.09
MiB/00:00:34

(15:32:56) INFO:    [Backend]:         Progress: dc07b9ead8214591b8df6d2546d2a0e3 94.12%/12055.77
MiB/00:00:30

(15:32:57) INFO:    [Backend]:         Progress: dc07b9ead8214591b8df6d2546d2a0e3 94.26%/12079.24
MiB/00:00:29

(15:32:59) INFO:    [Backend]:         Progress: dc07b9ead8214591b8df6d2546d2a0e3 94.28%/12128.29
MiB/00:00:29

(15:33:00) INFO:    [Backend]:         Progress: dc07b9ead8214591b8df6d2546d2a0e3 95.18%/12154.07
MiB/00:00:25

(15:33:02) INFO:    [Backend]:         Progress: dc07b9ead8214591b8df6d2546d2a0e3 95.73%/12201.37
MiB/00:00:22

(15:33:03) INFO:    [Backend]:         Progress: dc07b9ead8214591b8df6d2546d2a0e3 95.77%/12225.56
MiB/00:00:21

(15:33:04) INFO:    [Backend]:         Progress: dc07b9ead8214591b8df6d2546d2a0e3 95.77%/12251.15
MiB/00:00:22

(15:33:05) INFO:    [Backend]:         Progress: dc07b9ead8214591b8df6d2546d2a0e3 96.52%/12300.07
MiB/00:00:18

(15:33:07) INFO:    [Backend]:         Progress: dc07b9ead8214591b8df6d2546d2a0e3 96.52%/12324.90
MiB/00:00:18

(15:33:08) INFO:    [Backend]:         Progress: dc07b9ead8214591b8df6d2546d2a0e3 97.72%/12376.38
MiB/00:00:11

(15:33:10) INFO:    [Backend]:         Progress: dc07b9ead8214591b8df6d2546d2a0e3 97.96%/12397.46
MiB/00:00:10

(15:33:11) INFO:    [Backend]:         Progress: dc07b9ead8214591b8df6d2546d2a0e3 98.46%/12448.12
MiB/00:00:07

(15:33:13) INFO:    [Backend]:         Progress: dc07b9ead8214591b8df6d2546d2a0e3 98.78%/12471.77
MiB/00:00:06

(15:33:14) INFO:    [Backend]:         Progress: dc07b9ead8214591b8df6d2546d2a0e3 99.56%/12523.01
MiB/00:00:02

(15:33:16) INFO:    [Backend]:         Progress: dc07b9ead8214591b8df6d2546d2a0e3 100.00%/12527.32
MiB/00:00:00

(15:33:16) INFO:    [Backend]:         finished installing
(15:33:17) INFO:    [Frontend]:        Refreshing Library
(15:33:17) INFO:    [Gog]:             Refreshing access_token
(15:33:17) ERROR:   [Gog]:             Error with refreshing token, reauth required
(15:33:17) INFO:    [Legendary]:       Refreshing library...
(15:33:17) INFO:    [Legendary]:       Updating game list
(15:33:17) INFO:    [Legendary]:       Game List Updated
(15:33:56) INFO:    [Backend]:         launching Aven Colony dc07b9ead8214591b8df6d2546d2a0e3
(15:33:58) INFO:    [Backend]:         creating new prefix /home/tommi/Games/Heroic/Prefixes/Aven-Colony
(15:33:59) ERROR:   [Backend]:         Error: Command failed: WINEPREFIX='/home/tommi/Games/Heroic/Prefixes/Aven-Colony' './wineboot' -i &&  './wineserver' --wait
/bin/sh: rivi 1: ./wineboot: Tiedostoa tai hakemistoa ei ole

(15:33:59) INFO:    [Legendary]:       Launch Command: /app/bin/heroic/resources/app.asar.unpacked/build/bin/linux/legendary launch dc07b9ead8214591b8df6d2546d2a0e3 --wine  --wine-prefix '/home/tommi/Games/Heroic/Prefixes/Aven-Colony'
(15:33:59) ERROR:   [Legendary]:       Error: Command failed: /app/bin/heroic/resources/app.asar.unpacked/build/bin/linux/legendary launch dc07b9ead8214591b8df6d2546d2a0e3 --wine  --wine-prefix '/home/tommi/Games/Heroic/Prefixes/Aven-Colony'
usage: legendary launch <App Name> [options]
legendary launch: error: argument --wine: expected one argument

(15:33:59) INFO:    [Backend]:         Log was written to /home/tommi/.var/app/com.heroicgameslauncher.hgl/config/heroic/GamesConfig/dc07b9ead8214591b8df6d2546d2a0e3-lastPlay.log
(15:34:10) WARNING: [Backend]:         Using Winecfg and Winetricks with Proton might not work as expected.
(15:34:10) INFO:    [Backend]:         trying to run WINE='/home/tommi/.steam/steam/steamapps/common/Proton - Experimental/files/bin/wine64' WINEPREFIX='/home/tommi/Games/Heroic/Prefixes/Aven-Colony/pfx' winetricks
(15:34:10) ERROR:   [Backend]:         Something went wrong! Check if winetricks is available and '/home/tommi/.steam/steam/steamapps/common/Proton - Experimental/files/bin/wine64' exists
(15:34:11) WARNING: [Backend]:         Using Winecfg and Winetricks with Proton might not work as expected.
(15:34:11) INFO:    [Backend]:         trying to run WINE='/home/tommi/.steam/steam/steamapps/common/Proton - Experimental/files/bin/wine64' WINEPREFIX='/home/tommi/Games/Heroic/Prefixes/Aven-Colony/pfx' winetricks
(15:34:11) ERROR:   [Backend]:         Something went wrong! Check if winetricks is available and '/home/tommi/.steam/steam/steamapps/common/Proton - Experimental/files/bin/wine64' exists
(15:34:12) WARNING: [Backend]:         Using Winecfg and Winetricks with Proton might not work as expected.
(15:34:12) INFO:    [Backend]:         trying to run WINE='/home/tommi/.steam/steam/steamapps/common/Proton - Experimental/files/bin/wine64' WINEPREFIX='/home/tommi/Games/Heroic/Prefixes/Aven-Colony/pfx' '/home/tommi/.steam/steam/steamapps/common/Proton - Experimental/files/bin/wine64' winecfg
(15:34:26) INFO:    [Backend]:         launching Aven Colony dc07b9ead8214591b8df6d2546d2a0e3
(15:34:27) WARNING: [Backend]:         You are using Proton, this can lead to some bugs,
          please do not open issues with bugs related with games Proton - Proton - Experimental
(15:34:27) INFO:    [Legendary]:       Launch Command: DXVK_HUD=fps STEAM_COMPAT_CLIENT_INSTALL_PATH=/home/tommi/.var/app/com.heroicgameslauncher.hgl/.steam/steam STEAM_COMPAT_DATA_PATH='/home/tommi/Games/Heroic/Prefixes/Aven-Colony' /app/bin/gamemoderun mangohud --dlsym /app/bin/heroic/resources/app.asar.unpacked/build/bin/linux/legendary launch dc07b9ead8214591b8df6d2546d2a0e3 --no-wine --wrapper "'/home/tommi/.steam/steam/steamapps/common/Proton - Experimental/proton' run"
(15:34:30) INFO:    [Backend]:         Log was written to /home/tommi/.var/app/com.heroicgameslauncher.hgl/config/heroic/GamesConfig/dc07b9ead8214591b8df6d2546d2a0e3-lastPlay.log
(15:35:22) WARNING: [DXVKInstaller]:   DXVK cannot be installed on a Proton or a invalid prefix!
(15:35:22) WARNING: [DXVKInstaller]:   DXVK cannot be installed on a Proton or a invalid prefix!
(15:35:27) INFO:    [Backend]:         launching Aven Colony dc07b9ead8214591b8df6d2546d2a0e3
(15:35:27) WARNING: [DXVKInstaller]:   DXVK cannot be installed on a Proton or a invalid prefix!
(15:35:27) INFO:    [Legendary]:       Launch Command: DXVK_HUD=fps /app/bin/gamemoderun mangohud --dlsym /app/bin/heroic/resources/app.asar.unpacked/build/bin/linux/legendary launch dc07b9ead8214591b8df6d2546d2a0e3 --wine '/home/tommi/.local/share/lutris/runners/wine/lutris-6.21-6-x86_64/bin/wine' --wine-prefix '/home/tommi/Games/Heroic/Prefixes/Aven-Colony'
(15:35:46) INFO:    [Backend]:         Log was written to /home/tommi/.var/app/com.heroicgameslauncher.hgl/config/heroic/GamesConfig/dc07b9ead8214591b8df6d2546d2a0e3-lastPlay.log
