00:00:00.000100 main     VirtualBox XPCOM Server 6.1.34 r150636 linux.amd64 (May 24 2022 21:45:59) release log
00:00:00.000101 main     Log opened 2022-05-27T13:53:49.071708000Z
00:00:00.000101 main     Build Type: release
00:00:00.000102 main     OS Product: Linux
00:00:00.000103 main     OS Release: 5.17.9-zen1-1-zen
00:00:00.000103 main     OS Version: #1 ZEN SMP PREEMPT Wed, 18 May 2022 17:58:27 +0000
00:00:00.000114 main     DMI Product Name: System Product Name
00:00:00.000117 main     DMI Product Version: System Version
00:00:00.000120 main     Firmware type: UEFI
00:00:00.000289 main     Secure Boot: Disabled
00:00:00.000306 main     Host RAM: 31999MB (31.2GB) total, 25806MB (25.2GB) available
00:00:00.000307 main     Executable: /usr/lib/virtualbox/VBoxSVC
00:00:00.000307 main     Process ID: 452044
00:00:00.000308 main     Package type: LINUX_64BITS_GENERIC (OSE)
00:00:00.001149 main     IPC socket path: /tmp/.vbox-tommi-ipc/ipcd
00:00:00.103843 nspr-2   VirtualBox: object creation starts
00:00:00.103890 nspr-2   Home directory: '/home/tommi/.config/VirtualBox'
00:00:00.104867 nspr-2   Successfully initialised host USB using sysfs
00:00:00.105219 nspr-2   HostDnsMonitor: initializing
00:00:00.105312 nspr-2   NAT: resolv.conf: nameserver 162.252.172.57
00:00:00.105320 nspr-2   NAT: resolv.conf: nameserver 149.154.159.92
00:00:00.105322 nspr-2   NAT: resolv.conf: nameserver 192.168.1.1
00:00:00.105326 nspr-2   HostDnsMonitor: updating information
00:00:00.105333 nspr-2   HostDnsMonitor: old information
00:00:00.105335 nspr-2     no server entries
00:00:00.105336 nspr-2     no domain set
00:00:00.105337 nspr-2     no search string entries
00:00:00.105339 nspr-2   HostDnsMonitor: new information
00:00:00.105340 nspr-2     server 1: 162.252.172.57
00:00:00.105342 nspr-2     server 2: 149.154.159.92
00:00:00.105343 nspr-2     server 3: 192.168.1.1
00:00:00.105344 nspr-2     domain: lan
00:00:00.105345 nspr-2     search string 1: lan
00:00:00.110384 nspr-2   VD: VDInit finished with VINF_SUCCESS
00:00:00.110905 nspr-2   OCI: Local config file '/home/tommi/.config/VirtualBox/oci_config' does not exist
00:00:00.110915 nspr-2   OCI: Original config file '/home/tommi/.oci/config' does not exist
00:00:00.110917 nspr-2   OCI: Reading profiles finished with status NS_OK
00:00:00.110919 nspr-2   ExtPack: Created cloud provider 'OCI' (hrc=NS_OK)
00:00:00.110925 nspr-2   VirtualBox: object created
00:00:21.404532 createBase Saving settings file "/home/tommi/.config/VirtualBox/VirtualBox.xml" with version "1.12-linux"
00:00:21.949913 nspr-4   Saving settings file "/home/tommi/VirtualBox VMs/win10/win10.vbox" with version "1.15-linux"
00:00:21.952333 nspr-3   Saving settings file "/home/tommi/VirtualBox VMs/win10/win10.vbox" with version "1.15-linux"
00:00:21.954145 nspr-3   Saving settings file "/home/tommi/.config/VirtualBox/VirtualBox.xml" with version "1.12-linux"
00:00:21.956996 nspr-3   Saving settings file "/home/tommi/.config/VirtualBox/VirtualBox.xml" with version "1.12-linux"
00:00:21.959131 nspr-4   Saving settings file "/home/tommi/VirtualBox VMs/win10/win10.vbox" with version "1.15-linux"
00:00:38.011062 nspr-3   Saving settings file "/home/tommi/.config/VirtualBox/VirtualBox.xml" with version "1.12-linux"
00:00:38.014066 nspr-3   Saving settings file "/home/tommi/.config/VirtualBox/VirtualBox.xml" with version "1.12-linux"
00:00:40.717871 nspr-3   ERROR [COM]: aRC=VBOX_E_OBJECT_NOT_FOUND (0x80bb0001) aIID={85632c68-b5bb-4316-a900-5eb28d3413df} aComponent={SessionMachine} aText={No storage device attached to device slot 0 on port 2 of controller 'SATA'}, preserve=false aResultDetail=0
00:00:40.718372 nspr-4   Saving settings file "/home/tommi/.config/VirtualBox/VirtualBox.xml" with version "1.12-linux"
00:00:40.773515 nspr-3   Saving settings file "/home/tommi/VirtualBox VMs/win10/win10.vbox" with version "1.15-linux"
00:00:40.776114 nspr-3   Saving settings file "/home/tommi/VirtualBox VMs/win10/win10.vbox" with version "1.15-linux"
00:00:45.002662 nspr-2   Launched VM: 3959434016 pid: 452144 (0x6e630) frontend: GUI/Qt name: win10
00:00:45.702969 nspr-3   Load [/usr/lib/virtualbox/ExtensionPacks/Oracle_VM_VirtualBox_Extension_Pack/linux.amd64/VBoxHostWebcam.so] vrc=VINF_SUCCESS
00:00:45.749979 nspr-4   ERROR [COM]: aRC=VBOX_E_IPRT_ERROR (0x80bb0005) aIID={85632c68-b5bb-4316-a900-5eb28d3413df} aComponent={SessionMachine} aText={Saved screenshot data is not available (VERR_NOT_SUPPORTED)}, preserve=false aResultDetail=-37
00:00:53.023565 nspr-5   Saving settings file "/home/tommi/VirtualBox VMs/win10/win10.vbox" with version "1.15-linux"
00:00:53.117826 nspr-6   Saving settings file "/home/tommi/VirtualBox VMs/win10/win10.vbox" with version "1.15-linux"
00:00:53.120808 SaveState Saving settings file "/home/tommi/VirtualBox VMs/win10/win10.vbox" with version "1.15-linux"
00:00:53.628727 nspr-3   Saving settings file "/home/tommi/VirtualBox VMs/win10/win10.vbox" with version "1.15-linux"
00:00:57.100433 nspr-4   Saving settings file "/home/tommi/VirtualBox VMs/win10/win10.vbox" with version "1.15-linux"
00:01:14.811757 nspr-5   Saving settings file "/home/tommi/VirtualBox VMs/win10/win10.vbox" with version "1.15-linux"
00:01:16.351913 nspr-3   Launched VM: 3623970704 pid: 452234 (0x6e68a) frontend: GUI/Qt name: win10
00:01:17.078863 nspr-3   Load [/usr/lib/virtualbox/ExtensionPacks/Oracle_VM_VirtualBox_Extension_Pack/linux.amd64/VBoxHostWebcam.so] vrc=VINF_SUCCESS
00:01:17.128222 nspr-8   ERROR [COM]: aRC=VBOX_E_IPRT_ERROR (0x80bb0005) aIID={85632c68-b5bb-4316-a900-5eb28d3413df} aComponent={SessionMachine} aText={Saved screenshot data is not available (VERR_NOT_SUPPORTED)}, preserve=false aResultDetail=-37
00:02:45.448837 nspr-2   Saving settings file "/home/tommi/.config/VirtualBox/VirtualBox.xml" with version "1.12-linux"
00:02:45.451904 nspr-4   Saving settings file "/home/tommi/.config/VirtualBox/VirtualBox.xml" with version "1.12-linux"
00:02:45.454740 nspr-6   Saving settings file "/home/tommi/.config/VirtualBox/VirtualBox.xml" with version "1.12-linux"
00:02:45.459385 nspr-9   Saving settings file "/home/tommi/.config/VirtualBox/VirtualBox.xml" with version "1.12-linux"
00:02:45.462549 nspr-9   Saving settings file "/home/tommi/.config/VirtualBox/VirtualBox.xml" with version "1.12-linux"
00:02:45.465508 nspr-7   Saving settings file "/home/tommi/.config/VirtualBox/VirtualBox.xml" with version "1.12-linux"
00:02:45.469123 nspr-4   Saving settings file "/home/tommi/.config/VirtualBox/VirtualBox.xml" with version "1.12-linux"
00:04:02.408547 nspr-4   Saving settings file "/home/tommi/VirtualBox VMs/win10/win10.vbox" with version "1.15-linux"
00:04:13.629055 nspr-3   Saving settings file "/home/tommi/.config/VirtualBox/VirtualBox.xml" with version "1.12-linux"
00:05:11.289124 nspr-8   Saving settings file "/home/tommi/VirtualBox VMs/win10/win10.vbox" with version "1.15-linux"
00:05:11.367301 nspr-8   Saving settings file "/home/tommi/VirtualBox VMs/win10/win10.vbox" with version "1.15-linux"
00:05:12.090957 nspr-9   Saving settings file "/home/tommi/VirtualBox VMs/win10/win10.vbox" with version "1.15-linux"
00:05:23.636146 nspr-8   Saving settings file "/home/tommi/VirtualBox VMs/win10/win10.vbox" with version "1.15-linux"
00:05:25.167213 nspr-7   Launched VM: 3355474256 pid: 453023 (0x6e99f) frontend: GUI/Qt name: win10
00:05:25.873682 nspr-9   Load [/usr/lib/virtualbox/ExtensionPacks/Oracle_VM_VirtualBox_Extension_Pack/linux.amd64/VBoxHostWebcam.so] vrc=VINF_SUCCESS
00:05:25.917824 nspr-6   ERROR [COM]: aRC=VBOX_E_IPRT_ERROR (0x80bb0005) aIID={85632c68-b5bb-4316-a900-5eb28d3413df} aComponent={SessionMachine} aText={Saved screenshot data is not available (VERR_NOT_SUPPORTED)}, preserve=false aResultDetail=-37
00:06:02.423411 nspr-2   Saving settings file "/home/tommi/VirtualBox VMs/win10/win10.vbox" with version "1.15-linux"
00:06:41.368996 nspr-2   Saving settings file "/home/tommi/VirtualBox VMs/win10/win10.vbox" with version "1.15-linux"
00:06:42.292663 nspr-5   Saving settings file "/home/tommi/VirtualBox VMs/win10/win10.vbox" with version "1.15-linux"
00:06:50.221999 nspr-5   Saving settings file "/home/tommi/.config/VirtualBox/VirtualBox.xml" with version "1.12-linux"
00:06:52.018240 nspr-9   Saving settings file "/home/tommi/.config/VirtualBox/VirtualBox.xml" with version "1.12-linux"
00:06:52.021020 nspr-4   Saving settings file "/home/tommi/.config/VirtualBox/VirtualBox.xml" with version "1.12-linux"
00:06:57.525694 main     VirtualBox: object deletion starts
00:06:57.525850 main     HostDnsMonitor: shutting down ...
00:06:57.527501 main     HostDnsMonitor: shut down
00:06:57.872703 Watcher  ERROR [COM]: aRC=E_ACCESSDENIED (0x80070005) aIID={d0a0163f-e254-4e5b-a1f2-011cf991c38d} aComponent={VirtualBoxWrap} aText={The object is not ready}, preserve=false aResultDetail=0
00:07:02.532557 main     {00007f54f00180e0} HostPowerServiceLinux::~HostPowerServiceLinux: RTThreadWait() for 5000 ms failed with VERR_TIMEOUT
00:07:02.532935 main     VirtualBox: object deleted
