[API] INFO: Getting info from products endpoint for id: 1582025844
[DOWNLOAD_MANAGER] INFO: Checking compatibility of Thea 2: The Shattering with windows
[DOWNLOAD_MANAGER] INFO: Game is compatible
[DOWNLOAD_MANAGER] INFO: Depot version: 2
[API] INFO: Getting Dependencies repository
[API] INFO: Getting repository manifest
[DOWNLOAD_MANAGER] INFO: Calculating download size
[DOWNLOAD_MANAGER] INFO: Download size: 2.59GB
[DOWNLOAD_MANAGER] INFO: Size on disk: 5.87GB
[DOWNLOAD_MANAGER] INFO: Checking free disk space
[PROGRESS] INFO: = Progress: 0.00 0/2779960087, Running for: 00:00:00, ETA: 77221:06:00
[PROGRESS] INFO: = Downloaded: 0.00 MiB
[PROGRESS] INFO: = Progress: 0.07 2003112/2779960087, Running for: 00:00:00, ETA: 00:46:01
[PROGRESS] INFO: = Downloaded: 1.91 MiB
[PROGRESS] INFO: = Progress: 0.41 11343214/2779960087, Running for: 00:00:00, ETA: 00:20:02
[PROGRESS] INFO: = Downloaded: 10.82 MiB
[PROGRESS] INFO: = Progress: 0.60 16770842/2779960087, Running for: 00:00:00, ETA: 00:21:03
[PROGRESS] INFO: = Downloaded: 15.99 MiB
[PROGRESS] INFO: = Progress: 0.90 25100358/2779960087, Running for: 00:00:00, ETA: 00:21:04
[PROGRESS] INFO: = Downloaded: 23.94 MiB
[PROGRESS] INFO: = Progress: 1.26 35100461/2779960087, Running for: 00:00:00, ETA: 00:18:05
[PROGRESS] INFO: = Downloaded: 33.47 MiB
[PROGRESS] INFO: = Progress: 2.17 60335358/2779960087, Running for: 00:00:00, ETA: 00:15:06
[PROGRESS] INFO: = Downloaded: 57.54 MiB
[PROGRESS] INFO: = Progress: 2.41 67066537/2779960087, Running for: 00:00:00, ETA: 00:20:07
[PROGRESS] INFO: = Downloaded: 63.96 MiB
[PROGRESS] INFO: = Progress: 3.02 83972344/2779960087, Running for: 00:00:00, ETA: 00:19:08
[PROGRESS] INFO: = Downloaded: 80.08 MiB
[PROGRESS] INFO: = Progress: 3.49 96961860/2779960087, Running for: 00:00:00, ETA: 00:20:09
[PROGRESS] INFO: = Downloaded: 92.47 MiB
[PROGRESS] INFO: = Progress: 3.74 104026253/2779960087, Running for: 00:00:00, ETA: 00:23:10
[PROGRESS] INFO: = Downloaded: 99.21 MiB
[PROGRESS] INFO: = Progress: 3.91 108637463/2779960087, Running for: 00:00:00, ETA: 00:39:11
[PROGRESS] INFO: = Downloaded: 103.60 MiB
[PROGRESS] INFO: = Progress: 3.91 108644837/2779960087, Running for: 00:00:00, ETA: 00:47:12
[PROGRESS] INFO: = Downloaded: 103.61 MiB
[PROGRESS] INFO: = Progress: 4.46 123951127/2779960087, Running for: 00:00:00, ETA: 00:59:13
[PROGRESS] INFO: = Downloaded: 118.21 MiB
[PROGRESS] INFO: = Progress: 4.85 134835153/2779960087, Running for: 00:00:00, ETA: 01:11:14
[PROGRESS] INFO: = Downloaded: 128.59 MiB
[PROGRESS] INFO: = Progress: 4.85 134835153/2779960087, Running for: 00:00:00, ETA: 01:32:15
[PROGRESS] INFO: = Downloaded: 128.59 MiB
[PROGRESS] INFO: = Progress: 5.12 142350787/2779960087, Running for: 00:00:00, ETA: 01:30:16
[PROGRESS] INFO: = Downloaded: 135.76 MiB
[PROGRESS] INFO: = Progress: 5.77 160350695/2779960087, Running for: 00:00:00, ETA: 01:02:17
[PROGRESS] INFO: = Downloaded: 152.92 MiB
[PROGRESS] INFO: = Progress: 6.19 172169391/2779960087, Running for: 00:00:00, ETA: 01:13:18
[PROGRESS] INFO: = Downloaded: 164.19 MiB
[PROGRESS] INFO: = Progress: 7.15 198631630/2779960087, Running for: 00:00:00, ETA: 01:00:19
[PROGRESS] INFO: = Downloaded: 189.43 MiB
[PROGRESS] INFO: = Progress: 7.32 203480846/2779960087, Running for: 00:00:00, ETA: 00:56:20
[PROGRESS] INFO: = Downloaded: 194.05 MiB
[PROGRESS] INFO: = Progress: 7.99 222146184/2779960087, Running for: 00:00:00, ETA: 00:50:21
[PROGRESS] INFO: = Downloaded: 211.86 MiB
[PROGRESS] INFO: = Progress: 8.37 232727048/2779960087, Running for: 00:00:00, ETA: 00:58:22
[PROGRESS] INFO: = Downloaded: 221.95 MiB
[PROGRESS] INFO: = Progress: 8.70 241803809/2779960087, Running for: 00:00:00, ETA: 01:02:23
[PROGRESS] INFO: = Downloaded: 230.60 MiB
[PROGRESS] INFO: = Progress: 9.28 258023368/2779960087, Running for: 00:00:00, ETA: 01:18:24
[PROGRESS] INFO: = Downloaded: 246.07 MiB
[PROGRESS] INFO: = Progress: 9.72 270345497/2779960087, Running for: 00:00:00, ETA: 01:11:25
[PROGRESS] INFO: = Downloaded: 257.82 MiB
[PROGRESS] INFO: = Progress: 10.04 279188191/2779960087, Running for: 00:00:00, ETA: 01:27:26
[PROGRESS] INFO: = Downloaded: 266.25 MiB
[PROGRESS] INFO: = Progress: 10.46 290892804/2779960087, Running for: 00:00:00, ETA: 01:28:27
[PROGRESS] INFO: = Downloaded: 277.42 MiB
[PROGRESS] INFO: = Progress: 10.84 301331730/2779960087, Running for: 00:00:00, ETA: 01:29:28
[PROGRESS] INFO: = Downloaded: 287.37 MiB
[PROGRESS] INFO: = Progress: 11.02 306391478/2779960087, Running for: 00:00:00, ETA: 01:53:29
[PROGRESS] INFO: = Downloaded: 292.20 MiB
[PROGRESS] INFO: = Progress: 11.68 324626335/2779960087, Running for: 00:00:00, ETA: 01:46:30
[PROGRESS] INFO: = Downloaded: 309.59 MiB
[PROGRESS] INFO: = Progress: 12.13 337223420/2779960087, Running for: 00:00:00, ETA: 01:42:31
[PROGRESS] INFO: = Downloaded: 321.60 MiB
[PROGRESS] INFO: = Progress: 12.36 343740238/2779960087, Running for: 00:00:00, ETA: 01:55:32
[PROGRESS] INFO: = Downloaded: 327.82 MiB
[PROGRESS] INFO: = Progress: 12.76 354754754/2779960087, Running for: 00:00:00, ETA: 01:57:33
[PROGRESS] INFO: = Downloaded: 338.32 MiB
[PROGRESS] INFO: = Progress: 13.65 379373487/2779960087, Running for: 00:00:00, ETA: 01:28:34
[PROGRESS] INFO: = Downloaded: 361.80 MiB
[PROGRESS] INFO: = Progress: 13.81 384003068/2779960087, Running for: 00:00:00, ETA: 01:51:35
[PROGRESS] INFO: = Downloaded: 366.21 MiB
[PROGRESS] INFO: = Progress: 14.27 396715102/2779960087, Running for: 00:00:00, ETA: 01:53:36
[PROGRESS] INFO: = Downloaded: 378.34 MiB
[PROGRESS] INFO: = Progress: 14.65 407396890/2779960087, Running for: 00:00:00, ETA: 01:48:37
[PROGRESS] INFO: = Downloaded: 388.52 MiB
[PROGRESS] INFO: = Progress: 15.09 419592006/2779960087, Running for: 00:00:00, ETA: 01:48:38
[PROGRESS] INFO: = Downloaded: 400.15 MiB
[PROGRESS] INFO: = Progress: 15.17 421823923/2779960087, Running for: 00:00:00, ETA: 02:50:39
[PROGRESS] INFO: = Downloaded: 402.28 MiB
[PROGRESS] INFO: = Progress: 15.39 427859124/2779960087, Running for: 00:00:00, ETA: 02:47:40
[PROGRESS] INFO: = Downloaded: 408.04 MiB
[PROGRESS] INFO: = Progress: 16.22 450773880/2779960087, Running for: 00:00:00, ETA: 02:21:41
[PROGRESS] INFO: = Downloaded: 429.89 MiB
[PROGRESS] INFO: = Progress: 16.65 462924355/2779960087, Running for: 00:00:00, ETA: 02:20:42
[PROGRESS] INFO: = Downloaded: 441.48 MiB
[PROGRESS] INFO: = Progress: 17.21 478315982/2779960087, Running for: 00:00:00, ETA: 02:15:43
[PROGRESS] INFO: = Downloaded: 456.16 MiB
[PROGRESS] INFO: = Progress: 17.60 489163302/2779960087, Running for: 00:00:00, ETA: 01:59:44
[PROGRESS] INFO: = Downloaded: 466.50 MiB
[PROGRESS] INFO: = Progress: 17.83 495793268/2779960087, Running for: 00:00:00, ETA: 01:59:45
[PROGRESS] INFO: = Downloaded: 472.83 MiB
[PROGRESS] INFO: = Progress: 17.92 498048293/2779960087, Running for: 00:00:00, ETA: 02:54:46
[PROGRESS] INFO: = Downloaded: 474.98 MiB
[PROGRESS] INFO: = Progress: 18.78 522196726/2779960087, Running for: 00:00:00, ETA: 02:23:47
[PROGRESS] INFO: = Downloaded: 498.01 MiB
[PROGRESS] INFO: = Progress: 18.78 522196726/2779960087, Running for: 00:00:00, ETA: 03:16:48
[PROGRESS] INFO: = Downloaded: 498.01 MiB
[PROGRESS] INFO: = Progress: 19.08 530345337/2779960087, Running for: 00:00:00, ETA: 03:34:49
[PROGRESS] INFO: = Downloaded: 505.78 MiB
[PROGRESS] INFO: = Progress: 19.65 546368852/2779960087, Running for: 00:00:00, ETA: 02:57:50
[PROGRESS] INFO: = Downloaded: 521.06 MiB
[PROGRESS] INFO: = Progress: 20.29 563998839/2779960087, Running for: 00:00:00, ETA: 02:17:51
[PROGRESS] INFO: = Downloaded: 537.87 MiB
[PROGRESS] INFO: = Progress: 20.63 573482292/2779960087, Running for: 00:00:00, ETA: 03:01:52
[PROGRESS] INFO: = Downloaded: 546.92 MiB
[PROGRESS] INFO: = Progress: 21.59 600125414/2779960087, Running for: 00:00:00, ETA: 01:59:53
[PROGRESS] INFO: = Downloaded: 572.32 MiB
[PROGRESS] INFO: = Progress: 21.68 602654389/2779960087, Running for: 00:00:00, ETA: 02:09:54
[PROGRESS] INFO: = Downloaded: 574.74 MiB
[PROGRESS] INFO: = Progress: 21.80 605959214/2779960087, Running for: 00:00:00, ETA: 02:39:55
[PROGRESS] INFO: = Downloaded: 577.89 MiB
[PROGRESS] INFO: = Progress: 21.92 609394225/2779960087, Running for: 00:00:00, ETA: 03:32:56
[PROGRESS] INFO: = Downloaded: 581.16 MiB
[PROGRESS] INFO: = Progress: 22.29 619639267/2779960087, Running for: 00:00:00, ETA: 03:31:57
[PROGRESS] INFO: = Downloaded: 590.93 MiB
[PROGRESS] INFO: = Progress: 22.89 636423095/2779960087, Running for: 00:00:00, ETA: 04:40:58
[PROGRESS] INFO: = Downloaded: 606.94 MiB
[PROGRESS] INFO: = Progress: 23.48 652676740/2779960087, Running for: 00:00:00, ETA: 03:24:59
[PROGRESS] INFO: = Downloaded: 622.44 MiB
[PROGRESS] INFO: = Progress: 24.06 668920686/2779960087, Running for: 00:00:00, ETA: 02:43:00
[PROGRESS] INFO: = Downloaded: 637.93 MiB
[PROGRESS] INFO: = Progress: 24.52 681662481/2779960087, Running for: 00:00:00, ETA: 02:23:01
[PROGRESS] INFO: = Downloaded: 650.08 MiB
[PROGRESS] INFO: = Progress: 25.17 699772409/2779960087, Running for: 00:00:00, ETA: 02:09:02
[PROGRESS] INFO: = Downloaded: 667.35 MiB
[PROGRESS] INFO: = Progress: 25.51 709060175/2779960087, Running for: 00:00:00, ETA: 02:24:03
[PROGRESS] INFO: = Downloaded: 676.21 MiB
[PROGRESS] INFO: = Progress: 25.81 717576197/2779960087, Running for: 00:00:00, ETA: 02:43:04
[PROGRESS] INFO: = Downloaded: 684.33 MiB
[PROGRESS] INFO: = Progress: 26.40 733894649/2779960087, Running for: 00:00:00, ETA: 02:45:05
[PROGRESS] INFO: = Downloaded: 699.90 MiB
[PROGRESS] INFO: = Progress: 26.76 743790676/2779960087, Running for: 00:00:00, ETA: 02:54:06
[PROGRESS] INFO: = Downloaded: 709.33 MiB
[PROGRESS] INFO: = Progress: 27.14 754477556/2779960087, Running for: 00:00:00, ETA: 03:20:07
[PROGRESS] INFO: = Downloaded: 719.53 MiB
[PROGRESS] INFO: = Progress: 27.66 768845443/2779960087, Running for: 00:00:00, ETA: 03:05:08
[PROGRESS] INFO: = Downloaded: 733.23 MiB
[PROGRESS] INFO: = Progress: 28.18 783371306/2779960087, Running for: 00:00:00, ETA: 02:49:09
[PROGRESS] INFO: = Downloaded: 747.08 MiB
[PROGRESS] INFO: = Progress: 28.61 795396471/2779960087, Running for: 00:00:00, ETA: 03:03:10
[PROGRESS] INFO: = Downloaded: 758.55 MiB
[PROGRESS] INFO: = Progress: 29.02 806663215/2779960087, Running for: 00:00:00, ETA: 03:00:11
[PROGRESS] INFO: = Downloaded: 769.29 MiB
[PROGRESS] INFO: = Progress: 29.20 811763039/2779960087, Running for: 00:00:00, ETA: 03:19:12
[PROGRESS] INFO: = Downloaded: 774.16 MiB
[PROGRESS] INFO: = Progress: 29.56 821682706/2779960087, Running for: 00:00:00, ETA: 03:38:13
[PROGRESS] INFO: = Downloaded: 783.62 MiB
[PROGRESS] INFO: = Progress: 29.74 826871201/2779960087, Running for: 00:00:00, ETA: 04:28:14
[PROGRESS] INFO: = Downloaded: 788.57 MiB
[PROGRESS] INFO: = Progress: 30.88 858349163/2779960087, Running for: 00:00:00, ETA: 03:07:15
[PROGRESS] INFO: = Downloaded: 818.59 MiB
[PROGRESS] INFO: = Progress: 31.03 862497387/2779960087, Running for: 00:00:00, ETA: 03:33:16
[PROGRESS] INFO: = Downloaded: 822.54 MiB
[PROGRESS] INFO: = Progress: 31.51 875998584/2779960087, Running for: 00:00:00, ETA: 03:05:17
[PROGRESS] INFO: = Downloaded: 835.42 MiB
[PROGRESS] INFO: = Progress: 31.74 882291321/2779960087, Running for: 00:00:00, ETA: 03:17:18
[PROGRESS] INFO: = Downloaded: 841.42 MiB
[PROGRESS] INFO: = Progress: 32.10 892298155/2779960087, Running for: 00:00:00, ETA: 03:03:19
[PROGRESS] INFO: = Downloaded: 850.96 MiB
[PROGRESS] INFO: = Progress: 32.93 915572681/2779960087, Running for: 00:00:00, ETA: 03:33:20
[PROGRESS] INFO: = Downloaded: 873.16 MiB
[PROGRESS] INFO: = Progress: 33.36 927270789/2779960087, Running for: 00:00:00, ETA: 03:09:21
[PROGRESS] INFO: = Downloaded: 884.31 MiB
[PROGRESS] INFO: = Progress: 33.58 933425407/2779960087, Running for: 00:00:00, ETA: 03:34:22
[PROGRESS] INFO: = Downloaded: 890.18 MiB
[PROGRESS] INFO: = Progress: 34.00 945075786/2779960087, Running for: 00:00:00, ETA: 03:16:23
[PROGRESS] INFO: = Downloaded: 901.29 MiB
[PROGRESS] INFO: = Progress: 34.31 953836508/2779960087, Running for: 00:00:00, ETA: 03:21:24
[PROGRESS] INFO: = Downloaded: 909.65 MiB
[PROGRESS] INFO: = Progress: 35.13 976720849/2779960087, Running for: 00:00:00, ETA: 03:25:25
[PROGRESS] INFO: = Downloaded: 931.47 MiB
[PROGRESS] INFO: = Progress: 35.50 986893712/2779960087, Running for: 00:00:00, ETA: 03:31:26
[PROGRESS] INFO: = Downloaded: 941.18 MiB
[PROGRESS] INFO: = Progress: 35.67 991509994/2779960087, Running for: 00:00:00, ETA: 03:37:27
[PROGRESS] INFO: = Downloaded: 945.58 MiB
[PROGRESS] INFO: = Progress: 36.30 1009001111/2779960087, Running for: 00:00:00, ETA: 03:18:28
[PROGRESS] INFO: = Downloaded: 962.26 MiB
[PROGRESS] INFO: = Progress: 36.75 1021704272/2779960087, Running for: 00:00:00, ETA: 03:07:29
[PROGRESS] INFO: = Downloaded: 974.37 MiB
[PROGRESS] INFO: = Progress: 37.11 1031648609/2779960087, Running for: 00:00:00, ETA: 03:54:30
[PROGRESS] INFO: = Downloaded: 983.86 MiB
[PROGRESS] INFO: = Progress: 37.60 1045126258/2779960087, Running for: 00:00:00, ETA: 03:41:31
[PROGRESS] INFO: = Downloaded: 996.71 MiB
[PROGRESS] INFO: = Progress: 38.03 1057345081/2779960087, Running for: 00:00:00, ETA: 03:16:32
[PROGRESS] INFO: = Downloaded: 1008.36 MiB
[PROGRESS] INFO: = Progress: 38.43 1068359504/2779960087, Running for: 00:00:00, ETA: 03:38:33
[PROGRESS] INFO: = Downloaded: 1018.87 MiB
[PROGRESS] INFO: = Progress: 38.72 1076404873/2779960087, Running for: 00:00:00, ETA: 03:58:34
[PROGRESS] INFO: = Downloaded: 1026.54 MiB
[PROGRESS] INFO: = Progress: 39.27 1091706976/2779960087, Running for: 00:00:00, ETA: 03:38:35
[PROGRESS] INFO: = Downloaded: 1041.13 MiB
[PROGRESS] INFO: = Progress: 39.60 1100899276/2779960087, Running for: 00:00:00, ETA: 03:56:36
[PROGRESS] INFO: = Downloaded: 1049.90 MiB
[PROGRESS] INFO: = Progress: 40.01 1112132839/2779960087, Running for: 00:00:00, ETA: 04:01:37
[PROGRESS] INFO: = Downloaded: 1060.61 MiB
[PROGRESS] INFO: = Progress: 40.57 1127873939/2779960087, Running for: 00:00:00, ETA: 03:42:38
[PROGRESS] INFO: = Downloaded: 1075.62 MiB
[PROGRESS] INFO: = Progress: 40.92 1137438920/2779960087, Running for: 00:00:00, ETA: 03:37:39
[PROGRESS] INFO: = Downloaded: 1084.75 MiB
[PROGRESS] INFO: = Progress: 41.23 1146060225/2779960087, Running for: 00:00:00, ETA: 04:05:40
[PROGRESS] INFO: = Downloaded: 1092.97 MiB
[PROGRESS] INFO: = Progress: 41.49 1153336188/2779960087, Running for: 00:00:00, ETA: 04:15:41
[PROGRESS] INFO: = Downloaded: 1099.91 MiB
[PROGRESS] INFO: = Progress: 41.84 1163117963/2779960087, Running for: 00:00:00, ETA: 04:23:42
[PROGRESS] INFO: = Downloaded: 1109.24 MiB
[PROGRESS] INFO: = Progress: 42.22 1173798260/2779960087, Running for: 00:00:00, ETA: 04:54:43
[PROGRESS] INFO: = Downloaded: 1119.42 MiB
[PROGRESS] INFO: = Progress: 42.85 1191326181/2779960087, Running for: 00:00:00, ETA: 04:11:44
[PROGRESS] INFO: = Downloaded: 1136.14 MiB
[PROGRESS] INFO: = Progress: 43.12 1198762175/2779960087, Running for: 00:00:00, ETA: 04:18:45
[PROGRESS] INFO: = Downloaded: 1143.23 MiB
[PROGRESS] INFO: = Progress: 43.38 1205871534/2779960087, Running for: 00:00:00, ETA: 04:19:46
[PROGRESS] INFO: = Downloaded: 1150.01 MiB
[PROGRESS] INFO: = Progress: 43.60 1211940715/2779960087, Running for: 00:00:00, ETA: 04:40:47
[PROGRESS] INFO: = Downloaded: 1155.80 MiB
[PROGRESS] INFO: = Progress: 44.07 1225124124/2779960087, Running for: 00:00:00, ETA: 04:27:48
[PROGRESS] INFO: = Downloaded: 1168.37 MiB
[PROGRESS] INFO: = Progress: 44.73 1243534157/2779960087, Running for: 00:00:00, ETA: 04:24:49
[PROGRESS] INFO: = Downloaded: 1185.93 MiB
[PROGRESS] INFO: = Progress: 44.94 1249254034/2779960087, Running for: 00:00:00, ETA: 04:33:50
[PROGRESS] INFO: = Downloaded: 1191.38 MiB
[PROGRESS] INFO: = Progress: 45.52 1265465977/2779960087, Running for: 00:00:00, ETA: 03:51:51
[PROGRESS] INFO: = Downloaded: 1206.84 MiB
[PROGRESS] INFO: = Progress: 46.09 1281176810/2779960087, Running for: 00:00:00, ETA: 03:18:52
[PROGRESS] INFO: = Downloaded: 1221.83 MiB
[PROGRESS] INFO: = Progress: 46.49 1292315683/2779960087, Running for: 00:00:00, ETA: 03:24:53
[PROGRESS] INFO: = Downloaded: 1232.45 MiB
[PROGRESS] INFO: = Progress: 46.79 1300798540/2779960087, Running for: 00:00:00, ETA: 04:01:54
[PROGRESS] INFO: = Downloaded: 1240.54 MiB
[PROGRESS] INFO: = Progress: 47.30 1314881290/2779960087, Running for: 00:00:00, ETA: 03:30:55
[PROGRESS] INFO: = Downloaded: 1253.97 MiB
[PROGRESS] INFO: = Progress: 47.57 1322538065/2779960087, Running for: 00:00:00, ETA: 04:02:56
[PROGRESS] INFO: = Downloaded: 1261.27 MiB
[PROGRESS] INFO: = Progress: 47.91 1331807560/2779960087, Running for: 00:00:00, ETA: 04:34:57
[PROGRESS] INFO: = Downloaded: 1270.11 MiB
[PROGRESS] INFO: = Progress: 48.67 1352959677/2779960087, Running for: 00:00:00, ETA: 03:48:58
[PROGRESS] INFO: = Downloaded: 1290.28 MiB
[PROGRESS] INFO: = Progress: 49.03 1363016038/2779960087, Running for: 00:00:00, ETA: 03:42:59
[PROGRESS] INFO: = Downloaded: 1299.87 MiB
[PROGRESS] INFO: = Progress: 49.48 1375406776/2779960087, Running for: 00:00:00, ETA: 03:48:00
[PROGRESS] INFO: = Downloaded: 1311.69 MiB
[PROGRESS] INFO: = Progress: 49.96 1388883367/2779960087, Running for: 00:00:00, ETA: 03:28:01
[PROGRESS] INFO: = Downloaded: 1324.54 MiB
[PROGRESS] INFO: = Progress: 50.24 1396532915/2779960087, Running for: 00:00:00, ETA: 03:33:02
[PROGRESS] INFO: = Downloaded: 1331.84 MiB
[PROGRESS] INFO: = Progress: 50.54 1405119822/2779960087, Running for: 00:00:00, ETA: 04:25:03
[PROGRESS] INFO: = Downloaded: 1340.03 MiB
[PROGRESS] INFO: = Progress: 51.20 1423305437/2779960087, Running for: 00:00:00, ETA: 03:49:04
[PROGRESS] INFO: = Downloaded: 1357.37 MiB
[PROGRESS] INFO: = Progress: 51.54 1432734090/2779960087, Running for: 00:00:00, ETA: 04:01:05
[PROGRESS] INFO: = Downloaded: 1366.36 MiB
[PROGRESS] INFO: = Progress: 51.96 1444587931/2779960087, Running for: 00:00:00, ETA: 04:08:06
[PROGRESS] INFO: = Downloaded: 1377.67 MiB
[PROGRESS] INFO: = Progress: 52.50 1459520599/2779960087, Running for: 00:00:00, ETA: 03:38:07
[PROGRESS] INFO: = Downloaded: 1391.91 MiB
[PROGRESS] INFO: = Progress: 52.78 1467229215/2779960087, Running for: 00:00:00, ETA: 03:41:08
[PROGRESS] INFO: = Downloaded: 1399.26 MiB
[PROGRESS] INFO: = Progress: 53.30 1481682576/2779960087, Running for: 00:00:00, ETA: 03:55:09
[PROGRESS] INFO: = Downloaded: 1413.04 MiB
[PROGRESS] INFO: = Progress: 53.64 1491111618/2779960087, Running for: 00:00:00, ETA: 03:55:10
[PROGRESS] INFO: = Downloaded: 1422.03 MiB
[PROGRESS] INFO: = Progress: 53.92 1498845670/2779960087, Running for: 00:00:00, ETA: 04:13:11
[PROGRESS] INFO: = Downloaded: 1429.41 MiB
[PROGRESS] INFO: = Progress: 54.29 1509336682/2779960087, Running for: 00:00:00, ETA: 04:36:12
[PROGRESS] INFO: = Downloaded: 1439.42 MiB
[PROGRESS] INFO: = Progress: 54.74 1521780681/2779960087, Running for: 00:00:00, ETA: 04:12:13
[PROGRESS] INFO: = Downloaded: 1451.28 MiB
[PROGRESS] INFO: = Progress: 55.13 1532560528/2779960087, Running for: 00:00:00, ETA: 04:30:14
[PROGRESS] INFO: = Downloaded: 1461.56 MiB
[PROGRESS] INFO: = Progress: 55.58 1544969178/2779960087, Running for: 00:00:00, ETA: 04:14:15
[PROGRESS] INFO: = Downloaded: 1473.40 MiB
[PROGRESS] INFO: = Progress: 55.83 1552105586/2779960087, Running for: 00:00:00, ETA: 04:17:16
[PROGRESS] INFO: = Downloaded: 1480.20 MiB
[PROGRESS] INFO: = Progress: 56.39 1567619689/2779960087, Running for: 00:00:00, ETA: 03:54:17
[PROGRESS] INFO: = Downloaded: 1495.00 MiB
[PROGRESS] INFO: = Progress: 56.65 1574914956/2779960087, Running for: 00:00:00, ETA: 04:17:18
[PROGRESS] INFO: = Downloaded: 1501.96 MiB
[PROGRESS] INFO: = Progress: 57.42 1596239524/2779960087, Running for: 00:00:00, ETA: 03:32:19
[PROGRESS] INFO: = Downloaded: 1522.29 MiB
[PROGRESS] INFO: = Progress: 57.73 1604854182/2779960087, Running for: 00:00:00, ETA: 03:46:20
[PROGRESS] INFO: = Downloaded: 1530.51 MiB
[PROGRESS] INFO: = Progress: 58.18 1617515094/2779960087, Running for: 00:00:00, ETA: 03:26:21
[PROGRESS] INFO: = Downloaded: 1542.58 MiB
[PROGRESS] INFO: = Progress: 58.64 1630248227/2779960087, Running for: 00:00:00, ETA: 03:34:22
[PROGRESS] INFO: = Downloaded: 1554.73 MiB
[PROGRESS] INFO: = Progress: 58.91 1637541747/2779960087, Running for: 00:00:00, ETA: 03:34:23
[PROGRESS] INFO: = Downloaded: 1561.68 MiB
[PROGRESS] INFO: = Progress: 59.43 1652159747/2779960087, Running for: 00:00:00, ETA: 03:59:24
[PROGRESS] INFO: = Downloaded: 1575.62 MiB
[PROGRESS] INFO: = Progress: 59.90 1665300029/2779960087, Running for: 00:00:00, ETA: 03:40:25
[PROGRESS] INFO: = Downloaded: 1588.15 MiB
[PROGRESS] INFO: = Progress: 60.36 1678078193/2779960087, Running for: 00:00:00, ETA: 03:38:26
[PROGRESS] INFO: = Downloaded: 1600.34 MiB
[PROGRESS] INFO: = Progress: 60.58 1684219154/2779960087, Running for: 00:00:00, ETA: 04:05:27
[PROGRESS] INFO: = Downloaded: 1606.20 MiB
[PROGRESS] INFO: = Progress: 61.10 1698675184/2779960087, Running for: 00:00:00, ETA: 03:35:28
[PROGRESS] INFO: = Downloaded: 1619.98 MiB
[PROGRESS] INFO: = Progress: 61.70 1715279158/2779960087, Running for: 00:00:00, ETA: 03:27:29
[PROGRESS] INFO: = Downloaded: 1635.82 MiB
[PROGRESS] INFO: = Progress: 61.97 1722839926/2779960087, Running for: 00:00:00, ETA: 03:46:30
[PROGRESS] INFO: = Downloaded: 1643.03 MiB
[PROGRESS] INFO: = Progress: 62.38 1734180077/2779960087, Running for: 00:00:00, ETA: 03:51:31
[PROGRESS] INFO: = Downloaded: 1653.84 MiB
[PROGRESS] INFO: = Progress: 62.81 1746049955/2779960087, Running for: 00:00:00, ETA: 03:29:32
[PROGRESS] INFO: = Downloaded: 1665.16 MiB
[PROGRESS] INFO: = Progress: 63.06 1753098171/2779960087, Running for: 00:00:00, ETA: 03:57:33
[PROGRESS] INFO: = Downloaded: 1671.88 MiB
[PROGRESS] INFO: = Progress: 63.52 1765723517/2779960087, Running for: 00:00:00, ETA: 04:15:34
[PROGRESS] INFO: = Downloaded: 1683.93 MiB
[PROGRESS] INFO: = Progress: 63.96 1778041788/2779960087, Running for: 00:00:00, ETA: 03:51:35
[PROGRESS] INFO: = Downloaded: 1695.67 MiB
[PROGRESS] INFO: = Progress: 64.45 1791682197/2779960087, Running for: 00:00:00, ETA: 03:41:36
[PROGRESS] INFO: = Downloaded: 1708.68 MiB
[PROGRESS] INFO: = Progress: 64.75 1800071423/2779960087, Running for: 00:00:00, ETA: 03:54:37
[PROGRESS] INFO: = Downloaded: 1716.68 MiB
[PROGRESS] INFO: = Progress: 65.04 1808083803/2779960087, Running for: 00:00:00, ETA: 03:49:38
[PROGRESS] INFO: = Downloaded: 1724.32 MiB
[PROGRESS] INFO: = Progress: 65.63 1824429012/2779960087, Running for: 00:00:00, ETA: 03:33:39
[PROGRESS] INFO: = Downloaded: 1739.91 MiB
[PROGRESS] INFO: = Progress: 66.00 1834695415/2779960087, Running for: 00:00:00, ETA: 03:40:40
[PROGRESS] INFO: = Downloaded: 1749.70 MiB
[PROGRESS] INFO: = Progress: 66.34 1844334028/2779960087, Running for: 00:00:00, ETA: 03:55:41
[PROGRESS] INFO: = Downloaded: 1758.89 MiB
[PROGRESS] INFO: = Progress: 66.81 1857172350/2779960087, Running for: 00:00:00, ETA: 03:35:42
[PROGRESS] INFO: = Downloaded: 1771.14 MiB
[PROGRESS] INFO: = Progress: 67.14 1866375824/2779960087, Running for: 00:00:00, ETA: 03:30:43
[PROGRESS] INFO: = Downloaded: 1779.91 MiB
[PROGRESS] INFO: = Progress: 67.60 1879160678/2779960087, Running for: 00:00:00, ETA: 03:42:44
[PROGRESS] INFO: = Downloaded: 1792.11 MiB
[PROGRESS] INFO: = Progress: 68.07 1892251700/2779960087, Running for: 00:00:00, ETA: 03:29:45
[PROGRESS] INFO: = Downloaded: 1804.59 MiB
[PROGRESS] INFO: = Progress: 68.48 1903685048/2779960087, Running for: 00:00:00, ETA: 03:22:46
[PROGRESS] INFO: = Downloaded: 1815.50 MiB
[PROGRESS] INFO: = Progress: 68.88 1914975181/2779960087, Running for: 00:00:00, ETA: 03:26:47
[PROGRESS] INFO: = Downloaded: 1826.26 MiB
[PROGRESS] INFO: = Progress: 69.32 1927067021/2779960087, Running for: 00:00:00, ETA: 03:14:48
[PROGRESS] INFO: = Downloaded: 1837.79 MiB
[PROGRESS] INFO: = Progress: 69.43 1930055795/2779960087, Running for: 00:00:00, ETA: 03:52:49
[PROGRESS] INFO: = Downloaded: 1840.64 MiB
[PROGRESS] INFO: = Progress: 70.09 1948367082/2779960087, Running for: 00:00:00, ETA: 03:27:50
[PROGRESS] INFO: = Downloaded: 1858.11 MiB
[PROGRESS] INFO: = Progress: 70.44 1958110366/2779960087, Running for: 00:00:00, ETA: 03:33:51
[PROGRESS] INFO: = Downloaded: 1867.40 MiB
[PROGRESS] INFO: = Progress: 70.81 1968372848/2779960087, Running for: 00:00:00, ETA: 03:35:52
[PROGRESS] INFO: = Downloaded: 1877.19 MiB
[PROGRESS] INFO: = Progress: 71.21 1979636816/2779960087, Running for: 00:00:00, ETA: 03:37:53
[PROGRESS] INFO: = Downloaded: 1887.93 MiB
[PROGRESS] INFO: = Progress: 71.49 1987357146/2779960087, Running for: 00:00:00, ETA: 03:18:54
[PROGRESS] INFO: = Downloaded: 1895.29 MiB
[PROGRESS] INFO: = Progress: 72.26 2008825939/2779960087, Running for: 00:00:00, ETA: 03:04:55
[PROGRESS] INFO: = Downloaded: 1915.77 MiB
[PROGRESS] INFO: = Progress: 72.65 2019547427/2779960087, Running for: 00:00:00, ETA: 02:59:56
[PROGRESS] INFO: = Downloaded: 1925.99 MiB
[PROGRESS] INFO: = Progress: 72.87 2025823403/2779960087, Running for: 00:00:00, ETA: 03:11:57
[PROGRESS] INFO: = Downloaded: 1931.98 MiB
[PROGRESS] INFO: = Progress: 73.35 2039217260/2779960087, Running for: 00:00:00, ETA: 03:02:58
[PROGRESS] INFO: = Downloaded: 1944.75 MiB
[PROGRESS] INFO: = Progress: 73.72 2049492224/2779960087, Running for: 00:00:00, ETA: 02:53:59
[PROGRESS] INFO: = Downloaded: 1954.55 MiB
[PROGRESS] INFO: = Progress: 74.12 2060486348/2779960087, Running for: 00:00:00, ETA: 03:26:00
[PROGRESS] INFO: = Downloaded: 1965.03 MiB
[PROGRESS] INFO: = Progress: 74.54 2072293239/2779960087, Running for: 00:00:00, ETA: 03:20:01
[PROGRESS] INFO: = Downloaded: 1976.29 MiB
[PROGRESS] INFO: = Progress: 74.75 2078137734/2779960087, Running for: 00:00:00, ETA: 03:21:02
[PROGRESS] INFO: = Downloaded: 1981.87 MiB
[PROGRESS] INFO: = Progress: 75.04 2086211334/2779960087, Running for: 00:00:00, ETA: 03:42:03
[PROGRESS] INFO: = Downloaded: 1989.57 MiB
[PROGRESS] INFO: = Progress: 75.57 2100918995/2779960087, Running for: 00:00:00, ETA: 03:20:04
[PROGRESS] INFO: = Downloaded: 2003.59 MiB
[PROGRESS] INFO: = Progress: 75.86 2108755350/2779960087, Running for: 00:00:00, ETA: 03:32:05
[PROGRESS] INFO: = Downloaded: 2011.07 MiB
[PROGRESS] INFO: = Progress: 76.29 2120958457/2779960087, Running for: 00:00:00, ETA: 03:28:06
[PROGRESS] INFO: = Downloaded: 2022.70 MiB
[PROGRESS] INFO: = Progress: 76.70 2132171519/2779960087, Running for: 00:00:00, ETA: 03:05:07
[PROGRESS] INFO: = Downloaded: 2033.40 MiB
[PROGRESS] INFO: = Progress: 76.90 2137871745/2779960087, Running for: 00:00:00, ETA: 03:12:08
[PROGRESS] INFO: = Downloaded: 2038.83 MiB
[PROGRESS] INFO: = Progress: 77.35 2150274591/2779960087, Running for: 00:00:00, ETA: 03:19:09
[PROGRESS] INFO: = Downloaded: 2050.66 MiB
[PROGRESS] INFO: = Progress: 77.64 2158381534/2779960087, Running for: 00:00:00, ETA: 03:16:10
[PROGRESS] INFO: = Downloaded: 2058.39 MiB
[PROGRESS] INFO: = Progress: 77.92 2166186217/2779960087, Running for: 00:00:00, ETA: 03:33:11
[PROGRESS] INFO: = Downloaded: 2065.84 MiB
[PROGRESS] INFO: = Progress: 78.34 2177692817/2779960087, Running for: 00:00:00, ETA: 03:29:12
[PROGRESS] INFO: = Downloaded: 2076.81 MiB
[PROGRESS] INFO: = Progress: 78.64 2186167508/2779960087, Running for: 00:00:00, ETA: 03:15:13
[PROGRESS] INFO: = Downloaded: 2084.89 MiB
[PROGRESS] INFO: = Progress: 79.09 2198776779/2779960087, Running for: 00:00:00, ETA: 03:12:14
[PROGRESS] INFO: = Downloaded: 2096.92 MiB
[PROGRESS] INFO: = Progress: 79.46 2209051485/2779960087, Running for: 00:00:00, ETA: 03:01:15
[PROGRESS] INFO: = Downloaded: 2106.72 MiB
[PROGRESS] INFO: = Progress: 79.73 2216343624/2779960087, Running for: 00:00:00, ETA: 03:01:16
[PROGRESS] INFO: = Downloaded: 2113.67 MiB
[PROGRESS] INFO: = Progress: 80.25 2230910945/2779960087, Running for: 00:00:00, ETA: 02:47:17
[PROGRESS] INFO: = Downloaded: 2127.56 MiB
[PROGRESS] INFO: = Progress: 80.46 2236731730/2779960087, Running for: 00:00:00, ETA: 02:55:18
[PROGRESS] INFO: = Downloaded: 2133.11 MiB
[PROGRESS] INFO: = Progress: 80.96 2250647549/2779960087, Running for: 00:00:00, ETA: 02:47:19
[PROGRESS] INFO: = Downloaded: 2146.38 MiB
[PROGRESS] INFO: = Progress: 81.30 2259985992/2779960087, Running for: 00:00:00, ETA: 02:48:20
[PROGRESS] INFO: = Downloaded: 2155.29 MiB
[PROGRESS] INFO: = Progress: 81.49 2265492238/2779960087, Running for: 00:00:00, ETA: 02:53:21
[PROGRESS] INFO: = Downloaded: 2160.54 MiB
[PROGRESS] INFO: = Progress: 82.10 2282467871/2779960087, Running for: 00:00:00, ETA: 02:41:22
[PROGRESS] INFO: = Downloaded: 2176.73 MiB
[PROGRESS] INFO: = Progress: 82.50 2293464306/2779960087, Running for: 00:00:00, ETA: 02:23:23
[PROGRESS] INFO: = Downloaded: 2187.22 MiB
[PROGRESS] INFO: = Progress: 82.87 2303630164/2779960087, Running for: 00:00:00, ETA: 02:31:24
[PROGRESS] INFO: = Downloaded: 2196.91 MiB
[PROGRESS] INFO: = Progress: 83.26 2314639314/2779960087, Running for: 00:00:00, ETA: 02:24:25
[PROGRESS] INFO: = Downloaded: 2207.41 MiB
[PROGRESS] INFO: = Progress: 83.52 2321942077/2779960087, Running for: 00:00:00, ETA: 02:17:26
[PROGRESS] INFO: = Downloaded: 2214.38 MiB
[PROGRESS] INFO: = Progress: 83.90 2332297207/2779960087, Running for: 00:00:00, ETA: 02:33:27
[PROGRESS] INFO: = Downloaded: 2224.25 MiB
[PROGRESS] INFO: = Progress: 84.25 2342205220/2779960087, Running for: 00:00:00, ETA: 02:34:28
[PROGRESS] INFO: = Downloaded: 2233.70 MiB
[PROGRESS] INFO: = Progress: 84.73 2355373333/2779960087, Running for: 00:00:00, ETA: 02:21:29
[PROGRESS] INFO: = Downloaded: 2246.26 MiB
[PROGRESS] INFO: = Progress: 85.08 2365166647/2779960087, Running for: 00:00:00, ETA: 02:22:30
[PROGRESS] INFO: = Downloaded: 2255.60 MiB
[PROGRESS] INFO: = Progress: 85.25 2370035730/2779960087, Running for: 00:00:00, ETA: 02:28:31
[PROGRESS] INFO: = Downloaded: 2260.24 MiB
[PROGRESS] INFO: = Progress: 85.56 2378522198/2779960087, Running for: 00:00:00, ETA: 02:32:32
[PROGRESS] INFO: = Downloaded: 2268.34 MiB
[PROGRESS] INFO: = Progress: 86.04 2391752161/2779960087, Running for: 00:00:00, ETA: 02:17:33
[PROGRESS] INFO: = Downloaded: 2280.95 MiB
[PROGRESS] INFO: = Progress: 86.39 2401499534/2779960087, Running for: 00:00:00, ETA: 02:25:34
[PROGRESS] INFO: = Downloaded: 2290.25 MiB
[PROGRESS] INFO: = Progress: 86.75 2411530662/2779960087, Running for: 00:00:00, ETA: 02:21:35
[PROGRESS] INFO: = Downloaded: 2299.81 MiB
[PROGRESS] INFO: = Progress: 87.10 2421332426/2779960087, Running for: 00:00:00, ETA: 02:04:36
[PROGRESS] INFO: = Downloaded: 2309.16 MiB
[PROGRESS] INFO: = Progress: 87.53 2433198447/2779960087, Running for: 00:00:00, ETA: 01:53:37
[PROGRESS] INFO: = Downloaded: 2320.48 MiB
[PROGRESS] INFO: = Progress: 87.75 2439347356/2779960087, Running for: 00:00:00, ETA: 02:08:38
[PROGRESS] INFO: = Downloaded: 2326.34 MiB
[PROGRESS] INFO: = Progress: 88.27 2453862045/2779960087, Running for: 00:00:00, ETA: 01:52:39
[PROGRESS] INFO: = Downloaded: 2340.19 MiB
[PROGRESS] INFO: = Progress: 88.51 2460630175/2779960087, Running for: 00:00:00, ETA: 01:58:40
[PROGRESS] INFO: = Downloaded: 2346.64 MiB
[PROGRESS] INFO: = Progress: 88.91 2471645204/2779960087, Running for: 00:00:00, ETA: 01:51:41
[PROGRESS] INFO: = Downloaded: 2357.14 MiB
[PROGRESS] INFO: = Progress: 89.32 2483111135/2779960087, Running for: 00:00:00, ETA: 01:49:42
[PROGRESS] INFO: = Downloaded: 2368.08 MiB
[PROGRESS] INFO: = Progress: 89.69 2493300127/2779960087, Running for: 00:00:00, ETA: 01:37:43
[PROGRESS] INFO: = Downloaded: 2377.80 MiB
[PROGRESS] INFO: = Progress: 89.99 2501720352/2779960087, Running for: 00:00:00, ETA: 01:47:44
[PROGRESS] INFO: = Downloaded: 2385.83 MiB
[PROGRESS] INFO: = Progress: 90.42 2513613481/2779960087, Running for: 00:00:00, ETA: 01:33:45
[PROGRESS] INFO: = Downloaded: 2397.17 MiB
[PROGRESS] INFO: = Progress: 90.73 2522337148/2779960087, Running for: 00:00:00, ETA: 01:34:46
[PROGRESS] INFO: = Downloaded: 2405.49 MiB
[PROGRESS] INFO: = Progress: 91.09 2532288528/2779960087, Running for: 00:00:00, ETA: 01:34:47
[PROGRESS] INFO: = Downloaded: 2414.98 MiB
[PROGRESS] INFO: = Progress: 91.39 2540583992/2779960087, Running for: 00:00:00, ETA: 01:35:48
[PROGRESS] INFO: = Downloaded: 2422.89 MiB
[PROGRESS] INFO: = Progress: 91.79 2551814713/2779960087, Running for: 00:00:00, ETA: 01:26:49
[PROGRESS] INFO: = Downloaded: 2433.60 MiB
[PROGRESS] INFO: = Progress: 92.01 2557896471/2779960087, Running for: 00:00:00, ETA: 01:35:50
[PROGRESS] INFO: = Downloaded: 2439.40 MiB
[PROGRESS] INFO: = Progress: 92.42 2569241873/2779960087, Running for: 00:00:00, ETA: 01:25:51
[PROGRESS] INFO: = Downloaded: 2450.22 MiB
[PROGRESS] INFO: = Progress: 92.84 2580989236/2779960087, Running for: 00:00:00, ETA: 01:18:52
[PROGRESS] INFO: = Downloaded: 2461.42 MiB
[PROGRESS] INFO: = Progress: 93.03 2586116719/2779960087, Running for: 00:00:00, ETA: 01:22:53
[PROGRESS] INFO: = Downloaded: 2466.31 MiB
[PROGRESS] INFO: = Progress: 93.36 2595342551/2779960087, Running for: 00:00:00, ETA: 01:22:54
[PROGRESS] INFO: = Downloaded: 2475.11 MiB
[PROGRESS] INFO: = Progress: 93.89 2610141574/2779960087, Running for: 00:00:00, ETA: 01:03:55
[PROGRESS] INFO: = Downloaded: 2489.22 MiB
[PROGRESS] INFO: = Progress: 94.24 2619755524/2779960087, Running for: 00:00:00, ETA: 01:01:56
[PROGRESS] INFO: = Downloaded: 2498.39 MiB
[PROGRESS] INFO: = Progress: 94.44 2625267137/2779960087, Running for: 00:00:00, ETA: 01:08:57
[PROGRESS] INFO: = Downloaded: 2503.65 MiB
[PROGRESS] INFO: = Progress: 94.61 2629981867/2779960087, Running for: 00:00:00, ETA: 01:07:58
[PROGRESS] INFO: = Downloaded: 2508.15 MiB
[PROGRESS] INFO: = Progress: 94.95 2639519983/2779960087, Running for: 00:00:00, ETA: 01:02:59
[PROGRESS] INFO: = Downloaded: 2517.24 MiB
[PROGRESS] INFO: = Progress: 95.30 2649239119/2779960087, Running for: 00:00:00, ETA: 01:06:00
[PROGRESS] INFO: = Downloaded: 2526.51 MiB
[PROGRESS] INFO: = Progress: 95.52 2655510213/2779960087, Running for: 00:00:00, ETA: 01:09:01
[PROGRESS] INFO: = Downloaded: 2532.49 MiB
[PROGRESS] INFO: = Progress: 95.89 2665717276/2779960087, Running for: 00:00:00, ETA: 00:56:02
[PROGRESS] INFO: = Downloaded: 2542.23 MiB
[PROGRESS] INFO: = Progress: 96.38 2679333068/2779960087, Running for: 00:00:00, ETA: 00:41:03
[PROGRESS] INFO: = Downloaded: 2555.21 MiB
[PROGRESS] INFO: = Progress: 96.67 2687413062/2779960087, Running for: 00:00:00, ETA: 00:39:04
[PROGRESS] INFO: = Downloaded: 2562.92 MiB
[PROGRESS] INFO: = Progress: 96.88 2693206128/2779960087, Running for: 00:00:00, ETA: 00:39:05
[PROGRESS] INFO: = Downloaded: 2568.44 MiB
[PROGRESS] INFO: = Progress: 97.30 2704946413/2779960087, Running for: 00:00:00, ETA: 00:30:06
[PROGRESS] INFO: = Downloaded: 2579.64 MiB
[PROGRESS] INFO: = Progress: 97.60 2713115969/2779960087, Running for: 00:00:00, ETA: 00:28:07
[PROGRESS] INFO: = Downloaded: 2587.43 MiB
[PROGRESS] INFO: = Progress: 97.96 2723274676/2779960087, Running for: 00:00:00, ETA: 00:26:08
[PROGRESS] INFO: = Downloaded: 2597.12 MiB
[PROGRESS] INFO: = Progress: 98.36 2734435207/2779960087, Running for: 00:00:00, ETA: 00:19:09
[PROGRESS] INFO: = Downloaded: 2607.76 MiB
[PROGRESS] INFO: = Progress: 98.70 2743732683/2779960087, Running for: 00:00:00, ETA: 00:14:10
[PROGRESS] INFO: = Downloaded: 2616.63 MiB
[PROGRESS] INFO: = Progress: 99.03 2752921629/2779960087, Running for: 00:00:00, ETA: 00:11:11
[PROGRESS] INFO: = Downloaded: 2625.39 MiB
[PROGRESS] INFO: = Progress: 99.15 2756213279/2779960087, Running for: 00:00:00, ETA: 00:11:12
[PROGRESS] INFO: = Downloaded: 2628.53 MiB
[PROGRESS] INFO: = Progress: 99.56 2767801614/2779960087, Running for: 00:00:00, ETA: 00:05:13
[PROGRESS] INFO: = Downloaded: 2639.58 MiB
[PROGRESS] INFO: = Progress: 100.00 2779960087/2779960087, Running for: 00:00:00, ETA: 00:00:14
[PROGRESS] INFO: = Downloaded: 2651.18 MiB
[PROGRESS] INFO: = Progress: 100.00 2779960087/2779960087, Running for: 00:00:00, ETA: 00:00:15
[PROGRESS] INFO: = Downloaded: 2651.18 MiB
[PROGRESS] INFO: = Progress: 100.00 2779960087/2779960087, Running for: 00:00:00, ETA: 00:00:16
[PROGRESS] INFO: = Downloaded: 2651.18 MiB
[PROGRESS] INFO: = Progress: 100.00 2779960087/2779960087, Running for: 00:00:00, ETA: 00:00:17
[PROGRESS] INFO: = Downloaded: 2651.18 MiB
[PROGRESS] INFO: = Progress: 100.00 2779960087/2779960087, Running for: 00:00:00, ETA: 00:00:18
[PROGRESS] INFO: = Downloaded: 2651.18 MiB
[PROGRESS] INFO: = Progress: 100.00 2779960087/2779960087, Running for: 00:00:00, ETA: 00:00:19
[PROGRESS] INFO: = Downloaded: 2651.18 MiB
[PROGRESS] INFO: = Progress: 100.00 2779960087/2779960087, Running for: 00:00:00, ETA: 00:00:20
[PROGRESS] INFO: = Downloaded: 2651.18 MiB
