1: 0 2: 1033 3: 1252 
=== Loki aloitettu: 22.5.2022  11:54:05 ===
Viestin tyyppi: 0, Argumentti: 1033, 1252
Viestin tyyppi: 1, Argumentti: Microsoft Visual C++ 2019 X86 Additional Runtime - 14.22.27821
Toiminto 11:54:05: INSTALL. 
Toiminto alkoi 11:54:05: INSTALL.
1: 0 2: 1033 3: 1252 
1: 0 2: 1033 3: 1252 
=== Loki aloitettu: 22.5.2022  11:54:05 ===
Viestin tyyppi: 0, Argumentti: 1033, 1252
Viestin tyyppi: 1, Argumentti: Microsoft Visual C++ 2019 X86 Additional Runtime - 14.22.27821
Toiminto 11:54:05: INSTALL. 
Toiminto alkoi 11:54:05: INSTALL.
1: Microsoft Visual C++ 2019 X86 Additional Runtime - 14.22.27821 2: {3BDE80F7-7EC9-448E-8160-4ADA0CDA8879} 
Toiminto 11:54:05: FindRelatedProducts. Etsitään tähän liittyviä sovelluksia
Toiminto alkoi 11:54:05: FindRelatedProducts.
Toiminto loppui 11:54:05: FindRelatedProducts. Paluuarvo 1.
Toiminto 11:54:05: LaunchConditions. Arvioidaan käynnistysehtoja
Toiminto alkoi 11:54:05: LaunchConditions.
Toiminto loppui 11:54:05: LaunchConditions. Paluuarvo 1.
Toiminto 11:54:05: ValidateProductID. 
Toiminto alkoi 11:54:05: ValidateProductID.
Toiminto loppui 11:54:05: ValidateProductID. Paluuarvo 1.
Toiminto 11:54:05: CostInitialize. Lasketaan tilavaatimuksia
Toiminto alkoi 11:54:05: CostInitialize.
Toiminto loppui 11:54:05: CostInitialize. Paluuarvo 1.
Toiminto 11:54:05: FileCost. Lasketaan tilavaatimuksia
Toiminto alkoi 11:54:05: FileCost.
Toiminto loppui 11:54:05: FileCost. Paluuarvo 1.
Toiminto 11:54:05: CostFinalize. Lasketaan tilavaatimuksia
Toiminto alkoi 11:54:05: CostFinalize.
Toiminto loppui 11:54:05: CostFinalize. Paluuarvo 1.
Toiminto 11:54:05: InstallValidate. Vahvistetaan asennusta
Toiminto alkoi 11:54:05: InstallValidate.
Toiminto loppui 11:54:05: InstallValidate. Paluuarvo 1.
Toiminto 11:54:05: InstallInitialize. 
Toiminto alkoi 11:54:05: InstallInitialize.
Toiminto loppui 11:54:05: InstallInitialize. Paluuarvo 1.
Toiminto 11:54:05: RemoveExistingProducts. Poistetaan sovelluksia
Toiminto alkoi 11:54:05: RemoveExistingProducts.
Toiminto loppui 11:54:05: RemoveExistingProducts. Paluuarvo 1.
Toiminto 11:54:05: ProcessComponents. Päivitetään komponenttien rekisteröintiä
Toiminto alkoi 11:54:05: ProcessComponents.
Toiminto loppui 11:54:05: ProcessComponents. Paluuarvo 1.
Toiminto 11:54:05: UnpublishFeatures. Kumotaan tuotteen ominaisuuksien julkaisua
Toiminto alkoi 11:54:05: UnpublishFeatures.
Toiminto loppui 11:54:05: UnpublishFeatures. Paluuarvo 1.
Toiminto 11:54:05: RemoveRegistryValues. Poistetaan tietoja järjestelmärekisteristä
Toiminto alkoi 11:54:05: RemoveRegistryValues.
Toiminto loppui 11:54:05: RemoveRegistryValues. Paluuarvo 1.
Toiminto 11:54:05: RemoveFiles. Poistetaan tiedostoja
Toiminto alkoi 11:54:05: RemoveFiles.
Toiminto loppui 11:54:05: RemoveFiles. Paluuarvo 1.
Toiminto 11:54:05: InstallFiles. Kopioidaan uusia tiedostoja
Toiminto alkoi 11:54:05: InstallFiles.
Toiminto loppui 11:54:05: InstallFiles. Paluuarvo 1.
Toiminto 11:54:05: WriteRegistryValues. Kirjoitetaan järjestelmärekisterin tietoja
Toiminto alkoi 11:54:05: WriteRegistryValues.
Toiminto loppui 11:54:05: WriteRegistryValues. Paluuarvo 1.
Toiminto 11:54:05: RegisterUser. Rekisteröidään käyttäjää
Toiminto alkoi 11:54:05: RegisterUser.
Toiminto loppui 11:54:05: RegisterUser. Paluuarvo 1.
Toiminto 11:54:05: RegisterProduct. Rekisteröidään tuotetta
Toiminto alkoi 11:54:05: RegisterProduct.
Toiminto loppui 11:54:05: RegisterProduct. Paluuarvo 1.
Toiminto 11:54:05: PublishFeatures. Julkaistaan tuotteen ominaisuuksia
Toiminto alkoi 11:54:05: PublishFeatures.
Toiminto loppui 11:54:05: PublishFeatures. Paluuarvo 1.
Toiminto 11:54:05: PublishProduct. Julkaistaan tuotteen tietoja
Toiminto alkoi 11:54:05: PublishProduct.
Toiminto loppui 11:54:05: PublishProduct. Paluuarvo 1.
Toiminto 11:54:05: InstallFinalize. 
Toiminto alkoi 11:54:05: InstallFinalize.
Toiminto 11:54:05: ProcessComponents. Päivitetään komponenttien rekisteröintiä
Toiminto alkoi 11:54:05: ProcessComponents.
1: {3BDE80F7-7EC9-448E-8160-4ADA0CDA8879} 2: {E3819B64-3C56-3DD7-921D-00B011AD31DE} 3: 02:\SOFTWARE\Microsoft\VisualStudio\14.0\VC\Runtimes\X86\Version 
1: {3BDE80F7-7EC9-448E-8160-4ADA0CDA8879} 2: {4FD4AB8C-C57F-3782-9230-9CCA22153AD3} 3: C:\windows\syswow64\mfc140.dll 
1: {3BDE80F7-7EC9-448E-8160-4ADA0CDA8879} 2: {46A1EA6B-3D81-3399-8991-127F7F7AE76A} 3: C:\windows\syswow64\mfc140u.dll 
1: {3BDE80F7-7EC9-448E-8160-4ADA0CDA8879} 2: {C94DDE19-CC70-3B9A-A6AF-5CA7340B9B9A} 3: C:\windows\syswow64\mfcm140.dll 
1: {3BDE80F7-7EC9-448E-8160-4ADA0CDA8879} 2: {946D6FA6-49BB-3415-AD2D-4D634C432CF0} 3: C:\windows\syswow64\mfcm140u.dll 
1: {3BDE80F7-7EC9-448E-8160-4ADA0CDA8879} 2: {E533B148-A83A-3788-A763-0C6C46CF6CC3} 3: C:\windows\syswow64\mfc140chs.dll 
1: {3BDE80F7-7EC9-448E-8160-4ADA0CDA8879} 2: {8B35C1A3-3BC8-3C7F-B375-6D5B2E278BFF} 3: C:\windows\syswow64\mfc140cht.dll 
1: {3BDE80F7-7EC9-448E-8160-4ADA0CDA8879} 2: {A06367B0-D1B9-3CA0-A518-2BB563762257} 3: C:\windows\syswow64\mfc140deu.dll 
1: {3BDE80F7-7EC9-448E-8160-4ADA0CDA8879} 2: {B2A724FB-BE66-3A00-8162-733A2616AA43} 3: C:\windows\syswow64\mfc140enu.dll 
1: {3BDE80F7-7EC9-448E-8160-4ADA0CDA8879} 2: {29C00ECB-07FA-314C-93B9-A4058FE2025B} 3: C:\windows\syswow64\mfc140esn.dll 
1: {3BDE80F7-7EC9-448E-8160-4ADA0CDA8879} 2: {4E5D8DF7-1BC9-3950-B148-90102BCE777A} 3: C:\windows\syswow64\mfc140fra.dll 
1: {3BDE80F7-7EC9-448E-8160-4ADA0CDA8879} 2: {B9E93E81-8CA8-3A5A-AE53-58269C7974C8} 3: C:\windows\syswow64\mfc140ita.dll 
1: {3BDE80F7-7EC9-448E-8160-4ADA0CDA8879} 2: {BFAB25E7-7089-3F7F-B206-5B894ABD7B7A} 3: C:\windows\syswow64\mfc140jpn.dll 
1: {3BDE80F7-7EC9-448E-8160-4ADA0CDA8879} 2: {8A2ECF25-CE78-39E8-B94D-AB1B1A825FC3} 3: C:\windows\syswow64\mfc140kor.dll 
1: {3BDE80F7-7EC9-448E-8160-4ADA0CDA8879} 2: {DE8821FC-6B01-34B3-822E-1F37A99E4A2E} 3: C:\windows\syswow64\mfc140rus.dll 
1: {3BDE80F7-7EC9-448E-8160-4ADA0CDA8879} 2: {C96DC6F1-894A-33E0-A8C1-3E9E7394FA28} 3: 02:\SOFTWARE\Microsoft\DevDiv\VC\Servicing\14.0\SP 
1: {3BDE80F7-7EC9-448E-8160-4ADA0CDA8879} 2: {1EA220DF-5B36-3289-B979-D06841E41888} 3: 02:\SOFTWARE\Microsoft\DevDiv\VC\Servicing\14.0\RuntimeAdditional\Install 
1: {3BDE80F7-7EC9-448E-8160-4ADA0CDA8879} 2: {7F3A911D-F2F1-31B0-9880-590B7CA662C7} 3: -1:\Software\Classes\Installer\Dependencies\Microsoft.VS.VC_RuntimeAdditionalVSU_x86,v14\Version 
Toiminto loppui 11:54:05: ProcessComponents. Paluuarvo 1.
Toiminto 11:54:05: UnpublishFeatures. Kumotaan tuotteen ominaisuuksien julkaisua
Toiminto alkoi 11:54:05: UnpublishFeatures.
Toiminto loppui 11:54:05: UnpublishFeatures. Paluuarvo 1.
Toiminto 11:54:05: RemoveRegistryValues. Poistetaan tietoja järjestelmärekisteristä
Toiminto alkoi 11:54:05: RemoveRegistryValues.
Toiminto loppui 11:54:05: RemoveRegistryValues. Paluuarvo 1.
Toiminto 11:54:05: RemoveFiles. Poistetaan tiedostoja
Toiminto alkoi 11:54:05: RemoveFiles.
Tiedosto: mfc140.dll, Kansio: SystemFolder
Tiedosto: mfc140chs.dll, Kansio: SystemFolder
Tiedosto: mfc140cht.dll, Kansio: SystemFolder
Tiedosto: mfc140deu.dll, Kansio: SystemFolder
Tiedosto: mfc140enu.dll, Kansio: SystemFolder
Tiedosto: mfc140esn.dll, Kansio: SystemFolder
Tiedosto: mfc140fra.dll, Kansio: SystemFolder
Tiedosto: mfc140ita.dll, Kansio: SystemFolder
Tiedosto: mfc140jpn.dll, Kansio: SystemFolder
Tiedosto: mfc140kor.dll, Kansio: SystemFolder
Tiedosto: mfc140rus.dll, Kansio: SystemFolder
Tiedosto: mfc140u.dll, Kansio: SystemFolder
Tiedosto: mfcm140.dll, Kansio: SystemFolder
Tiedosto: mfcm140u.dll, Kansio: SystemFolder
Toiminto loppui 11:54:05: RemoveFiles. Paluuarvo 1.
Toiminto 11:54:05: InstallFiles. Kopioidaan uusia tiedostoja
Toiminto alkoi 11:54:05: InstallFiles.
Tiedosto: mfc140.dll,  Kansio: SystemFolder,  Koko: 4752144
Tiedosto: mfc140chs.dll,  Kansio: SystemFolder,  Koko: 47376
Tiedosto: mfc140cht.dll,  Kansio: SystemFolder,  Koko: 47376
Tiedosto: mfc140deu.dll,  Kansio: SystemFolder,  Koko: 76056
Tiedosto: mfc140enu.dll,  Kansio: SystemFolder,  Koko: 66320
Tiedosto: mfc140esn.dll,  Kansio: SystemFolder,  Koko: 75032
Tiedosto: mfc140fra.dll,  Kansio: SystemFolder,  Koko: 76048
Tiedosto: mfc140ita.dll,  Kansio: SystemFolder,  Koko: 74008
Tiedosto: mfc140jpn.dll,  Kansio: SystemFolder,  Koko: 55568
Tiedosto: mfc140kor.dll,  Kansio: SystemFolder,  Koko: 54544
Tiedosto: mfc140rus.dll,  Kansio: SystemFolder,  Koko: 71960
Tiedosto: mfc140u.dll,  Kansio: SystemFolder,  Koko: 5047272
Tiedosto: mfcm140.dll,  Kansio: SystemFolder,  Koko: 92944
Tiedosto: mfcm140u.dll,  Kansio: SystemFolder,  Koko: 92944
Toiminto loppui 11:54:05: InstallFiles. Paluuarvo 1.
Toiminto 11:54:05: WriteRegistryValues. Kirjoitetaan järjestelmärekisterin tietoja
Toiminto alkoi 11:54:05: WriteRegistryValues.
Avain: HKEY_LOCAL_MACHINE\SOFTWARE\Microsoft\VisualStudio\14.0\VC\Runtimes\X86, Nimi: Version, Arvo: v14.22.27821.00
Avain: HKEY_LOCAL_MACHINE\SOFTWARE\Microsoft\DevDiv\VC\Servicing\14.0, Nimi: SP, Arvo: 
Avain: HKEY_LOCAL_MACHINE\SOFTWARE\Microsoft\DevDiv\VC\Servicing\14.0\RuntimeAdditional, Nimi: Install, Arvo: 
Avain: HKEY_LOCAL_MACHINE\Software\Classes\Installer\Dependencies\Microsoft.VS.VC_RuntimeAdditionalVSU_x86,v14, Nimi: Version, Arvo: 14.22.27821
Avain: HKEY_LOCAL_MACHINE\SOFTWARE\Microsoft\VisualStudio\14.0\VC\Runtimes\X86, Nimi: Installed, Arvo: 
Avain: HKEY_LOCAL_MACHINE\SOFTWARE\Microsoft\VisualStudio\14.0\VC\Runtimes\X86, Nimi: Major, Arvo: 
Avain: HKEY_LOCAL_MACHINE\SOFTWARE\Microsoft\VisualStudio\14.0\VC\Runtimes\X86, Nimi: Minor, Arvo: 
Avain: HKEY_LOCAL_MACHINE\SOFTWARE\Microsoft\VisualStudio\14.0\VC\Runtimes\X86, Nimi: Bld, Arvo: 
Avain: HKEY_LOCAL_MACHINE\SOFTWARE\Microsoft\VisualStudio\14.0\VC\Runtimes\X86, Nimi: Rbld, Arvo: 
Avain: HKEY_LOCAL_MACHINE\SOFTWARE\Microsoft\DevDiv\VC\Servicing\14.0, Nimi: SPIndex, Arvo: 
Avain: HKEY_LOCAL_MACHINE\SOFTWARE\Microsoft\DevDiv\VC\Servicing\14.0\RuntimeAdditional, Nimi: InstallerType, Arvo: MSI
Avain: HKEY_LOCAL_MACHINE\SOFTWARE\Microsoft\DevDiv\VC\Servicing\14.0\RuntimeAdditional, Nimi: SP, Arvo: 
Avain: HKEY_LOCAL_MACHINE\SOFTWARE\Microsoft\DevDiv\VC\Servicing\14.0\RuntimeAdditional, Nimi: SPIndex, Arvo: 
Avain: HKEY_LOCAL_MACHINE\SOFTWARE\Microsoft\DevDiv\VC\Servicing\14.0\RuntimeAdditional, Nimi: SPName, Arvo: RTM
Avain: HKEY_LOCAL_MACHINE\SOFTWARE\Microsoft\DevDiv\VC\Servicing\14.0\RuntimeAdditional, Nimi: Version, Arvo: 14.22.27821
Avain: HKEY_LOCAL_MACHINE\SOFTWARE\Microsoft\DevDiv\VC\Servicing\14.0\RuntimeAdditional, Nimi: UpdateVersion, Arvo: 14.22.27821
Avain: HKEY_LOCAL_MACHINE\Software\Classes\Installer\Dependencies\Microsoft.VS.VC_RuntimeAdditionalVSU_x86,v14, Nimi: , Arvo: {3BDE80F7-7EC9-448E-8160-4ADA0CDA8879}
Avain: HKEY_LOCAL_MACHINE\Software\Classes\Installer\Dependencies\Microsoft.VS.VC_RuntimeAdditionalVSU_x86,v14, Nimi: DisplayName, Arvo: Microsoft Visual C++ 2019 X86 Additional Runtime - 14.22.27821
Toiminto loppui 11:54:05: WriteRegistryValues. Paluuarvo 1.
Toiminto 11:54:05: RegisterUser. Rekisteröidään käyttäjää
Toiminto alkoi 11:54:05: RegisterUser.
1:  
Toiminto loppui 11:54:05: RegisterUser. Paluuarvo 1.
Toiminto 11:54:05: RegisterProduct. Rekisteröidään tuotetta
Toiminto alkoi 11:54:05: RegisterProduct.
1: {3BDE80F7-7EC9-448E-8160-4ADA0CDA8879} 
Toiminto loppui 11:54:05: RegisterProduct. Paluuarvo 1.
Toiminto 11:54:05: PublishFeatures. Julkaistaan tuotteen ominaisuuksia
Toiminto alkoi 11:54:05: PublishFeatures.
Ominaisuus: VC_Runtime_Additional
Ominaisuus: Provider
Ominaisuus: Servicing_Key
Toiminto loppui 11:54:05: PublishFeatures. Paluuarvo 1.
Toiminto 11:54:05: PublishProduct. Julkaistaan tuotteen tietoja
Toiminto alkoi 11:54:05: PublishProduct.
1: {3BDE80F7-7EC9-448E-8160-4ADA0CDA8879} 
Toiminto loppui 11:54:05: PublishProduct. Paluuarvo 1.
Toiminto loppui 11:54:05: InstallFinalize. Paluuarvo 1.
Toiminto loppui 11:54:05: INSTALL. Paluuarvo 1.
1: Microsoft Visual C++ 2019 X86 Additional Runtime - 14.22.27821 2: {3BDE80F7-7EC9-448E-8160-4ADA0CDA8879} 3: 1 
Property(S): UpgradeCode = {C78B8E51-0C65-377E-85D1-282F689FE505}
Property(S): TARGETDIR = C:\
Property(S): SystemFolder = C:\windows\syswow64\
Property(S): SourceDir = C:\ProgramData\Package Cache\{3BDE80F7-7EC9-448E-8160-4ADA0CDA8879}v14.22.27821\packages\vcRuntimeAdditional_x86\
Property(S): ALLUSERS = 1
Property(S): FILESINUSETEXT = The following applications should be closed before continuing the install:
Property(S): INSTALLLEVEL = 2
Property(S): LIMITUI = 1
Property(S): REBOOT = ReallySuppress
Property(S): REPAIR_REINSTALLMODE = pecmsu
Property(S): ARPSYSTEMCOMPONENT = 1
Property(S): LocProductName = Microsoft Visual C++ 2019 X86 Runtime
Property(S): ProductCPU = x86
Property(S): ProductEdition = Runtime
Property(S): ProductFamily = VC
Property(S): RTM_ProductVersion = 14.22.27821
Property(S): MsiLogging = voicewarmup
Property(S): Manufacturer = Microsoft Corporation
Property(S): ProductCode = {3BDE80F7-7EC9-448E-8160-4ADA0CDA8879}
Property(S): ProductLanguage = 1033
Property(S): ProductName = Microsoft Visual C++ 2019 X86 Additional Runtime - 14.22.27821
Property(S): ProductVersion = 14.22.27821
Property(S): DirectoryTable100_x86 = DirectoryTable
Property(S): SecureCustomProperties = IGNOREDEPENDENCIES;NEWERVCRUNTIMEVERSIONDETECTED;UPGRADEVCRUNTIME
Property(S): AdminUser = 1
Property(S): Privileged = 1
Property(S): MsiRunningElevated = 1
Property(S): CommonAppDataFolder = C:\ProgramData\
Property(S): FavoritesFolder = C:\users\tommi\Favorites\
Property(S): FontsFolder = C:\windows\Fonts\
Property(S): SendToFolder = C:\users\tommi\AppData\Roaming\Microsoft\Windows\SendTo\
Property(S): StartMenuFolder = C:\users\tommi\AppData\Roaming\Microsoft\Windows\Start Menu\
Property(S): StartupFolder = C:\users\tommi\AppData\Roaming\Microsoft\Windows\Start Menu\Programs\StartUp\
Property(S): TemplateFolder = C:\users\tommi\AppData\Roaming\Microsoft\Windows\Templates\
Property(S): DesktopFolder = C:\users\tommi\Desktop\
Property(S): ProgramMenuFolder = C:\users\tommi\AppData\Roaming\Microsoft\Windows\Start Menu\Programs\
Property(S): AdminToolsFolder = C:\users\tommi\AppData\Roaming\Microsoft\Windows\Start Menu\Programs\Administrative Tools\
Property(S): AppDataFolder = C:\users\tommi\AppData\Roaming\
Property(S): System16Folder = C:\windows\system32\
Property(S): LocalAppDataFolder = C:\users\tommi\AppData\Local\
Property(S): MyPicturesFolder = C:\users\tommi\Pictures\
Property(S): PersonalFolder = C:\users\tommi\Documents\
Property(S): WindowsFolder = C:\windows\
Property(S): PrintHoodFolder = C:\users\tommi\AppData\Roaming\Microsoft\Windows\Printer Shortcuts\
Property(S): NetHoodFolder = C:\users\tommi\AppData\Roaming\Microsoft\Windows\Network Shortcuts\
Property(S): RecentFolder = C:\users\tommi\AppData\Roaming\Microsoft\Windows\Recent\
Property(S): PhysicalMemory = 32009
Property(S): WindowsVolume = C:\
Property(S): TempFolder = C:\users\tommi\Temp\
Property(S): VersionNT = 603
Property(S): MsiNTProductType = 1
Property(S): WindowsBuild = 9600
Property(S): ServicePackLevel = 0
Property(S): VersionMsi = 4.5
Property(S): VersionDatabase = 400
Property(S): Intel = 6
Property(S): MsiAMD64 = 6
Property(S): Msix64 = 6
Property(S): VersionNT64 = 603
Property(S): System64Folder = C:\windows\system32\
Property(S): ProgramFiles64Folder = C:\Program Files\
Property(S): ProgramFilesFolder = C:\Program Files (x86)\
Property(S): CommonFiles64Folder = C:\Program Files\Common Files\
Property(S): CommonFilesFolder = C:\Program Files (x86)\Common Files\
Property(S): ScreenX = 1920
Property(S): ScreenY = 1080
Property(S): ColorBits = 32
Property(S): UserSID = S-1-5-21-0-0-0-1000
Property(S): MsiNetAssemblySupport = 2.0.50727.4016
Property(S): UserLanguageID = 1035
Property(S): SystemLanguageID = 1035
Property(S): ProductState = -1
Property(S): LogonUser = tommi
Property(S): ComputerName = DSL-TREBNG11-54
Property(S): UILevel = 2
Property(S): PackageCode = {66258DD2-56D4-49DE-AA55-F1BDACA5C823}
Property(S): DATABASE = C:\windows\Installer\c6c4.msi
Property(S): OriginalDatabase = C:\ProgramData\Package Cache\{3BDE80F7-7EC9-448E-8160-4ADA0CDA8879}v14.22.27821\packages\vcRuntimeAdditional_x86\vc_runtimeAdditional_x86.msi
Property(S): SOURCEDIR = C:\ProgramData\Package Cache\{3BDE80F7-7EC9-448E-8160-4ADA0CDA8879}v14.22.27821\packages\vcRuntimeAdditional_x86\
Property(S): MSIFASTINSTALL = 7
Property(S): NOVSUI = 1
Property(S): ACTION = INSTALL
Property(S): EXECUTEACTION = INSTALL
Property(S): CostingComplete = 1
Property(S): ROOTDRIVE = C:\
Property(S): OutOfDiskSpace = 0
Property(S): OutOfNoRbDiskSpace = 0
1: 2 2: 0 
1: 2 2: 1 
Toiminto loppui 11:54:05: INSTALL. Paluuarvo 1.
