1: 0 2: 1033 3: 1252 
=== Loki aloitettu: 22.5.2022  11:54:05 ===
Viestin tyyppi: 0, Argumentti: 1033, 1252
Viestin tyyppi: 1, Argumentti: Microsoft Visual C++ 2019 X86 Minimum Runtime - 14.22.27821
Toiminto 11:54:05: INSTALL. 
Toiminto alkoi 11:54:05: INSTALL.
1: 0 2: 1033 3: 1252 
1: 0 2: 1033 3: 1252 
=== Loki aloitettu: 22.5.2022  11:54:05 ===
Viestin tyyppi: 0, Argumentti: 1033, 1252
Viestin tyyppi: 1, Argumentti: Microsoft Visual C++ 2019 X86 Minimum Runtime - 14.22.27821
Toiminto 11:54:05: INSTALL. 
Toiminto alkoi 11:54:05: INSTALL.
1: Microsoft Visual C++ 2019 X86 Minimum Runtime - 14.22.27821 2: {1E6FC929-567E-4D22-9206-C5B83F0A21B9} 
Toiminto 11:54:05: FindRelatedProducts. Etsitään tähän liittyviä sovelluksia
Toiminto alkoi 11:54:05: FindRelatedProducts.
Toiminto loppui 11:54:05: FindRelatedProducts. Paluuarvo 1.
Toiminto 11:54:05: LaunchConditions. Arvioidaan käynnistysehtoja
Toiminto alkoi 11:54:05: LaunchConditions.
Toiminto loppui 11:54:05: LaunchConditions. Paluuarvo 1.
Toiminto 11:54:05: ValidateProductID. 
Toiminto alkoi 11:54:05: ValidateProductID.
Toiminto loppui 11:54:05: ValidateProductID. Paluuarvo 1.
Toiminto 11:54:05: CostInitialize. Lasketaan tilavaatimuksia
Toiminto alkoi 11:54:05: CostInitialize.
Toiminto loppui 11:54:05: CostInitialize. Paluuarvo 1.
Toiminto 11:54:05: FileCost. Lasketaan tilavaatimuksia
Toiminto alkoi 11:54:05: FileCost.
Toiminto loppui 11:54:05: FileCost. Paluuarvo 1.
Toiminto 11:54:05: CostFinalize. Lasketaan tilavaatimuksia
Toiminto alkoi 11:54:05: CostFinalize.
Toiminto loppui 11:54:05: CostFinalize. Paluuarvo 1.
Toiminto 11:54:05: InstallValidate. Vahvistetaan asennusta
Toiminto alkoi 11:54:05: InstallValidate.
Toiminto loppui 11:54:05: InstallValidate. Paluuarvo 1.
Toiminto 11:54:05: InstallInitialize. 
Toiminto alkoi 11:54:05: InstallInitialize.
Toiminto loppui 11:54:05: InstallInitialize. Paluuarvo 1.
Toiminto 11:54:05: RemoveExistingProducts. Poistetaan sovelluksia
Toiminto alkoi 11:54:05: RemoveExistingProducts.
Toiminto loppui 11:54:05: RemoveExistingProducts. Paluuarvo 1.
Toiminto 11:54:05: ProcessComponents. Päivitetään komponenttien rekisteröintiä
Toiminto alkoi 11:54:05: ProcessComponents.
Toiminto loppui 11:54:05: ProcessComponents. Paluuarvo 1.
Toiminto 11:54:05: UnpublishFeatures. Kumotaan tuotteen ominaisuuksien julkaisua
Toiminto alkoi 11:54:05: UnpublishFeatures.
Toiminto loppui 11:54:05: UnpublishFeatures. Paluuarvo 1.
Toiminto 11:54:05: RemoveRegistryValues. Poistetaan tietoja järjestelmärekisteristä
Toiminto alkoi 11:54:05: RemoveRegistryValues.
Toiminto loppui 11:54:05: RemoveRegistryValues. Paluuarvo 1.
Toiminto 11:54:05: RemoveFiles. Poistetaan tiedostoja
Toiminto alkoi 11:54:05: RemoveFiles.
Toiminto loppui 11:54:05: RemoveFiles. Paluuarvo 1.
Toiminto 11:54:05: InstallFiles. Kopioidaan uusia tiedostoja
Toiminto alkoi 11:54:05: InstallFiles.
Toiminto loppui 11:54:05: InstallFiles. Paluuarvo 1.
Toiminto 11:54:05: WriteRegistryValues. Kirjoitetaan järjestelmärekisterin tietoja
Toiminto alkoi 11:54:05: WriteRegistryValues.
Toiminto loppui 11:54:05: WriteRegistryValues. Paluuarvo 1.
Toiminto 11:54:05: RegisterUser. Rekisteröidään käyttäjää
Toiminto alkoi 11:54:05: RegisterUser.
Toiminto loppui 11:54:05: RegisterUser. Paluuarvo 1.
Toiminto 11:54:05: RegisterProduct. Rekisteröidään tuotetta
Toiminto alkoi 11:54:05: RegisterProduct.
Toiminto loppui 11:54:05: RegisterProduct. Paluuarvo 1.
Toiminto 11:54:05: PublishFeatures. Julkaistaan tuotteen ominaisuuksia
Toiminto alkoi 11:54:05: PublishFeatures.
Toiminto loppui 11:54:05: PublishFeatures. Paluuarvo 1.
Toiminto 11:54:05: PublishProduct. Julkaistaan tuotteen tietoja
Toiminto alkoi 11:54:05: PublishProduct.
Toiminto loppui 11:54:05: PublishProduct. Paluuarvo 1.
Toiminto 11:54:05: InstallFinalize. 
Toiminto alkoi 11:54:05: InstallFinalize.
Toiminto 11:54:05: ProcessComponents. Päivitetään komponenttien rekisteröintiä
Toiminto alkoi 11:54:05: ProcessComponents.
1: {1E6FC929-567E-4D22-9206-C5B83F0A21B9} 2: {E3819B64-3C56-3DD7-921D-00B011AD31DE} 3: 02:\SOFTWARE\Microsoft\VisualStudio\14.0\VC\Runtimes\X86\Version 
1: {1E6FC929-567E-4D22-9206-C5B83F0A21B9} 2: {42F41217-AF8B-33D4-9CB3-FF5F696BECBB} 3:  
1: {1E6FC929-567E-4D22-9206-C5B83F0A21B9} 2: {E8E39D3B-4F35-36D8-B892-4B28336FE041} 3: C:\windows\syswow64\vcruntime140.dll 
1: {1E6FC929-567E-4D22-9206-C5B83F0A21B9} 2: {A2AA960C-FD3C-3A6D-BD6F-14933011AFB3} 3: C:\windows\syswow64\msvcp140.dll 
1: {1E6FC929-567E-4D22-9206-C5B83F0A21B9} 2: {A2E7203F-60C2-3D7E-8A46-DB3D381A2CE6} 3: C:\windows\syswow64\msvcp140_1.dll 
1: {1E6FC929-567E-4D22-9206-C5B83F0A21B9} 2: {BC0399EF-5E9D-3C7C-BFF5-5E9A95C96DAF} 3: C:\windows\syswow64\msvcp140_2.dll 
1: {1E6FC929-567E-4D22-9206-C5B83F0A21B9} 2: {A09E2159-AF75-436E-AA4D-25B6B0A11D60} 3: C:\windows\syswow64\msvcp140_codecvt_ids.dll 
1: {1E6FC929-567E-4D22-9206-C5B83F0A21B9} 2: {9FC931F8-9ED1-3263-A0F1-8ADE330D0ECE} 3: C:\windows\syswow64\concrt140.dll 
1: {1E6FC929-567E-4D22-9206-C5B83F0A21B9} 2: {0200CF79-B9A1-3BE4-955A-29FA9D4B1A5C} 3: C:\windows\syswow64\vccorlib140.dll 
1: {1E6FC929-567E-4D22-9206-C5B83F0A21B9} 2: {240E5802-BDC9-3681-9267-7CA35F29EEBF} 3: C:\windows\syswow64\vcamp140.dll 
1: {1E6FC929-567E-4D22-9206-C5B83F0A21B9} 2: {64DE6BFD-3D7C-36DF-9427-2DE6858F45CE} 3: C:\windows\syswow64\vcomp140.dll 
1: {1E6FC929-567E-4D22-9206-C5B83F0A21B9} 2: {C96DC6F1-894A-33E0-A8C1-3E9E7394FA28} 3: 02:\SOFTWARE\Microsoft\DevDiv\VC\Servicing\14.0\SP 
1: {1E6FC929-567E-4D22-9206-C5B83F0A21B9} 2: {7ACE84BA-4FF6-351B-AE91-E198DDB852EE} 3: 02:\SOFTWARE\Microsoft\DevDiv\VC\Servicing\14.0\RuntimeMinimum\Install 
1: {1E6FC929-567E-4D22-9206-C5B83F0A21B9} 2: {7F616D2F-B149-3802-BE4C-0F971B293B6C} 3: -1:\Software\Classes\Installer\Dependencies\Microsoft.VS.VC_RuntimeMinimumVSU_x86,v14\Version 
Toiminto loppui 11:54:05: ProcessComponents. Paluuarvo 1.
Toiminto 11:54:05: UnpublishFeatures. Kumotaan tuotteen ominaisuuksien julkaisua
Toiminto alkoi 11:54:05: UnpublishFeatures.
Toiminto loppui 11:54:05: UnpublishFeatures. Paluuarvo 1.
Toiminto 11:54:05: RemoveRegistryValues. Poistetaan tietoja järjestelmärekisteristä
Toiminto alkoi 11:54:05: RemoveRegistryValues.
Toiminto loppui 11:54:05: RemoveRegistryValues. Paluuarvo 1.
Toiminto 11:54:05: RemoveFiles. Poistetaan tiedostoja
Toiminto alkoi 11:54:05: RemoveFiles.
Tiedosto: api-ms-win-core-console-l1-1-0.dll, Kansio: SystemFolder
Tiedosto: api-ms-win-core-datetime-l1-1-0.dll, Kansio: SystemFolder
Tiedosto: api-ms-win-core-debug-l1-1-0.dll, Kansio: SystemFolder
Tiedosto: api-ms-win-core-errorhandling-l1-1-0.dll, Kansio: SystemFolder
Tiedosto: api-ms-win-core-file-l1-1-0.dll, Kansio: SystemFolder
Tiedosto: api-ms-win-core-file-l1-2-0.dll, Kansio: SystemFolder
Tiedosto: api-ms-win-core-file-l2-1-0.dll, Kansio: SystemFolder
Tiedosto: api-ms-win-core-handle-l1-1-0.dll, Kansio: SystemFolder
Tiedosto: api-ms-win-core-heap-l1-1-0.dll, Kansio: SystemFolder
Tiedosto: api-ms-win-core-interlocked-l1-1-0.dll, Kansio: SystemFolder
Tiedosto: api-ms-win-core-libraryloader-l1-1-0.dll, Kansio: SystemFolder
Tiedosto: api-ms-win-core-localization-l1-2-0.dll, Kansio: SystemFolder
Tiedosto: api-ms-win-core-memory-l1-1-0.dll, Kansio: SystemFolder
Tiedosto: api-ms-win-core-namedpipe-l1-1-0.dll, Kansio: SystemFolder
Tiedosto: api-ms-win-core-processenvironment-l1-1-0.dll, Kansio: SystemFolder
Tiedosto: api-ms-win-core-processthreads-l1-1-0.dll, Kansio: SystemFolder
Tiedosto: api-ms-win-core-processthreads-l1-1-1.dll, Kansio: SystemFolder
Tiedosto: api-ms-win-core-profile-l1-1-0.dll, Kansio: SystemFolder
Tiedosto: api-ms-win-core-rtlsupport-l1-1-0.dll, Kansio: SystemFolder
Tiedosto: api-ms-win-core-string-l1-1-0.dll, Kansio: SystemFolder
Tiedosto: api-ms-win-core-synch-l1-1-0.dll, Kansio: SystemFolder
Tiedosto: api-ms-win-core-synch-l1-2-0.dll, Kansio: SystemFolder
Tiedosto: api-ms-win-core-sysinfo-l1-1-0.dll, Kansio: SystemFolder
Tiedosto: api-ms-win-core-timezone-l1-1-0.dll, Kansio: SystemFolder
Tiedosto: api-ms-win-core-util-l1-1-0.dll, Kansio: SystemFolder
Tiedosto: api-ms-win-crt-conio-l1-1-0.dll, Kansio: SystemFolder
Tiedosto: api-ms-win-crt-convert-l1-1-0.dll, Kansio: SystemFolder
Tiedosto: api-ms-win-crt-environment-l1-1-0.dll, Kansio: SystemFolder
Tiedosto: api-ms-win-crt-filesystem-l1-1-0.dll, Kansio: SystemFolder
Tiedosto: api-ms-win-crt-heap-l1-1-0.dll, Kansio: SystemFolder
Tiedosto: api-ms-win-crt-locale-l1-1-0.dll, Kansio: SystemFolder
Tiedosto: api-ms-win-crt-math-l1-1-0.dll, Kansio: SystemFolder
Tiedosto: api-ms-win-crt-multibyte-l1-1-0.dll, Kansio: SystemFolder
Tiedosto: api-ms-win-crt-private-l1-1-0.dll, Kansio: SystemFolder
Tiedosto: api-ms-win-crt-process-l1-1-0.dll, Kansio: SystemFolder
Tiedosto: api-ms-win-crt-runtime-l1-1-0.dll, Kansio: SystemFolder
Tiedosto: api-ms-win-crt-stdio-l1-1-0.dll, Kansio: SystemFolder
Tiedosto: api-ms-win-crt-string-l1-1-0.dll, Kansio: SystemFolder
Tiedosto: api-ms-win-crt-time-l1-1-0.dll, Kansio: SystemFolder
Tiedosto: api-ms-win-crt-utility-l1-1-0.dll, Kansio: SystemFolder
Tiedosto: concrt140.dll, Kansio: SystemFolder
Tiedosto: msvcp140.dll, Kansio: SystemFolder
Tiedosto: msvcp140_1.dll, Kansio: SystemFolder
Tiedosto: msvcp140_2.dll, Kansio: SystemFolder
Tiedosto: msvcp140_codecvt_ids.dll, Kansio: SystemFolder
Tiedosto: ucrtbase.dll, Kansio: SystemFolder
Tiedosto: vcamp140.dll, Kansio: SystemFolder
Tiedosto: vccorlib140.dll, Kansio: SystemFolder
Tiedosto: vcomp140.dll, Kansio: SystemFolder
Tiedosto: vcruntime140.dll, Kansio: SystemFolder
Toiminto loppui 11:54:05: RemoveFiles. Paluuarvo 1.
Toiminto 11:54:05: InstallFiles. Kopioidaan uusia tiedostoja
Toiminto alkoi 11:54:05: InstallFiles.
Tiedosto: api-ms-win-core-console-l1-1-0.dll,  Kansio: SystemFolder,  Koko: 20248
Tiedosto: api-ms-win-core-datetime-l1-1-0.dll,  Kansio: SystemFolder,  Koko: 19728
Tiedosto: api-ms-win-core-debug-l1-1-0.dll,  Kansio: SystemFolder,  Koko: 19736
Tiedosto: api-ms-win-core-errorhandling-l1-1-0.dll,  Kansio: SystemFolder,  Koko: 19736
Tiedosto: api-ms-win-core-file-l1-1-0.dll,  Kansio: SystemFolder,  Koko: 23320
Tiedosto: api-ms-win-core-file-l1-2-0.dll,  Kansio: SystemFolder,  Koko: 19728
Tiedosto: api-ms-win-core-file-l2-1-0.dll,  Kansio: SystemFolder,  Koko: 19736
Tiedosto: api-ms-win-core-handle-l1-1-0.dll,  Kansio: SystemFolder,  Koko: 19736
Tiedosto: api-ms-win-core-heap-l1-1-0.dll,  Kansio: SystemFolder,  Koko: 20248
Tiedosto: api-ms-win-core-interlocked-l1-1-0.dll,  Kansio: SystemFolder,  Koko: 20240
Tiedosto: api-ms-win-core-libraryloader-l1-1-0.dll,  Kansio: SystemFolder,  Koko: 20240
Tiedosto: api-ms-win-core-localization-l1-2-0.dll,  Kansio: SystemFolder,  Koko: 22288
Tiedosto: api-ms-win-core-memory-l1-1-0.dll,  Kansio: SystemFolder,  Koko: 20248
Tiedosto: api-ms-win-core-namedpipe-l1-1-0.dll,  Kansio: SystemFolder,  Koko: 19736
Tiedosto: api-ms-win-core-processenvironment-l1-1-0.dll,  Kansio: SystemFolder,  Koko: 20968
Tiedosto: api-ms-win-core-processthreads-l1-1-0.dll,  Kansio: SystemFolder,  Koko: 21784
Tiedosto: api-ms-win-core-processthreads-l1-1-1.dll,  Kansio: SystemFolder,  Koko: 20240
Tiedosto: api-ms-win-core-profile-l1-1-0.dll,  Kansio: SystemFolder,  Koko: 19224
Tiedosto: api-ms-win-core-rtlsupport-l1-1-0.dll,  Kansio: SystemFolder,  Koko: 19216
Tiedosto: api-ms-win-core-string-l1-1-0.dll,  Kansio: SystemFolder,  Koko: 19736
Tiedosto: api-ms-win-core-synch-l1-1-0.dll,  Kansio: SystemFolder,  Koko: 21784
Tiedosto: api-ms-win-core-synch-l1-2-0.dll,  Kansio: SystemFolder,  Koko: 20248
Tiedosto: api-ms-win-core-sysinfo-l1-1-0.dll,  Kansio: SystemFolder,  Koko: 20752
Tiedosto: api-ms-win-core-timezone-l1-1-0.dll,  Kansio: SystemFolder,  Koko: 19736
Tiedosto: api-ms-win-core-util-l1-1-0.dll,  Kansio: SystemFolder,  Koko: 19952
Tiedosto: api-ms-win-crt-conio-l1-1-0.dll,  Kansio: SystemFolder,  Koko: 20968
Tiedosto: api-ms-win-crt-convert-l1-1-0.dll,  Kansio: SystemFolder,  Koko: 23832
Tiedosto: api-ms-win-crt-environment-l1-1-0.dll,  Kansio: SystemFolder,  Koko: 20248
Tiedosto: api-ms-win-crt-filesystem-l1-1-0.dll,  Kansio: SystemFolder,  Koko: 21784
Tiedosto: api-ms-win-crt-heap-l1-1-0.dll,  Kansio: SystemFolder,  Koko: 20760
Tiedosto: api-ms-win-crt-locale-l1-1-0.dll,  Kansio: SystemFolder,  Koko: 20248
Tiedosto: api-ms-win-crt-math-l1-1-0.dll,  Kansio: SystemFolder,  Koko: 30696
Tiedosto: api-ms-win-crt-multibyte-l1-1-0.dll,  Kansio: SystemFolder,  Koko: 27920
Tiedosto: api-ms-win-crt-private-l1-1-0.dll,  Kansio: SystemFolder,  Koko: 74512
Tiedosto: api-ms-win-crt-process-l1-1-0.dll,  Kansio: SystemFolder,  Koko: 20752
Tiedosto: api-ms-win-crt-runtime-l1-1-0.dll,  Kansio: SystemFolder,  Koko: 24576
Tiedosto: api-ms-win-crt-stdio-l1-1-0.dll,  Kansio: SystemFolder,  Koko: 25880
Tiedosto: api-ms-win-crt-string-l1-1-0.dll,  Kansio: SystemFolder,  Koko: 25880
Tiedosto: api-ms-win-crt-time-l1-1-0.dll,  Kansio: SystemFolder,  Koko: 22296
Tiedosto: api-ms-win-crt-utility-l1-1-0.dll,  Kansio: SystemFolder,  Koko: 20248
Tiedosto: concrt140.dll,  Kansio: SystemFolder,  Koko: 251664
Tiedosto: msvcp140.dll,  Kansio: SystemFolder,  Koko: 447768
Tiedosto: msvcp140_1.dll,  Kansio: SystemFolder,  Koko: 28944
Tiedosto: msvcp140_2.dll,  Kansio: SystemFolder,  Koko: 173328
Tiedosto: msvcp140_codecvt_ids.dll,  Kansio: SystemFolder,  Koko: 26392
Tiedosto: ucrtbase.dll,  Kansio: SystemFolder,  Koko: 922384
Tiedosto: vcamp140.dll,  Kansio: SystemFolder,  Koko: 357656
Tiedosto: vccorlib140.dll,  Kansio: SystemFolder,  Koko: 269592
Tiedosto: vcomp140.dll,  Kansio: SystemFolder,  Koko: 140560
Tiedosto: vcruntime140.dll,  Kansio: SystemFolder,  Koko: 80880
Toiminto loppui 11:54:05: InstallFiles. Paluuarvo 1.
Toiminto 11:54:05: WriteRegistryValues. Kirjoitetaan järjestelmärekisterin tietoja
Toiminto alkoi 11:54:05: WriteRegistryValues.
Avain: HKEY_LOCAL_MACHINE\SOFTWARE\Microsoft\VisualStudio\14.0\VC\Runtimes\X86, Nimi: Version, Arvo: v14.22.27821.00
Avain: HKEY_LOCAL_MACHINE\SOFTWARE\Microsoft\DevDiv\VC\Servicing\14.0, Nimi: SP, Arvo: 
Avain: HKEY_LOCAL_MACHINE\SOFTWARE\Microsoft\DevDiv\VC\Servicing\14.0\RuntimeMinimum, Nimi: Install, Arvo: 
Avain: HKEY_LOCAL_MACHINE\Software\Classes\Installer\Dependencies\Microsoft.VS.VC_RuntimeMinimumVSU_x86,v14, Nimi: Version, Arvo: 14.22.27821
Avain: HKEY_LOCAL_MACHINE\SOFTWARE\Microsoft\VisualStudio\14.0\VC\Runtimes\X86, Nimi: Installed, Arvo: 
Avain: HKEY_LOCAL_MACHINE\SOFTWARE\Microsoft\VisualStudio\14.0\VC\Runtimes\X86, Nimi: Major, Arvo: 
Avain: HKEY_LOCAL_MACHINE\SOFTWARE\Microsoft\VisualStudio\14.0\VC\Runtimes\X86, Nimi: Minor, Arvo: 
Avain: HKEY_LOCAL_MACHINE\SOFTWARE\Microsoft\VisualStudio\14.0\VC\Runtimes\X86, Nimi: Bld, Arvo: 
Avain: HKEY_LOCAL_MACHINE\SOFTWARE\Microsoft\VisualStudio\14.0\VC\Runtimes\X86, Nimi: Rbld, Arvo: 
Avain: HKEY_LOCAL_MACHINE\SOFTWARE\Microsoft\DevDiv\VC\Servicing\14.0, Nimi: SPIndex, Arvo: 
Avain: HKEY_LOCAL_MACHINE\SOFTWARE\Microsoft\DevDiv\VC\Servicing\14.0\RuntimeMinimum, Nimi: InstallerType, Arvo: MSI
Avain: HKEY_LOCAL_MACHINE\SOFTWARE\Microsoft\DevDiv\VC\Servicing\14.0\RuntimeMinimum, Nimi: SP, Arvo: 
Avain: HKEY_LOCAL_MACHINE\SOFTWARE\Microsoft\DevDiv\VC\Servicing\14.0\RuntimeMinimum, Nimi: SPIndex, Arvo: 
Avain: HKEY_LOCAL_MACHINE\SOFTWARE\Microsoft\DevDiv\VC\Servicing\14.0\RuntimeMinimum, Nimi: SPName, Arvo: RTM
Avain: HKEY_LOCAL_MACHINE\SOFTWARE\Microsoft\DevDiv\VC\Servicing\14.0\RuntimeMinimum, Nimi: Version, Arvo: 14.22.27821
Avain: HKEY_LOCAL_MACHINE\SOFTWARE\Microsoft\DevDiv\VC\Servicing\14.0\RuntimeMinimum, Nimi: UpdateVersion, Arvo: 14.22.27821
Avain: HKEY_LOCAL_MACHINE\Software\Classes\Installer\Dependencies\Microsoft.VS.VC_RuntimeMinimumVSU_x86,v14, Nimi: , Arvo: {1E6FC929-567E-4D22-9206-C5B83F0A21B9}
Avain: HKEY_LOCAL_MACHINE\Software\Classes\Installer\Dependencies\Microsoft.VS.VC_RuntimeMinimumVSU_x86,v14, Nimi: DisplayName, Arvo: Microsoft Visual C++ 2019 X86 Minimum Runtime - 14.22.27821
Toiminto loppui 11:54:05: WriteRegistryValues. Paluuarvo 1.
Toiminto 11:54:05: RegisterUser. Rekisteröidään käyttäjää
Toiminto alkoi 11:54:05: RegisterUser.
1:  
Toiminto loppui 11:54:05: RegisterUser. Paluuarvo 1.
Toiminto 11:54:05: RegisterProduct. Rekisteröidään tuotetta
Toiminto alkoi 11:54:05: RegisterProduct.
1: {1E6FC929-567E-4D22-9206-C5B83F0A21B9} 
Toiminto loppui 11:54:05: RegisterProduct. Paluuarvo 1.
Toiminto 11:54:05: PublishFeatures. Julkaistaan tuotteen ominaisuuksia
Toiminto alkoi 11:54:05: PublishFeatures.
Ominaisuus: VC_Runtime_Minimum
Ominaisuus: Provider
Ominaisuus: Servicing_Key
Toiminto loppui 11:54:05: PublishFeatures. Paluuarvo 1.
Toiminto 11:54:05: PublishProduct. Julkaistaan tuotteen tietoja
Toiminto alkoi 11:54:05: PublishProduct.
1: {1E6FC929-567E-4D22-9206-C5B83F0A21B9} 
Toiminto loppui 11:54:05: PublishProduct. Paluuarvo 1.
Toiminto loppui 11:54:05: InstallFinalize. Paluuarvo 1.
Toiminto loppui 11:54:05: INSTALL. Paluuarvo 1.
1: Microsoft Visual C++ 2019 X86 Minimum Runtime - 14.22.27821 2: {1E6FC929-567E-4D22-9206-C5B83F0A21B9} 3: 1 
Property(S): UpgradeCode = {65E5BD06-6392-3027-8C26-853107D3CF1A}
Property(S): TARGETDIR = C:\
Property(S): SystemFolder = C:\windows\syswow64\
Property(S): SourceDir = C:\ProgramData\Package Cache\{1E6FC929-567E-4D22-9206-C5B83F0A21B9}v14.22.27821\packages\vcRuntimeMinimum_x86\
Property(S): ALLUSERS = 1
Property(S): FILESINUSETEXT = The following applications should be closed before continuing the install:
Property(S): INSTALLLEVEL = 2
Property(S): LIMITUI = 1
Property(S): REBOOT = ReallySuppress
Property(S): REPAIR_REINSTALLMODE = pecmsu
Property(S): ARPSYSTEMCOMPONENT = 1
Property(S): LocProductName = Microsoft Visual C++ 2019 X86 Runtime
Property(S): ProductCPU = x86
Property(S): ProductEdition = RuntimeMinimum
Property(S): ProductFamily = VC
Property(S): RTM_ProductVersion = 14.22.27821
Property(S): MsiLogging = voicewarmupx
Property(S): Manufacturer = Microsoft Corporation
Property(S): ProductCode = {1E6FC929-567E-4D22-9206-C5B83F0A21B9}
Property(S): ProductLanguage = 1033
Property(S): ProductName = Microsoft Visual C++ 2019 X86 Minimum Runtime - 14.22.27821
Property(S): ProductVersion = 14.22.27821
Property(S): DirectoryTable100_x86 = DirectoryTable
Property(S): SecureCustomProperties = IGNOREDEPENDENCIES;NEWERVCRUNTIMEVERSIONDETECTED;UPGRADEVCRUNTIME
Property(S): AdminUser = 1
Property(S): Privileged = 1
Property(S): MsiRunningElevated = 1
Property(S): CommonAppDataFolder = C:\ProgramData\
Property(S): FavoritesFolder = C:\users\tommi\Favorites\
Property(S): FontsFolder = C:\windows\Fonts\
Property(S): SendToFolder = C:\users\tommi\AppData\Roaming\Microsoft\Windows\SendTo\
Property(S): StartMenuFolder = C:\users\tommi\AppData\Roaming\Microsoft\Windows\Start Menu\
Property(S): StartupFolder = C:\users\tommi\AppData\Roaming\Microsoft\Windows\Start Menu\Programs\StartUp\
Property(S): TemplateFolder = C:\users\tommi\AppData\Roaming\Microsoft\Windows\Templates\
Property(S): DesktopFolder = C:\users\tommi\Desktop\
Property(S): ProgramMenuFolder = C:\users\tommi\AppData\Roaming\Microsoft\Windows\Start Menu\Programs\
Property(S): AdminToolsFolder = C:\users\tommi\AppData\Roaming\Microsoft\Windows\Start Menu\Programs\Administrative Tools\
Property(S): AppDataFolder = C:\users\tommi\AppData\Roaming\
Property(S): System16Folder = C:\windows\system32\
Property(S): LocalAppDataFolder = C:\users\tommi\AppData\Local\
Property(S): MyPicturesFolder = C:\users\tommi\Pictures\
Property(S): PersonalFolder = C:\users\tommi\Documents\
Property(S): WindowsFolder = C:\windows\
Property(S): PrintHoodFolder = C:\users\tommi\AppData\Roaming\Microsoft\Windows\Printer Shortcuts\
Property(S): NetHoodFolder = C:\users\tommi\AppData\Roaming\Microsoft\Windows\Network Shortcuts\
Property(S): RecentFolder = C:\users\tommi\AppData\Roaming\Microsoft\Windows\Recent\
Property(S): PhysicalMemory = 32009
Property(S): WindowsVolume = C:\
Property(S): TempFolder = C:\users\tommi\Temp\
Property(S): VersionNT = 603
Property(S): MsiNTProductType = 1
Property(S): WindowsBuild = 9600
Property(S): ServicePackLevel = 0
Property(S): VersionMsi = 4.5
Property(S): VersionDatabase = 400
Property(S): Intel = 6
Property(S): MsiAMD64 = 6
Property(S): Msix64 = 6
Property(S): VersionNT64 = 603
Property(S): System64Folder = C:\windows\system32\
Property(S): ProgramFiles64Folder = C:\Program Files\
Property(S): ProgramFilesFolder = C:\Program Files (x86)\
Property(S): CommonFiles64Folder = C:\Program Files\Common Files\
Property(S): CommonFilesFolder = C:\Program Files (x86)\Common Files\
Property(S): ScreenX = 1920
Property(S): ScreenY = 1080
Property(S): ColorBits = 32
Property(S): UserSID = S-1-5-21-0-0-0-1000
Property(S): MsiNetAssemblySupport = 2.0.50727.4016
Property(S): UserLanguageID = 1035
Property(S): SystemLanguageID = 1035
Property(S): ProductState = -1
Property(S): LogonUser = tommi
Property(S): ComputerName = DSL-TREBNG11-54
Property(S): UILevel = 2
Property(S): PackageCode = {6993C3E3-C098-4AA8-B274-186833BFEC69}
Property(S): DATABASE = C:\windows\Installer\c668.msi
Property(S): OriginalDatabase = C:\ProgramData\Package Cache\{1E6FC929-567E-4D22-9206-C5B83F0A21B9}v14.22.27821\packages\vcRuntimeMinimum_x86\vc_runtimeMinimum_x86.msi
Property(S): SOURCEDIR = C:\ProgramData\Package Cache\{1E6FC929-567E-4D22-9206-C5B83F0A21B9}v14.22.27821\packages\vcRuntimeMinimum_x86\
Property(S): MSIFASTINSTALL = 7
Property(S): NOVSUI = 1
Property(S): ACTION = INSTALL
Property(S): EXECUTEACTION = INSTALL
Property(S): CostingComplete = 1
Property(S): ROOTDRIVE = C:\
Property(S): OutOfDiskSpace = 0
Property(S): OutOfNoRbDiskSpace = 0
1: 2 2: 0 
1: 2 2: 1 
Toiminto loppui 11:54:05: INSTALL. Paluuarvo 1.
