[01B8:01BC][2022-05-22T11:54:05]i001: Burn v3.10.4.4718, Windows v10.0 (Build 19043: Service Pack 0), path: C:\windows\temp\{FD5B4360-3DFA-4544-B130-140FCC7192ED}\.cr\vc_redist.x64.exe
[01B8:01BC][2022-05-22T11:54:05]i009: Command Line: '"-burn.clean.room=C:\Program Files\Rockstar Games\Launcher\Redistributables\VCRed\vc_redist.x64.exe" -burn.filehandle.attached=140 -burn.filehandle.self=144 /install /norestart /quiet'
[01B8:01BC][2022-05-22T11:54:05]i000: Setting string variable 'WixBundleOriginalSource' to value 'C:\Program Files\Rockstar Games\Launcher\Redistributables\VCRed\vc_redist.x64.exe'
[01B8:01BC][2022-05-22T11:54:05]i000: Setting string variable 'WixBundleOriginalSourceFolder' to value 'C:\Program Files\Rockstar Games\Launcher\Redistributables\VCRed\'
[01B8:01BC][2022-05-22T11:54:05]i000: Setting string variable 'WixBundleLog' to value 'C:\users\tommi\Temp\dd_vcredist_amd64_20220522115405.log'
[01B8:01BC][2022-05-22T11:54:05]i000: Setting string variable 'WixBundleName' to value 'Microsoft Visual C++ 2015-2019 Redistributable (x64) - 14.22.27821'
[01B8:01BC][2022-05-22T11:54:05]i000: Setting string variable 'WixBundleManufacturer' to value 'Microsoft Corporation'
[01B8:01C8][2022-05-22T11:54:05]i000: Setting version variable 'WixBundleFileVersion' to value '14.22.27821.0'
[01B8:01BC][2022-05-22T11:54:05]i100: Detect begin, 10 packages
[01B8:01BC][2022-05-22T11:54:05]i000: Setting version variable 'windows_uCRT_DetectKey' to value '10.0.14393.2247'
[01B8:01BC][2022-05-22T11:54:05]i000: Setting numeric variable 'windows_uCRT_DetectKeyExists' to value 1
[01B8:01BC][2022-05-22T11:54:05]i052: Condition '(VersionNT = v6.3 AND NOT VersionNT64) AND (windows_uCRT_DetectKeyExists AND windows_uCRT_DetectKey >= v10.0.10240.0)' evaluates to false.
[01B8:01BC][2022-05-22T11:54:05]i052: Condition '(VersionNT = v6.3 AND VersionNT64) AND (windows_uCRT_DetectKeyExists AND windows_uCRT_DetectKey >= v10.0.10240.0)' evaluates to false.
[01B8:01BC][2022-05-22T11:54:05]i052: Condition '(VersionNT = v6.2 AND NOT VersionNT64) AND (windows_uCRT_DetectKeyExists AND windows_uCRT_DetectKey >= v10.0.10240.0)' evaluates to false.
[01B8:01BC][2022-05-22T11:54:05]i052: Condition '(VersionNT = v6.2 AND VersionNT64) AND (windows_uCRT_DetectKeyExists AND windows_uCRT_DetectKey >= v10.0.10240.0)' evaluates to false.
[01B8:01BC][2022-05-22T11:54:05]i052: Condition '(VersionNT = v6.1 AND NOT VersionNT64) AND (windows_uCRT_DetectKeyExists AND windows_uCRT_DetectKey >= v10.0.10240.0)' evaluates to false.
[01B8:01BC][2022-05-22T11:54:05]i052: Condition '(VersionNT = v6.1 AND VersionNT64) AND (windows_uCRT_DetectKeyExists AND windows_uCRT_DetectKey >= v10.0.10240.0)' evaluates to false.
[01B8:01BC][2022-05-22T11:54:05]i052: Condition '(VersionNT = v6.0 AND NOT VersionNT64) AND (windows_uCRT_DetectKeyExists AND windows_uCRT_DetectKey >= v10.0.10240.0)' evaluates to false.
[01B8:01BC][2022-05-22T11:54:05]i052: Condition '(VersionNT = v6.0 AND VersionNT64) AND (windows_uCRT_DetectKeyExists AND windows_uCRT_DetectKey >= v10.0.10240.0)' evaluates to false.
[01B8:01BC][2022-05-22T11:54:05]i101: Detected package: Windows81_x86, state: Absent, cached: None
[01B8:01BC][2022-05-22T11:54:05]i101: Detected package: Windows81_x64, state: Absent, cached: None
[01B8:01BC][2022-05-22T11:54:05]i101: Detected package: Windows8_x86, state: Absent, cached: None
[01B8:01BC][2022-05-22T11:54:05]i101: Detected package: Windows8_x64, state: Absent, cached: None
[01B8:01BC][2022-05-22T11:54:05]i101: Detected package: Windows7_MSU_x86, state: Absent, cached: None
[01B8:01BC][2022-05-22T11:54:05]i101: Detected package: Windows7_MSU_x64, state: Absent, cached: None
[01B8:01BC][2022-05-22T11:54:05]i101: Detected package: WindowsVista_MSU_x86, state: Absent, cached: None
[01B8:01BC][2022-05-22T11:54:05]i101: Detected package: WindowsVista_MSU_x64, state: Absent, cached: None
[01B8:01BC][2022-05-22T11:54:05]i101: Detected package: vcRuntimeMinimum_x64, state: Absent, cached: None
[01B8:01BC][2022-05-22T11:54:05]i101: Detected package: vcRuntimeAdditional_x64, state: Absent, cached: None
[01B8:01BC][2022-05-22T11:54:05]i052: Condition 'VersionNT64 >= v6.0 OR (VersionNT64 = v5.2 AND ServicePackLevel >= 1)' evaluates to true.
[01B8:01BC][2022-05-22T11:54:05]i199: Detect complete, result: 0x0
[01B8:01BC][2022-05-22T11:54:05]i200: Plan begin, 10 packages, action: Install
[01B8:01BC][2022-05-22T11:54:05]i052: Condition 'VersionNT = v6.3 AND NOT VersionNT64' evaluates to false.
[01B8:01BC][2022-05-22T11:54:05]w321: Skipping dependency registration on package with no dependency providers: Windows81_x86
[01B8:01BC][2022-05-22T11:54:05]i052: Condition 'VersionNT = v6.3 AND VersionNT64' evaluates to false.
[01B8:01BC][2022-05-22T11:54:05]w321: Skipping dependency registration on package with no dependency providers: Windows81_x64
[01B8:01BC][2022-05-22T11:54:05]i052: Condition 'VersionNT = v6.2 AND NOT VersionNT64' evaluates to false.
[01B8:01BC][2022-05-22T11:54:05]w321: Skipping dependency registration on package with no dependency providers: Windows8_x86
[01B8:01BC][2022-05-22T11:54:05]i052: Condition 'VersionNT = v6.2 AND VersionNT64' evaluates to false.
[01B8:01BC][2022-05-22T11:54:05]w321: Skipping dependency registration on package with no dependency providers: Windows8_x64
[01B8:01BC][2022-05-22T11:54:05]i052: Condition 'VersionNT = v6.1 AND NOT VersionNT64' evaluates to false.
[01B8:01BC][2022-05-22T11:54:05]w321: Skipping dependency registration on package with no dependency providers: Windows7_MSU_x86
[01B8:01BC][2022-05-22T11:54:05]i052: Condition 'VersionNT = v6.1 AND VersionNT64' evaluates to false.
[01B8:01BC][2022-05-22T11:54:05]w321: Skipping dependency registration on package with no dependency providers: Windows7_MSU_x64
[01B8:01BC][2022-05-22T11:54:05]i052: Condition 'VersionNT = v6.0 AND NOT VersionNT64' evaluates to false.
[01B8:01BC][2022-05-22T11:54:05]w321: Skipping dependency registration on package with no dependency providers: WindowsVista_MSU_x86
[01B8:01BC][2022-05-22T11:54:05]i052: Condition 'VersionNT = v6.0 AND VersionNT64' evaluates to false.
[01B8:01BC][2022-05-22T11:54:05]w321: Skipping dependency registration on package with no dependency providers: WindowsVista_MSU_x64
[01B8:01BC][2022-05-22T11:54:05]i052: Condition '(VersionNT64)' evaluates to true.
[01B8:01BC][2022-05-22T11:54:05]i000: Setting string variable 'WixBundleRollbackLog_vcRuntimeMinimum_x64' to value 'C:\users\tommi\Temp\dd_vcredist_amd64_20220522115405_000_vcRuntimeMinimum_x64_rollback.log'
[01B8:01BC][2022-05-22T11:54:05]i000: Setting string variable 'WixBundleLog_vcRuntimeMinimum_x64' to value 'C:\users\tommi\Temp\dd_vcredist_amd64_20220522115405_000_vcRuntimeMinimum_x64.log'
[01B8:01BC][2022-05-22T11:54:05]i052: Condition '(VersionNT64)' evaluates to true.
[01B8:01BC][2022-05-22T11:54:05]i000: Setting string variable 'WixBundleRollbackLog_vcRuntimeAdditional_x64' to value 'C:\users\tommi\Temp\dd_vcredist_amd64_20220522115405_001_vcRuntimeAdditional_x64_rollback.log'
[01B8:01BC][2022-05-22T11:54:05]i000: Setting string variable 'WixBundleLog_vcRuntimeAdditional_x64' to value 'C:\users\tommi\Temp\dd_vcredist_amd64_20220522115405_001_vcRuntimeAdditional_x64.log'
[01B8:01BC][2022-05-22T11:54:05]i201: Planned package: Windows81_x86, state: Absent, default requested: Absent, ba requested: Absent, execute: None, rollback: None, cache: No, uncache: No, dependency: None
[01B8:01BC][2022-05-22T11:54:05]i201: Planned package: Windows81_x64, state: Absent, default requested: Absent, ba requested: Absent, execute: None, rollback: None, cache: No, uncache: No, dependency: None
[01B8:01BC][2022-05-22T11:54:05]i201: Planned package: Windows8_x86, state: Absent, default requested: Absent, ba requested: Absent, execute: None, rollback: None, cache: No, uncache: No, dependency: None
[01B8:01BC][2022-05-22T11:54:05]i201: Planned package: Windows8_x64, state: Absent, default requested: Absent, ba requested: Absent, execute: None, rollback: None, cache: No, uncache: No, dependency: None
[01B8:01BC][2022-05-22T11:54:05]i201: Planned package: Windows7_MSU_x86, state: Absent, default requested: Absent, ba requested: Absent, execute: None, rollback: None, cache: No, uncache: No, dependency: None
[01B8:01BC][2022-05-22T11:54:05]i201: Planned package: Windows7_MSU_x64, state: Absent, default requested: Absent, ba requested: Absent, execute: None, rollback: None, cache: No, uncache: No, dependency: None
[01B8:01BC][2022-05-22T11:54:05]i201: Planned package: WindowsVista_MSU_x86, state: Absent, default requested: Absent, ba requested: Absent, execute: None, rollback: None, cache: No, uncache: No, dependency: None
[01B8:01BC][2022-05-22T11:54:05]i201: Planned package: WindowsVista_MSU_x64, state: Absent, default requested: Absent, ba requested: Absent, execute: None, rollback: None, cache: No, uncache: No, dependency: None
[01B8:01BC][2022-05-22T11:54:05]i201: Planned package: vcRuntimeMinimum_x64, state: Absent, default requested: Present, ba requested: Present, execute: Install, rollback: Uninstall, cache: Yes, uncache: No, dependency: Register
[01B8:01BC][2022-05-22T11:54:05]i201: Planned package: vcRuntimeAdditional_x64, state: Absent, default requested: Present, ba requested: Present, execute: Install, rollback: Uninstall, cache: Yes, uncache: No, dependency: Register
[01B8:01BC][2022-05-22T11:54:05]i299: Plan complete, result: 0x0
[01B8:01BC][2022-05-22T11:54:05]i300: Apply begin
[01B8:01BC][2022-05-22T11:54:05]i010: Launching elevated engine process.
[01B8:01BC][2022-05-22T11:54:05]i011: Launched elevated engine process.
[01B8:01BC][2022-05-22T11:54:05]i012: Connected to elevated engine.
[01CC:01D0][2022-05-22T11:54:05]i358: Pausing automatic updates.
[01CC:01D0][2022-05-22T11:54:05]i359: Paused automatic updates.
[01CC:01D0][2022-05-22T11:54:05]i360: Creating a system restore point.
[01CC:01D0][2022-05-22T11:54:05]i361: Created a system restore point.
[01CC:01D0][2022-05-22T11:54:05]i370: Session begin, registration key: SOFTWARE\Microsoft\Windows\CurrentVersion\Uninstall\{6361b579-2795-4886-b2a8-53d5239b6452}, options: 0x7, disable resume: No
[01CC:01D0][2022-05-22T11:54:05]i000: Caching bundle from: 'C:\windows\Temp\{F573CC61-C176-463E-8B9B-5F8B1A7A0742}\.be\VC_redist.x64.exe' to: 'C:\ProgramData\Package Cache\{6361b579-2795-4886-b2a8-53d5239b6452}\VC_redist.x64.exe'
[01CC:01D0][2022-05-22T11:54:05]i320: Registering bundle dependency provider: VC,redist.x64,amd64,14.22,bundle, version: 14.22.27821.0
[01CC:01D0][2022-05-22T11:54:05]i371: Updating session, registration key: SOFTWARE\Microsoft\Windows\CurrentVersion\Uninstall\{6361b579-2795-4886-b2a8-53d5239b6452}, resume: Active, restart initiated: No, disable resume: No
[01CC:01DC][2022-05-22T11:54:06]i305: Verified acquired payload: vcRuntimeMinimum_x64 at path: C:\ProgramData\Package Cache\.unverified\vcRuntimeMinimum_x64, moving to: C:\ProgramData\Package Cache\{0093C20C-273D-4397-B623-515CB8616CB9}v14.22.27821\packages\vcRuntimeMinimum_amd64\vc_runtimeMinimum_x64.msi.
[01CC:01DC][2022-05-22T11:54:06]i305: Verified acquired payload: cab5046A8AB272BF37297BB7928664C9503 at path: C:\ProgramData\Package Cache\.unverified\cab5046A8AB272BF37297BB7928664C9503, moving to: C:\ProgramData\Package Cache\{0093C20C-273D-4397-B623-515CB8616CB9}v14.22.27821\packages\vcRuntimeMinimum_amd64\cab1.cab.
[01CC:01DC][2022-05-22T11:54:06]i305: Verified acquired payload: vcRuntimeAdditional_x64 at path: C:\ProgramData\Package Cache\.unverified\vcRuntimeAdditional_x64, moving to: C:\ProgramData\Package Cache\{6E2C7A8E-B17A-4637-9CE9-F0B1157CF378}v14.22.27821\packages\vcRuntimeAdditional_amd64\vc_runtimeAdditional_x64.msi.
[01CC:01DC][2022-05-22T11:54:06]i305: Verified acquired payload: cab2C04DDC374BD96EB5C8EB8208F2C7C92 at path: C:\ProgramData\Package Cache\.unverified\cab2C04DDC374BD96EB5C8EB8208F2C7C92, moving to: C:\ProgramData\Package Cache\{6E2C7A8E-B17A-4637-9CE9-F0B1157CF378}v14.22.27821\packages\vcRuntimeAdditional_amd64\cab1.cab.
[01CC:01D0][2022-05-22T11:54:06]i301: Applying execute package: vcRuntimeMinimum_x64, action: Install, path: C:\ProgramData\Package Cache\{0093C20C-273D-4397-B623-515CB8616CB9}v14.22.27821\packages\vcRuntimeMinimum_amd64\vc_runtimeMinimum_x64.msi, arguments: ' MSIFASTINSTALL="7" NOVSUI="1"'
[01B8:01BC][2022-05-22T11:54:06]i319: Applied execute package: vcRuntimeMinimum_x64, result: 0x0, restart: None
[01CC:01D0][2022-05-22T11:54:06]i325: Registering dependency: {6361b579-2795-4886-b2a8-53d5239b6452} on package provider: Microsoft.VS.VC_RuntimeMinimumVSU_amd64,v14, package: vcRuntimeMinimum_x64
[01CC:01D0][2022-05-22T11:54:06]i301: Applying execute package: vcRuntimeAdditional_x64, action: Install, path: C:\ProgramData\Package Cache\{6E2C7A8E-B17A-4637-9CE9-F0B1157CF378}v14.22.27821\packages\vcRuntimeAdditional_amd64\vc_runtimeAdditional_x64.msi, arguments: ' MSIFASTINSTALL="7" NOVSUI="1"'
[01B8:01BC][2022-05-22T11:54:06]i319: Applied execute package: vcRuntimeAdditional_x64, result: 0x0, restart: None
[01CC:01D0][2022-05-22T11:54:06]i325: Registering dependency: {6361b579-2795-4886-b2a8-53d5239b6452} on package provider: Microsoft.VS.VC_RuntimeAdditionalVSU_amd64,v14, package: vcRuntimeAdditional_x64
[01CC:01D0][2022-05-22T11:54:06]i372: Session end, registration key: SOFTWARE\Microsoft\Windows\CurrentVersion\Uninstall\{6361b579-2795-4886-b2a8-53d5239b6452}, resume: ARP, restart: None, disable resume: No
[01CC:01D0][2022-05-22T11:54:06]i371: Updating session, registration key: SOFTWARE\Microsoft\Windows\CurrentVersion\Uninstall\{6361b579-2795-4886-b2a8-53d5239b6452}, resume: ARP, restart initiated: No, disable resume: No
[01B8:01BC][2022-05-22T11:54:06]i399: Apply complete, result: 0x0, restart: None, ba requested restart:  No
[01B8:01BC][2022-05-22T11:54:06]i500: Shutting down, exit code: 0x0
[01B8:01BC][2022-05-22T11:54:06]i410: Variable: SystemFolder = C:\windows\system32\
[01B8:01BC][2022-05-22T11:54:06]i410: Variable: VersionNT = 10.0.0.0
[01B8:01BC][2022-05-22T11:54:06]i410: Variable: VersionNT64 = 10.0.0.0
[01B8:01BC][2022-05-22T11:54:06]i410: Variable: windows_uCRT_DetectKey = 10.0.14393.2247
[01B8:01BC][2022-05-22T11:54:06]i410: Variable: windows_uCRT_DetectKeyExists = 1
[01B8:01BC][2022-05-22T11:54:06]i410: Variable: WixBundleAction = 5
[01B8:01BC][2022-05-22T11:54:06]i410: Variable: WixBundleElevated = 1
[01B8:01BC][2022-05-22T11:54:06]i410: Variable: WixBundleFileVersion = 14.22.27821.0
[01B8:01BC][2022-05-22T11:54:06]i410: Variable: WixBundleInstalled = 0
[01B8:01BC][2022-05-22T11:54:06]i410: Variable: WixBundleLog = C:\users\tommi\Temp\dd_vcredist_amd64_20220522115405.log
[01B8:01BC][2022-05-22T11:54:06]i410: Variable: WixBundleLog_vcRuntimeAdditional_x64 = C:\users\tommi\Temp\dd_vcredist_amd64_20220522115405_001_vcRuntimeAdditional_x64.log
[01B8:01BC][2022-05-22T11:54:06]i410: Variable: WixBundleLog_vcRuntimeMinimum_x64 = C:\users\tommi\Temp\dd_vcredist_amd64_20220522115405_000_vcRuntimeMinimum_x64.log
[01B8:01BC][2022-05-22T11:54:06]i410: Variable: WixBundleManufacturer = Microsoft Corporation
[01B8:01BC][2022-05-22T11:54:06]i410: Variable: WixBundleName = Microsoft Visual C++ 2015-2019 Redistributable (x64) - 14.22.27821
[01B8:01BC][2022-05-22T11:54:06]i410: Variable: WixBundleOriginalSource = C:\Program Files\Rockstar Games\Launcher\Redistributables\VCRed\vc_redist.x64.exe
[01B8:01BC][2022-05-22T11:54:06]i410: Variable: WixBundleOriginalSourceFolder = C:\Program Files\Rockstar Games\Launcher\Redistributables\VCRed\
[01B8:01BC][2022-05-22T11:54:06]i410: Variable: WixBundleProviderKey = VC,redist.x64,amd64,14.22,bundle
[01B8:01BC][2022-05-22T11:54:06]i410: Variable: WixBundleRollbackLog_vcRuntimeAdditional_x64 = C:\users\tommi\Temp\dd_vcredist_amd64_20220522115405_001_vcRuntimeAdditional_x64_rollback.log
[01B8:01BC][2022-05-22T11:54:06]i410: Variable: WixBundleRollbackLog_vcRuntimeMinimum_x64 = C:\users\tommi\Temp\dd_vcredist_amd64_20220522115405_000_vcRuntimeMinimum_x64_rollback.log
[01B8:01BC][2022-05-22T11:54:06]i410: Variable: WixBundleSourceProcessFolder = C:\Program Files\Rockstar Games\Launcher\Redistributables\VCRed\
[01B8:01BC][2022-05-22T11:54:06]i410: Variable: WixBundleSourceProcessPath = C:\Program Files\Rockstar Games\Launcher\Redistributables\VCRed\vc_redist.x64.exe
[01B8:01BC][2022-05-22T11:54:06]i410: Variable: WixBundleTag = 
[01B8:01BC][2022-05-22T11:54:06]i410: Variable: WixBundleVersion = 14.22.27821.0
[01B8:01BC][2022-05-22T11:54:06]i007: Exit code: 0x0, restarting: No
