[017C:0180][2022-05-22T11:54:04]i001: Burn v3.10.4.4718, Windows v10.0 (Build 19043: Service Pack 0), path: C:\windows\temp\{2FDE1599-1381-459B-897A-30FA816B23C7}\.cr\vc_redist.x86.exe
[017C:0180][2022-05-22T11:54:04]i009: Command Line: '"-burn.clean.room=C:\Program Files\Rockstar Games\Launcher\Redistributables\VCRed\vc_redist.x86.exe" -burn.filehandle.attached=140 -burn.filehandle.self=144 /install /norestart /quiet'
[017C:0180][2022-05-22T11:54:04]i000: Setting string variable 'WixBundleOriginalSource' to value 'C:\Program Files\Rockstar Games\Launcher\Redistributables\VCRed\vc_redist.x86.exe'
[017C:0180][2022-05-22T11:54:04]i000: Setting string variable 'WixBundleOriginalSourceFolder' to value 'C:\Program Files\Rockstar Games\Launcher\Redistributables\VCRed\'
[017C:0180][2022-05-22T11:54:04]i000: Setting string variable 'WixBundleLog' to value 'C:\users\tommi\Temp\dd_vcredist_x86_20220522115404.log'
[017C:0180][2022-05-22T11:54:04]i000: Setting string variable 'WixBundleName' to value 'Microsoft Visual C++ 2015-2019 Redistributable (x86) - 14.22.27821'
[017C:0180][2022-05-22T11:54:04]i000: Setting string variable 'WixBundleManufacturer' to value 'Microsoft Corporation'
[017C:018C][2022-05-22T11:54:04]i000: Setting version variable 'WixBundleFileVersion' to value '14.22.27821.0'
[017C:0180][2022-05-22T11:54:04]i100: Detect begin, 10 packages
[017C:0180][2022-05-22T11:54:04]i000: Setting version variable 'windows_uCRT_DetectKey' to value '10.0.14393.2247'
[017C:0180][2022-05-22T11:54:04]i000: Setting numeric variable 'windows_uCRT_DetectKeyExists' to value 1
[017C:0180][2022-05-22T11:54:04]i052: Condition '(VersionNT = v6.3 AND NOT VersionNT64) AND (windows_uCRT_DetectKeyExists AND windows_uCRT_DetectKey >= v10.0.10240.0)' evaluates to false.
[017C:0180][2022-05-22T11:54:04]i052: Condition '(VersionNT = v6.3 AND VersionNT64) AND (windows_uCRT_DetectKeyExists AND windows_uCRT_DetectKey >= v10.0.10240.0)' evaluates to false.
[017C:0180][2022-05-22T11:54:04]i052: Condition '(VersionNT = v6.2 AND NOT VersionNT64) AND (windows_uCRT_DetectKeyExists AND windows_uCRT_DetectKey >= v10.0.10240.0)' evaluates to false.
[017C:0180][2022-05-22T11:54:04]i052: Condition '(VersionNT = v6.2 AND VersionNT64) AND (windows_uCRT_DetectKeyExists AND windows_uCRT_DetectKey >= v10.0.10240.0)' evaluates to false.
[017C:0180][2022-05-22T11:54:04]i052: Condition '(VersionNT = v6.1 AND NOT VersionNT64) AND (windows_uCRT_DetectKeyExists AND windows_uCRT_DetectKey >= v10.0.10240.0)' evaluates to false.
[017C:0180][2022-05-22T11:54:04]i052: Condition '(VersionNT = v6.1 AND VersionNT64) AND (windows_uCRT_DetectKeyExists AND windows_uCRT_DetectKey >= v10.0.10240.0)' evaluates to false.
[017C:0180][2022-05-22T11:54:04]i052: Condition '(VersionNT = v6.0 AND NOT VersionNT64) AND (windows_uCRT_DetectKeyExists AND windows_uCRT_DetectKey >= v10.0.10240.0)' evaluates to false.
[017C:0180][2022-05-22T11:54:04]i052: Condition '(VersionNT = v6.0 AND VersionNT64) AND (windows_uCRT_DetectKeyExists AND windows_uCRT_DetectKey >= v10.0.10240.0)' evaluates to false.
[017C:0180][2022-05-22T11:54:04]i101: Detected package: Windows81_x86, state: Absent, cached: None
[017C:0180][2022-05-22T11:54:04]i101: Detected package: Windows81_x64, state: Absent, cached: None
[017C:0180][2022-05-22T11:54:04]i101: Detected package: Windows8_x86, state: Absent, cached: None
[017C:0180][2022-05-22T11:54:04]i101: Detected package: Windows8_x64, state: Absent, cached: None
[017C:0180][2022-05-22T11:54:04]i101: Detected package: Windows7_MSU_x86, state: Absent, cached: None
[017C:0180][2022-05-22T11:54:04]i101: Detected package: Windows7_MSU_x64, state: Absent, cached: None
[017C:0180][2022-05-22T11:54:04]i101: Detected package: WindowsVista_MSU_x86, state: Absent, cached: None
[017C:0180][2022-05-22T11:54:04]i101: Detected package: WindowsVista_MSU_x64, state: Absent, cached: None
[017C:0180][2022-05-22T11:54:04]i101: Detected package: vcRuntimeMinimum_x86, state: Absent, cached: None
[017C:0180][2022-05-22T11:54:04]i101: Detected package: vcRuntimeAdditional_x86, state: Absent, cached: None
[017C:0180][2022-05-22T11:54:04]i052: Condition 'VersionNT >= v6.0 OR (VersionNT = v5.1 AND ServicePackLevel >= 2) OR (VersionNT = v5.2 AND ServicePackLevel >= 1)' evaluates to true.
[017C:0180][2022-05-22T11:54:04]i199: Detect complete, result: 0x0
[017C:0180][2022-05-22T11:54:04]i200: Plan begin, 10 packages, action: Install
[017C:0180][2022-05-22T11:54:04]i052: Condition 'VersionNT = v6.3 AND NOT VersionNT64' evaluates to false.
[017C:0180][2022-05-22T11:54:04]w321: Skipping dependency registration on package with no dependency providers: Windows81_x86
[017C:0180][2022-05-22T11:54:04]i052: Condition 'VersionNT = v6.3 AND VersionNT64' evaluates to false.
[017C:0180][2022-05-22T11:54:04]w321: Skipping dependency registration on package with no dependency providers: Windows81_x64
[017C:0180][2022-05-22T11:54:04]i052: Condition 'VersionNT = v6.2 AND NOT VersionNT64' evaluates to false.
[017C:0180][2022-05-22T11:54:04]w321: Skipping dependency registration on package with no dependency providers: Windows8_x86
[017C:0180][2022-05-22T11:54:04]i052: Condition 'VersionNT = v6.2 AND VersionNT64' evaluates to false.
[017C:0180][2022-05-22T11:54:04]w321: Skipping dependency registration on package with no dependency providers: Windows8_x64
[017C:0180][2022-05-22T11:54:04]i052: Condition 'VersionNT = v6.1 AND NOT VersionNT64' evaluates to false.
[017C:0180][2022-05-22T11:54:04]w321: Skipping dependency registration on package with no dependency providers: Windows7_MSU_x86
[017C:0180][2022-05-22T11:54:04]i052: Condition 'VersionNT = v6.1 AND VersionNT64' evaluates to false.
[017C:0180][2022-05-22T11:54:04]w321: Skipping dependency registration on package with no dependency providers: Windows7_MSU_x64
[017C:0180][2022-05-22T11:54:04]i052: Condition 'VersionNT = v6.0 AND NOT VersionNT64' evaluates to false.
[017C:0180][2022-05-22T11:54:04]w321: Skipping dependency registration on package with no dependency providers: WindowsVista_MSU_x86
[017C:0180][2022-05-22T11:54:04]i052: Condition 'VersionNT = v6.0 AND VersionNT64' evaluates to false.
[017C:0180][2022-05-22T11:54:04]w321: Skipping dependency registration on package with no dependency providers: WindowsVista_MSU_x64
[017C:0180][2022-05-22T11:54:04]i000: Setting string variable 'WixBundleRollbackLog_vcRuntimeMinimum_x86' to value 'C:\users\tommi\Temp\dd_vcredist_x86_20220522115404_000_vcRuntimeMinimum_x86_rollback.log'
[017C:0180][2022-05-22T11:54:04]i000: Setting string variable 'WixBundleLog_vcRuntimeMinimum_x86' to value 'C:\users\tommi\Temp\dd_vcredist_x86_20220522115404_000_vcRuntimeMinimum_x86.log'
[017C:0180][2022-05-22T11:54:04]i000: Setting string variable 'WixBundleRollbackLog_vcRuntimeAdditional_x86' to value 'C:\users\tommi\Temp\dd_vcredist_x86_20220522115404_001_vcRuntimeAdditional_x86_rollback.log'
[017C:0180][2022-05-22T11:54:04]i000: Setting string variable 'WixBundleLog_vcRuntimeAdditional_x86' to value 'C:\users\tommi\Temp\dd_vcredist_x86_20220522115404_001_vcRuntimeAdditional_x86.log'
[017C:0180][2022-05-22T11:54:04]i201: Planned package: Windows81_x86, state: Absent, default requested: Absent, ba requested: Absent, execute: None, rollback: None, cache: No, uncache: No, dependency: None
[017C:0180][2022-05-22T11:54:04]i201: Planned package: Windows81_x64, state: Absent, default requested: Absent, ba requested: Absent, execute: None, rollback: None, cache: No, uncache: No, dependency: None
[017C:0180][2022-05-22T11:54:04]i201: Planned package: Windows8_x86, state: Absent, default requested: Absent, ba requested: Absent, execute: None, rollback: None, cache: No, uncache: No, dependency: None
[017C:0180][2022-05-22T11:54:04]i201: Planned package: Windows8_x64, state: Absent, default requested: Absent, ba requested: Absent, execute: None, rollback: None, cache: No, uncache: No, dependency: None
[017C:0180][2022-05-22T11:54:04]i201: Planned package: Windows7_MSU_x86, state: Absent, default requested: Absent, ba requested: Absent, execute: None, rollback: None, cache: No, uncache: No, dependency: None
[017C:0180][2022-05-22T11:54:04]i201: Planned package: Windows7_MSU_x64, state: Absent, default requested: Absent, ba requested: Absent, execute: None, rollback: None, cache: No, uncache: No, dependency: None
[017C:0180][2022-05-22T11:54:04]i201: Planned package: WindowsVista_MSU_x86, state: Absent, default requested: Absent, ba requested: Absent, execute: None, rollback: None, cache: No, uncache: No, dependency: None
[017C:0180][2022-05-22T11:54:04]i201: Planned package: WindowsVista_MSU_x64, state: Absent, default requested: Absent, ba requested: Absent, execute: None, rollback: None, cache: No, uncache: No, dependency: None
[017C:0180][2022-05-22T11:54:04]i201: Planned package: vcRuntimeMinimum_x86, state: Absent, default requested: Present, ba requested: Present, execute: Install, rollback: Uninstall, cache: Yes, uncache: No, dependency: Register
[017C:0180][2022-05-22T11:54:04]i201: Planned package: vcRuntimeAdditional_x86, state: Absent, default requested: Present, ba requested: Present, execute: Install, rollback: Uninstall, cache: Yes, uncache: No, dependency: Register
[017C:0180][2022-05-22T11:54:04]i299: Plan complete, result: 0x0
[017C:0180][2022-05-22T11:54:04]i300: Apply begin
[017C:0180][2022-05-22T11:54:04]i010: Launching elevated engine process.
[017C:0180][2022-05-22T11:54:04]i011: Launched elevated engine process.
[017C:0180][2022-05-22T11:54:05]i012: Connected to elevated engine.
[0190:0194][2022-05-22T11:54:05]i358: Pausing automatic updates.
[0190:0194][2022-05-22T11:54:05]i359: Paused automatic updates.
[0190:0194][2022-05-22T11:54:05]i360: Creating a system restore point.
[0190:0194][2022-05-22T11:54:05]i361: Created a system restore point.
[0190:0194][2022-05-22T11:54:05]i370: Session begin, registration key: SOFTWARE\Microsoft\Windows\CurrentVersion\Uninstall\{5bfc1380-fd35-4b85-9715-7351535d077e}, options: 0x7, disable resume: No
[0190:0194][2022-05-22T11:54:05]i000: Caching bundle from: 'C:\windows\Temp\{71BE8ABA-D546-4C8C-AC7B-7481F74B199D}\.be\VC_redist.x86.exe' to: 'C:\ProgramData\Package Cache\{5bfc1380-fd35-4b85-9715-7351535d077e}\VC_redist.x86.exe'
[0190:0194][2022-05-22T11:54:05]i320: Registering bundle dependency provider: VC,redist.x86,x86,14.22,bundle, version: 14.22.27821.0
[0190:0194][2022-05-22T11:54:05]i371: Updating session, registration key: SOFTWARE\Microsoft\Windows\CurrentVersion\Uninstall\{5bfc1380-fd35-4b85-9715-7351535d077e}, resume: Active, restart initiated: No, disable resume: No
[0190:01A0][2022-05-22T11:54:05]i305: Verified acquired payload: vcRuntimeMinimum_x86 at path: C:\ProgramData\Package Cache\.unverified\vcRuntimeMinimum_x86, moving to: C:\ProgramData\Package Cache\{1E6FC929-567E-4D22-9206-C5B83F0A21B9}v14.22.27821\packages\vcRuntimeMinimum_x86\vc_runtimeMinimum_x86.msi.
[0190:01A0][2022-05-22T11:54:05]i305: Verified acquired payload: cab54A5CABBE7274D8A22EB58060AAB7623 at path: C:\ProgramData\Package Cache\.unverified\cab54A5CABBE7274D8A22EB58060AAB7623, moving to: C:\ProgramData\Package Cache\{1E6FC929-567E-4D22-9206-C5B83F0A21B9}v14.22.27821\packages\vcRuntimeMinimum_x86\cab1.cab.
[0190:01A0][2022-05-22T11:54:05]i305: Verified acquired payload: vcRuntimeAdditional_x86 at path: C:\ProgramData\Package Cache\.unverified\vcRuntimeAdditional_x86, moving to: C:\ProgramData\Package Cache\{3BDE80F7-7EC9-448E-8160-4ADA0CDA8879}v14.22.27821\packages\vcRuntimeAdditional_x86\vc_runtimeAdditional_x86.msi.
[0190:01A0][2022-05-22T11:54:05]i305: Verified acquired payload: cabB3E1576D1FEFBB979E13B1A5379E0B16 at path: C:\ProgramData\Package Cache\.unverified\cabB3E1576D1FEFBB979E13B1A5379E0B16, moving to: C:\ProgramData\Package Cache\{3BDE80F7-7EC9-448E-8160-4ADA0CDA8879}v14.22.27821\packages\vcRuntimeAdditional_x86\cab1.cab.
[0190:0194][2022-05-22T11:54:05]i301: Applying execute package: vcRuntimeMinimum_x86, action: Install, path: C:\ProgramData\Package Cache\{1E6FC929-567E-4D22-9206-C5B83F0A21B9}v14.22.27821\packages\vcRuntimeMinimum_x86\vc_runtimeMinimum_x86.msi, arguments: ' MSIFASTINSTALL="7" NOVSUI="1"'
[017C:0180][2022-05-22T11:54:05]i319: Applied execute package: vcRuntimeMinimum_x86, result: 0x0, restart: None
[0190:0194][2022-05-22T11:54:05]i325: Registering dependency: {5bfc1380-fd35-4b85-9715-7351535d077e} on package provider: Microsoft.VS.VC_RuntimeMinimumVSU_x86,v14, package: vcRuntimeMinimum_x86
[0190:0194][2022-05-22T11:54:05]i301: Applying execute package: vcRuntimeAdditional_x86, action: Install, path: C:\ProgramData\Package Cache\{3BDE80F7-7EC9-448E-8160-4ADA0CDA8879}v14.22.27821\packages\vcRuntimeAdditional_x86\vc_runtimeAdditional_x86.msi, arguments: ' MSIFASTINSTALL="7" NOVSUI="1"'
[017C:0180][2022-05-22T11:54:05]i319: Applied execute package: vcRuntimeAdditional_x86, result: 0x0, restart: None
[0190:0194][2022-05-22T11:54:05]i325: Registering dependency: {5bfc1380-fd35-4b85-9715-7351535d077e} on package provider: Microsoft.VS.VC_RuntimeAdditionalVSU_x86,v14, package: vcRuntimeAdditional_x86
[0190:0194][2022-05-22T11:54:05]i372: Session end, registration key: SOFTWARE\Microsoft\Windows\CurrentVersion\Uninstall\{5bfc1380-fd35-4b85-9715-7351535d077e}, resume: ARP, restart: None, disable resume: No
[0190:0194][2022-05-22T11:54:05]i371: Updating session, registration key: SOFTWARE\Microsoft\Windows\CurrentVersion\Uninstall\{5bfc1380-fd35-4b85-9715-7351535d077e}, resume: ARP, restart initiated: No, disable resume: No
[017C:0180][2022-05-22T11:54:05]i399: Apply complete, result: 0x0, restart: None, ba requested restart:  No
[017C:0180][2022-05-22T11:54:05]i500: Shutting down, exit code: 0x0
[017C:0180][2022-05-22T11:54:05]i410: Variable: SystemFolder = C:\windows\system32\
[017C:0180][2022-05-22T11:54:05]i410: Variable: VersionNT = 10.0.0.0
[017C:0180][2022-05-22T11:54:05]i410: Variable: VersionNT64 = 10.0.0.0
[017C:0180][2022-05-22T11:54:05]i410: Variable: windows_uCRT_DetectKey = 10.0.14393.2247
[017C:0180][2022-05-22T11:54:05]i410: Variable: windows_uCRT_DetectKeyExists = 1
[017C:0180][2022-05-22T11:54:05]i410: Variable: WixBundleAction = 5
[017C:0180][2022-05-22T11:54:05]i410: Variable: WixBundleElevated = 1
[017C:0180][2022-05-22T11:54:05]i410: Variable: WixBundleFileVersion = 14.22.27821.0
[017C:0180][2022-05-22T11:54:05]i410: Variable: WixBundleInstalled = 0
[017C:0180][2022-05-22T11:54:05]i410: Variable: WixBundleLog = C:\users\tommi\Temp\dd_vcredist_x86_20220522115404.log
[017C:0180][2022-05-22T11:54:05]i410: Variable: WixBundleLog_vcRuntimeAdditional_x86 = C:\users\tommi\Temp\dd_vcredist_x86_20220522115404_001_vcRuntimeAdditional_x86.log
[017C:0180][2022-05-22T11:54:05]i410: Variable: WixBundleLog_vcRuntimeMinimum_x86 = C:\users\tommi\Temp\dd_vcredist_x86_20220522115404_000_vcRuntimeMinimum_x86.log
[017C:0180][2022-05-22T11:54:05]i410: Variable: WixBundleManufacturer = Microsoft Corporation
[017C:0180][2022-05-22T11:54:05]i410: Variable: WixBundleName = Microsoft Visual C++ 2015-2019 Redistributable (x86) - 14.22.27821
[017C:0180][2022-05-22T11:54:05]i410: Variable: WixBundleOriginalSource = C:\Program Files\Rockstar Games\Launcher\Redistributables\VCRed\vc_redist.x86.exe
[017C:0180][2022-05-22T11:54:05]i410: Variable: WixBundleOriginalSourceFolder = C:\Program Files\Rockstar Games\Launcher\Redistributables\VCRed\
[017C:0180][2022-05-22T11:54:05]i410: Variable: WixBundleProviderKey = VC,redist.x86,x86,14.22,bundle
[017C:0180][2022-05-22T11:54:05]i410: Variable: WixBundleRollbackLog_vcRuntimeAdditional_x86 = C:\users\tommi\Temp\dd_vcredist_x86_20220522115404_001_vcRuntimeAdditional_x86_rollback.log
[017C:0180][2022-05-22T11:54:05]i410: Variable: WixBundleRollbackLog_vcRuntimeMinimum_x86 = C:\users\tommi\Temp\dd_vcredist_x86_20220522115404_000_vcRuntimeMinimum_x86_rollback.log
[017C:0180][2022-05-22T11:54:05]i410: Variable: WixBundleSourceProcessFolder = C:\Program Files\Rockstar Games\Launcher\Redistributables\VCRed\
[017C:0180][2022-05-22T11:54:05]i410: Variable: WixBundleSourceProcessPath = C:\Program Files\Rockstar Games\Launcher\Redistributables\VCRed\vc_redist.x86.exe
[017C:0180][2022-05-22T11:54:05]i410: Variable: WixBundleTag = 
[017C:0180][2022-05-22T11:54:05]i410: Variable: WixBundleVersion = 14.22.27821.0
[017C:0180][2022-05-22T11:54:05]i007: Exit code: 0x0, restarting: No
