1: 0 2: 1033 3: 1252 
=== Loki aloitettu: 22.5.2022  11:54:06 ===
Viestin tyyppi: 0, Argumentti: 1033, 1252
Viestin tyyppi: 1, Argumentti: Microsoft Visual C++ 2019 X64 Minimum Runtime - 14.22.27821
Toiminto 11:54:06: INSTALL. 
Toiminto alkoi 11:54:06: INSTALL.
1: 0 2: 1033 3: 1252 
1: 0 2: 1033 3: 1252 
=== Loki aloitettu: 22.5.2022  11:54:06 ===
Viestin tyyppi: 0, Argumentti: 1033, 1252
Viestin tyyppi: 1, Argumentti: Microsoft Visual C++ 2019 X64 Minimum Runtime - 14.22.27821
Toiminto 11:54:06: INSTALL. 
Toiminto alkoi 11:54:06: INSTALL.
1: Microsoft Visual C++ 2019 X64 Minimum Runtime - 14.22.27821 2: {0093C20C-273D-4397-B623-515CB8616CB9} 
Toiminto 11:54:06: FindRelatedProducts. Etsitään tähän liittyviä sovelluksia
Toiminto alkoi 11:54:06: FindRelatedProducts.
Toiminto loppui 11:54:06: FindRelatedProducts. Paluuarvo 1.
Toiminto 11:54:06: LaunchConditions. Arvioidaan käynnistysehtoja
Toiminto alkoi 11:54:06: LaunchConditions.
Toiminto loppui 11:54:06: LaunchConditions. Paluuarvo 1.
Toiminto 11:54:06: ValidateProductID. 
Toiminto alkoi 11:54:06: ValidateProductID.
Toiminto loppui 11:54:06: ValidateProductID. Paluuarvo 1.
Toiminto 11:54:06: CostInitialize. Lasketaan tilavaatimuksia
Toiminto alkoi 11:54:06: CostInitialize.
Toiminto loppui 11:54:06: CostInitialize. Paluuarvo 1.
Toiminto 11:54:06: FileCost. Lasketaan tilavaatimuksia
Toiminto alkoi 11:54:06: FileCost.
Toiminto loppui 11:54:06: FileCost. Paluuarvo 1.
Toiminto 11:54:06: CostFinalize. Lasketaan tilavaatimuksia
Toiminto alkoi 11:54:06: CostFinalize.
Toiminto loppui 11:54:06: CostFinalize. Paluuarvo 1.
Toiminto 11:54:06: InstallValidate. Vahvistetaan asennusta
Toiminto alkoi 11:54:06: InstallValidate.
Toiminto loppui 11:54:06: InstallValidate. Paluuarvo 1.
Toiminto 11:54:06: InstallInitialize. 
Toiminto alkoi 11:54:06: InstallInitialize.
Toiminto loppui 11:54:06: InstallInitialize. Paluuarvo 1.
Toiminto 11:54:06: RemoveExistingProducts. Poistetaan sovelluksia
Toiminto alkoi 11:54:06: RemoveExistingProducts.
Toiminto loppui 11:54:06: RemoveExistingProducts. Paluuarvo 1.
Toiminto 11:54:06: ProcessComponents. Päivitetään komponenttien rekisteröintiä
Toiminto alkoi 11:54:06: ProcessComponents.
Toiminto loppui 11:54:06: ProcessComponents. Paluuarvo 1.
Toiminto 11:54:06: UnpublishFeatures. Kumotaan tuotteen ominaisuuksien julkaisua
Toiminto alkoi 11:54:06: UnpublishFeatures.
Toiminto loppui 11:54:06: UnpublishFeatures. Paluuarvo 1.
Toiminto 11:54:06: RemoveRegistryValues. Poistetaan tietoja järjestelmärekisteristä
Toiminto alkoi 11:54:06: RemoveRegistryValues.
Toiminto loppui 11:54:06: RemoveRegistryValues. Paluuarvo 1.
Toiminto 11:54:06: RemoveFiles. Poistetaan tiedostoja
Toiminto alkoi 11:54:06: RemoveFiles.
Toiminto loppui 11:54:06: RemoveFiles. Paluuarvo 1.
Toiminto 11:54:06: InstallFiles. Kopioidaan uusia tiedostoja
Toiminto alkoi 11:54:06: InstallFiles.
Toiminto loppui 11:54:06: InstallFiles. Paluuarvo 1.
Toiminto 11:54:06: WriteRegistryValues. Kirjoitetaan järjestelmärekisterin tietoja
Toiminto alkoi 11:54:06: WriteRegistryValues.
Toiminto loppui 11:54:06: WriteRegistryValues. Paluuarvo 1.
Toiminto 11:54:06: RegisterUser. Rekisteröidään käyttäjää
Toiminto alkoi 11:54:06: RegisterUser.
Toiminto loppui 11:54:06: RegisterUser. Paluuarvo 1.
Toiminto 11:54:06: RegisterProduct. Rekisteröidään tuotetta
Toiminto alkoi 11:54:06: RegisterProduct.
Toiminto loppui 11:54:06: RegisterProduct. Paluuarvo 1.
Toiminto 11:54:06: PublishFeatures. Julkaistaan tuotteen ominaisuuksia
Toiminto alkoi 11:54:06: PublishFeatures.
Toiminto loppui 11:54:06: PublishFeatures. Paluuarvo 1.
Toiminto 11:54:06: PublishProduct. Julkaistaan tuotteen tietoja
Toiminto alkoi 11:54:06: PublishProduct.
Toiminto loppui 11:54:06: PublishProduct. Paluuarvo 1.
Toiminto 11:54:06: InstallFinalize. 
Toiminto alkoi 11:54:06: InstallFinalize.
Toiminto 11:54:06: ProcessComponents. Päivitetään komponenttien rekisteröintiä
Toiminto alkoi 11:54:06: ProcessComponents.
1: {0093C20C-273D-4397-B623-515CB8616CB9} 2: {3639FCCA-5969-316D-AC18-E0C6B2B532E9} 3: 02:\SOFTWARE\Microsoft\VisualStudio\14.0\VC\Runtimes\X64\Version 
1: {0093C20C-273D-4397-B623-515CB8616CB9} 2: {D2959D22-4DB7-32AF-A1B0-8405C4221749} 3: 02:\SOFTWARE\Microsoft\VisualStudio\14.0\VC\Runtimes\X64\Version 
1: {0093C20C-273D-4397-B623-515CB8616CB9} 2: {03C1EACE-7E47-3142-A7E7-F36508D02BD1} 3:  
1: {0093C20C-273D-4397-B623-515CB8616CB9} 2: {B33258FD-750C-3B42-8BE4-535B48E97DB4} 3: C:\windows\system32\vcruntime140.dll 
1: {0093C20C-273D-4397-B623-515CB8616CB9} 2: {2427B123-F132-4F0B-A958-50F7CDFCAA56} 3: C:\windows\system32\vcruntime140_1.dll 
1: {0093C20C-273D-4397-B623-515CB8616CB9} 2: {22824972-0C4A-31B4-AEEF-9FC7596F1305} 3: C:\windows\system32\msvcp140.dll 
1: {0093C20C-273D-4397-B623-515CB8616CB9} 2: {6713558D-DE1F-373C-A12D-BAE9004657F9} 3: C:\windows\system32\msvcp140_1.dll 
1: {0093C20C-273D-4397-B623-515CB8616CB9} 2: {AD0439C6-DC3D-3A2C-AF38-B22083D8639F} 3: C:\windows\system32\msvcp140_2.dll 
1: {0093C20C-273D-4397-B623-515CB8616CB9} 2: {61413AE1-024F-4854-B8D8-1D2EF801EC21} 3: C:\windows\system32\msvcp140_codecvt_ids.dll 
1: {0093C20C-273D-4397-B623-515CB8616CB9} 2: {35B5C1D2-EB5B-3569-83EB-78E34F5C3254} 3: C:\windows\system32\concrt140.dll 
1: {0093C20C-273D-4397-B623-515CB8616CB9} 2: {D227D7DF-D9F8-33AF-B935-4BF2F47F2EA4} 3: C:\windows\system32\vccorlib140.dll 
1: {0093C20C-273D-4397-B623-515CB8616CB9} 2: {7050289E-BECF-32C7-89DC-08C4480E482B} 3: C:\windows\system32\vcamp140.dll 
1: {0093C20C-273D-4397-B623-515CB8616CB9} 2: {F5E98D96-3C7F-37D7-821F-E4BB03D4384B} 3: C:\windows\system32\vcomp140.dll 
1: {0093C20C-273D-4397-B623-515CB8616CB9} 2: {EA0D3A76-AE46-3F46-B94D-309D5097A125} 3: 02:\SOFTWARE\Microsoft\DevDiv\VC\Servicing\14.0\SP 
1: {0093C20C-273D-4397-B623-515CB8616CB9} 2: {38F26AF8-73D2-34A5-9BB3-83CE1900A2AE} 3: 02:\SOFTWARE\Microsoft\DevDiv\VC\Servicing\14.0\RuntimeMinimum\Install 
1: {0093C20C-273D-4397-B623-515CB8616CB9} 2: {04D1E303-8E0F-36D1-BC1F-E27EE209198A} 3: 02:\SOFTWARE\Microsoft\DevDiv\VC\Servicing\14.0\SP 
1: {0093C20C-273D-4397-B623-515CB8616CB9} 2: {F53F2531-272C-39F4-9C5B-312B318B91E5} 3: 02:\SOFTWARE\Microsoft\DevDiv\VC\Servicing\14.0\RuntimeMinimum\Install 
1: {0093C20C-273D-4397-B623-515CB8616CB9} 2: {31FF3687-EC05-3A6B-A8CE-ADD81BF1506E} 3: -1:\Software\Classes\Installer\Dependencies\Microsoft.VS.VC_RuntimeMinimumVSU_amd64,v14\Version 
Toiminto loppui 11:54:06: ProcessComponents. Paluuarvo 1.
Toiminto 11:54:06: UnpublishFeatures. Kumotaan tuotteen ominaisuuksien julkaisua
Toiminto alkoi 11:54:06: UnpublishFeatures.
Toiminto loppui 11:54:06: UnpublishFeatures. Paluuarvo 1.
Toiminto 11:54:06: RemoveRegistryValues. Poistetaan tietoja järjestelmärekisteristä
Toiminto alkoi 11:54:06: RemoveRegistryValues.
Toiminto loppui 11:54:06: RemoveRegistryValues. Paluuarvo 1.
Toiminto 11:54:06: RemoveFiles. Poistetaan tiedostoja
Toiminto alkoi 11:54:06: RemoveFiles.
Tiedosto: api-ms-win-core-console-l1-1-0.dll, Kansio: System64Folder
Tiedosto: api-ms-win-core-datetime-l1-1-0.dll, Kansio: System64Folder
Tiedosto: api-ms-win-core-debug-l1-1-0.dll, Kansio: System64Folder
Tiedosto: api-ms-win-core-errorhandling-l1-1-0.dll, Kansio: System64Folder
Tiedosto: api-ms-win-core-file-l1-1-0.dll, Kansio: System64Folder
Tiedosto: api-ms-win-core-file-l1-2-0.dll, Kansio: System64Folder
Tiedosto: api-ms-win-core-file-l2-1-0.dll, Kansio: System64Folder
Tiedosto: api-ms-win-core-handle-l1-1-0.dll, Kansio: System64Folder
Tiedosto: api-ms-win-core-heap-l1-1-0.dll, Kansio: System64Folder
Tiedosto: api-ms-win-core-interlocked-l1-1-0.dll, Kansio: System64Folder
Tiedosto: api-ms-win-core-libraryloader-l1-1-0.dll, Kansio: System64Folder
Tiedosto: api-ms-win-core-localization-l1-2-0.dll, Kansio: System64Folder
Tiedosto: api-ms-win-core-memory-l1-1-0.dll, Kansio: System64Folder
Tiedosto: api-ms-win-core-namedpipe-l1-1-0.dll, Kansio: System64Folder
Tiedosto: api-ms-win-core-processenvironment-l1-1-0.dll, Kansio: System64Folder
Tiedosto: api-ms-win-core-processthreads-l1-1-0.dll, Kansio: System64Folder
Tiedosto: api-ms-win-core-processthreads-l1-1-1.dll, Kansio: System64Folder
Tiedosto: api-ms-win-core-profile-l1-1-0.dll, Kansio: System64Folder
Tiedosto: api-ms-win-core-rtlsupport-l1-1-0.dll, Kansio: System64Folder
Tiedosto: api-ms-win-core-string-l1-1-0.dll, Kansio: System64Folder
Tiedosto: api-ms-win-core-synch-l1-1-0.dll, Kansio: System64Folder
Tiedosto: api-ms-win-core-synch-l1-2-0.dll, Kansio: System64Folder
Tiedosto: api-ms-win-core-sysinfo-l1-1-0.dll, Kansio: System64Folder
Tiedosto: api-ms-win-core-timezone-l1-1-0.dll, Kansio: System64Folder
Tiedosto: api-ms-win-core-util-l1-1-0.dll, Kansio: System64Folder
Tiedosto: api-ms-win-crt-conio-l1-1-0.dll, Kansio: System64Folder
Tiedosto: api-ms-win-crt-convert-l1-1-0.dll, Kansio: System64Folder
Tiedosto: api-ms-win-crt-environment-l1-1-0.dll, Kansio: System64Folder
Tiedosto: api-ms-win-crt-filesystem-l1-1-0.dll, Kansio: System64Folder
Tiedosto: api-ms-win-crt-heap-l1-1-0.dll, Kansio: System64Folder
Tiedosto: api-ms-win-crt-locale-l1-1-0.dll, Kansio: System64Folder
Tiedosto: api-ms-win-crt-math-l1-1-0.dll, Kansio: System64Folder
Tiedosto: api-ms-win-crt-multibyte-l1-1-0.dll, Kansio: System64Folder
Tiedosto: api-ms-win-crt-private-l1-1-0.dll, Kansio: System64Folder
Tiedosto: api-ms-win-crt-process-l1-1-0.dll, Kansio: System64Folder
Tiedosto: api-ms-win-crt-runtime-l1-1-0.dll, Kansio: System64Folder
Tiedosto: api-ms-win-crt-stdio-l1-1-0.dll, Kansio: System64Folder
Tiedosto: api-ms-win-crt-string-l1-1-0.dll, Kansio: System64Folder
Tiedosto: api-ms-win-crt-time-l1-1-0.dll, Kansio: System64Folder
Tiedosto: api-ms-win-crt-utility-l1-1-0.dll, Kansio: System64Folder
Tiedosto: concrt140.dll, Kansio: System64Folder
Tiedosto: msvcp140.dll, Kansio: System64Folder
Tiedosto: msvcp140_1.dll, Kansio: System64Folder
Tiedosto: msvcp140_2.dll, Kansio: System64Folder
Tiedosto: msvcp140_codecvt_ids.dll, Kansio: System64Folder
Tiedosto: ucrtbase.dll, Kansio: System64Folder
Tiedosto: vcamp140.dll, Kansio: System64Folder
Tiedosto: vccorlib140.dll, Kansio: System64Folder
Tiedosto: vcomp140.dll, Kansio: System64Folder
Tiedosto: vcruntime140.dll, Kansio: System64Folder
Tiedosto: vcruntime140_1.dll, Kansio: System64Folder
Toiminto loppui 11:54:06: RemoveFiles. Paluuarvo 1.
Toiminto 11:54:06: InstallFiles. Kopioidaan uusia tiedostoja
Toiminto alkoi 11:54:06: InstallFiles.
Tiedosto: api-ms-win-core-console-l1-1-0.dll,  Kansio: System64Folder,  Koko: 20240
Tiedosto: api-ms-win-core-datetime-l1-1-0.dll,  Kansio: System64Folder,  Koko: 19936
Tiedosto: api-ms-win-core-debug-l1-1-0.dll,  Kansio: System64Folder,  Koko: 19944
Tiedosto: api-ms-win-core-errorhandling-l1-1-0.dll,  Kansio: System64Folder,  Koko: 19736
Tiedosto: api-ms-win-core-file-l1-1-0.dll,  Kansio: System64Folder,  Koko: 23528
Tiedosto: api-ms-win-core-file-l1-2-0.dll,  Kansio: System64Folder,  Koko: 19952
Tiedosto: api-ms-win-core-file-l2-1-0.dll,  Kansio: System64Folder,  Koko: 19944
Tiedosto: api-ms-win-core-handle-l1-1-0.dll,  Kansio: System64Folder,  Koko: 19936
Tiedosto: api-ms-win-core-heap-l1-1-0.dll,  Kansio: System64Folder,  Koko: 20248
Tiedosto: api-ms-win-core-interlocked-l1-1-0.dll,  Kansio: System64Folder,  Koko: 19944
Tiedosto: api-ms-win-core-libraryloader-l1-1-0.dll,  Kansio: System64Folder,  Koko: 20456
Tiedosto: api-ms-win-core-localization-l1-2-0.dll,  Kansio: System64Folder,  Koko: 22512
Tiedosto: api-ms-win-core-memory-l1-1-0.dll,  Kansio: System64Folder,  Koko: 20480
Tiedosto: api-ms-win-core-namedpipe-l1-1-0.dll,  Kansio: System64Folder,  Koko: 19944
Tiedosto: api-ms-win-core-processenvironment-l1-1-0.dll,  Kansio: System64Folder,  Koko: 20968
Tiedosto: api-ms-win-core-processthreads-l1-1-0.dll,  Kansio: System64Folder,  Koko: 21992
Tiedosto: api-ms-win-core-processthreads-l1-1-1.dll,  Kansio: System64Folder,  Koko: 20456
Tiedosto: api-ms-win-core-profile-l1-1-0.dll,  Kansio: System64Folder,  Koko: 19440
Tiedosto: api-ms-win-core-rtlsupport-l1-1-0.dll,  Kansio: System64Folder,  Koko: 20456
Tiedosto: api-ms-win-core-string-l1-1-0.dll,  Kansio: System64Folder,  Koko: 19944
Tiedosto: api-ms-win-core-synch-l1-1-0.dll,  Kansio: System64Folder,  Koko: 21992
Tiedosto: api-ms-win-core-synch-l1-2-0.dll,  Kansio: System64Folder,  Koko: 20464
Tiedosto: api-ms-win-core-sysinfo-l1-1-0.dll,  Kansio: System64Folder,  Koko: 20968
Tiedosto: api-ms-win-core-timezone-l1-1-0.dll,  Kansio: System64Folder,  Koko: 19952
Tiedosto: api-ms-win-core-util-l1-1-0.dll,  Kansio: System64Folder,  Koko: 19968
Tiedosto: api-ms-win-crt-conio-l1-1-0.dll,  Kansio: System64Folder,  Koko: 20760
Tiedosto: api-ms-win-crt-convert-l1-1-0.dll,  Kansio: System64Folder,  Koko: 24040
Tiedosto: api-ms-win-crt-environment-l1-1-0.dll,  Kansio: System64Folder,  Koko: 20480
Tiedosto: api-ms-win-crt-filesystem-l1-1-0.dll,  Kansio: System64Folder,  Koko: 21992
Tiedosto: api-ms-win-crt-heap-l1-1-0.dll,  Kansio: System64Folder,  Koko: 20992
Tiedosto: api-ms-win-crt-locale-l1-1-0.dll,  Kansio: System64Folder,  Koko: 20248
Tiedosto: api-ms-win-crt-math-l1-1-0.dll,  Kansio: System64Folder,  Koko: 28952
Tiedosto: api-ms-win-crt-multibyte-l1-1-0.dll,  Kansio: System64Folder,  Koko: 27928
Tiedosto: api-ms-win-crt-private-l1-1-0.dll,  Kansio: System64Folder,  Koko: 71960
Tiedosto: api-ms-win-crt-process-l1-1-0.dll,  Kansio: System64Folder,  Koko: 20760
Tiedosto: api-ms-win-crt-runtime-l1-1-0.dll,  Kansio: System64Folder,  Koko: 24344
Tiedosto: api-ms-win-crt-stdio-l1-1-0.dll,  Kansio: System64Folder,  Koko: 25880
Tiedosto: api-ms-win-crt-string-l1-1-0.dll,  Kansio: System64Folder,  Koko: 26088
Tiedosto: api-ms-win-crt-time-l1-1-0.dll,  Kansio: System64Folder,  Koko: 22504
Tiedosto: api-ms-win-crt-utility-l1-1-0.dll,  Kansio: System64Folder,  Koko: 20456
Tiedosto: concrt140.dll,  Kansio: System64Folder,  Koko: 335640
Tiedosto: msvcp140.dll,  Kansio: System64Folder,  Koko: 620016
Tiedosto: msvcp140_1.dll,  Kansio: System64Folder,  Koko: 31720
Tiedosto: msvcp140_2.dll,  Kansio: System64Folder,  Koko: 204776
Tiedosto: msvcp140_codecvt_ids.dll,  Kansio: System64Folder,  Koko: 27624
Tiedosto: ucrtbase.dll,  Kansio: System64Folder,  Koko: 994280
Tiedosto: vcamp140.dll,  Kansio: System64Folder,  Koko: 463336
Tiedosto: vccorlib140.dll,  Kansio: System64Folder,  Koko: 368112
Tiedosto: vcomp140.dll,  Kansio: System64Folder,  Koko: 160224
Tiedosto: vcruntime140.dll,  Kansio: System64Folder,  Koko: 85992
Tiedosto: vcruntime140_1.dll,  Kansio: System64Folder,  Koko: 43792
Toiminto loppui 11:54:06: InstallFiles. Paluuarvo 1.
Toiminto 11:54:06: WriteRegistryValues. Kirjoitetaan järjestelmärekisterin tietoja
Toiminto alkoi 11:54:06: WriteRegistryValues.
Avain: HKEY_LOCAL_MACHINE\SOFTWARE\Microsoft\VisualStudio\14.0\VC\Runtimes\X64, Nimi: Version, Arvo: v14.22.27821.00
Avain: HKEY_LOCAL_MACHINE\SOFTWARE\Microsoft\VisualStudio\14.0\VC\Runtimes\X64, Nimi: Version, Arvo: v14.22.27821.00
Avain: HKEY_LOCAL_MACHINE\SOFTWARE\Microsoft\DevDiv\VC\Servicing\14.0, Nimi: SP, Arvo: 
Avain: HKEY_LOCAL_MACHINE\SOFTWARE\Microsoft\DevDiv\VC\Servicing\14.0\RuntimeMinimum, Nimi: Install, Arvo: 
Avain: HKEY_LOCAL_MACHINE\SOFTWARE\Microsoft\DevDiv\VC\Servicing\14.0, Nimi: SP, Arvo: 
Avain: HKEY_LOCAL_MACHINE\SOFTWARE\Microsoft\DevDiv\VC\Servicing\14.0\RuntimeMinimum, Nimi: Install, Arvo: 
Avain: HKEY_LOCAL_MACHINE\Software\Classes\Installer\Dependencies\Microsoft.VS.VC_RuntimeMinimumVSU_amd64,v14, Nimi: Version, Arvo: 14.22.27821
Avain: HKEY_LOCAL_MACHINE\SOFTWARE\Microsoft\VisualStudio\14.0\VC\Runtimes\X64, Nimi: Installed, Arvo: 
Avain: HKEY_LOCAL_MACHINE\SOFTWARE\Microsoft\VisualStudio\14.0\VC\Runtimes\X64, Nimi: Major, Arvo: 
Avain: HKEY_LOCAL_MACHINE\SOFTWARE\Microsoft\VisualStudio\14.0\VC\Runtimes\X64, Nimi: Minor, Arvo: 
Avain: HKEY_LOCAL_MACHINE\SOFTWARE\Microsoft\VisualStudio\14.0\VC\Runtimes\X64, Nimi: Bld, Arvo: 
Avain: HKEY_LOCAL_MACHINE\SOFTWARE\Microsoft\VisualStudio\14.0\VC\Runtimes\X64, Nimi: Rbld, Arvo: 
Avain: HKEY_LOCAL_MACHINE\SOFTWARE\Microsoft\VisualStudio\14.0\VC\Runtimes\X64, Nimi: Installed, Arvo: 
Avain: HKEY_LOCAL_MACHINE\SOFTWARE\Microsoft\VisualStudio\14.0\VC\Runtimes\X64, Nimi: Major, Arvo: 
Avain: HKEY_LOCAL_MACHINE\SOFTWARE\Microsoft\VisualStudio\14.0\VC\Runtimes\X64, Nimi: Minor, Arvo: 
Avain: HKEY_LOCAL_MACHINE\SOFTWARE\Microsoft\VisualStudio\14.0\VC\Runtimes\X64, Nimi: Bld, Arvo: 
Avain: HKEY_LOCAL_MACHINE\SOFTWARE\Microsoft\VisualStudio\14.0\VC\Runtimes\X64, Nimi: Rbld, Arvo: 
Avain: HKEY_LOCAL_MACHINE\SOFTWARE\Microsoft\DevDiv\VC\Servicing\14.0, Nimi: SPIndex, Arvo: 
Avain: HKEY_LOCAL_MACHINE\SOFTWARE\Microsoft\DevDiv\VC\Servicing\14.0\RuntimeMinimum, Nimi: InstallerType, Arvo: MSI
Avain: HKEY_LOCAL_MACHINE\SOFTWARE\Microsoft\DevDiv\VC\Servicing\14.0\RuntimeMinimum, Nimi: SP, Arvo: 
Avain: HKEY_LOCAL_MACHINE\SOFTWARE\Microsoft\DevDiv\VC\Servicing\14.0\RuntimeMinimum, Nimi: SPIndex, Arvo: 
Avain: HKEY_LOCAL_MACHINE\SOFTWARE\Microsoft\DevDiv\VC\Servicing\14.0\RuntimeMinimum, Nimi: SPName, Arvo: RTM
Avain: HKEY_LOCAL_MACHINE\SOFTWARE\Microsoft\DevDiv\VC\Servicing\14.0\RuntimeMinimum, Nimi: Version, Arvo: 14.22.27821
Avain: HKEY_LOCAL_MACHINE\SOFTWARE\Microsoft\DevDiv\VC\Servicing\14.0\RuntimeMinimum, Nimi: UpdateVersion, Arvo: 14.22.27821
Avain: HKEY_LOCAL_MACHINE\SOFTWARE\Microsoft\DevDiv\VC\Servicing\14.0, Nimi: SPIndex, Arvo: 
Avain: HKEY_LOCAL_MACHINE\SOFTWARE\Microsoft\DevDiv\VC\Servicing\14.0\RuntimeMinimum, Nimi: InstallerType, Arvo: MSI
Avain: HKEY_LOCAL_MACHINE\SOFTWARE\Microsoft\DevDiv\VC\Servicing\14.0\RuntimeMinimum, Nimi: SP, Arvo: 
Avain: HKEY_LOCAL_MACHINE\SOFTWARE\Microsoft\DevDiv\VC\Servicing\14.0\RuntimeMinimum, Nimi: SPIndex, Arvo: 
Avain: HKEY_LOCAL_MACHINE\SOFTWARE\Microsoft\DevDiv\VC\Servicing\14.0\RuntimeMinimum, Nimi: SPName, Arvo: RTM
Avain: HKEY_LOCAL_MACHINE\SOFTWARE\Microsoft\DevDiv\VC\Servicing\14.0\RuntimeMinimum, Nimi: Version, Arvo: 14.22.27821
Avain: HKEY_LOCAL_MACHINE\SOFTWARE\Microsoft\DevDiv\VC\Servicing\14.0\RuntimeMinimum, Nimi: UpdateVersion, Arvo: 14.22.27821
Avain: HKEY_LOCAL_MACHINE\Software\Classes\Installer\Dependencies\Microsoft.VS.VC_RuntimeMinimumVSU_amd64,v14, Nimi: , Arvo: {0093C20C-273D-4397-B623-515CB8616CB9}
Avain: HKEY_LOCAL_MACHINE\Software\Classes\Installer\Dependencies\Microsoft.VS.VC_RuntimeMinimumVSU_amd64,v14, Nimi: DisplayName, Arvo: Microsoft Visual C++ 2019 X64 Minimum Runtime - 14.22.27821
Toiminto loppui 11:54:06: WriteRegistryValues. Paluuarvo 1.
Toiminto 11:54:06: RegisterUser. Rekisteröidään käyttäjää
Toiminto alkoi 11:54:06: RegisterUser.
1:  
Toiminto loppui 11:54:06: RegisterUser. Paluuarvo 1.
Toiminto 11:54:06: RegisterProduct. Rekisteröidään tuotetta
Toiminto alkoi 11:54:06: RegisterProduct.
1: {0093C20C-273D-4397-B623-515CB8616CB9} 
Toiminto loppui 11:54:06: RegisterProduct. Paluuarvo 1.
Toiminto 11:54:06: PublishFeatures. Julkaistaan tuotteen ominaisuuksia
Toiminto alkoi 11:54:06: PublishFeatures.
Ominaisuus: VC_Runtime_Minimum
Ominaisuus: Provider
Ominaisuus: Servicing_Key
Toiminto loppui 11:54:06: PublishFeatures. Paluuarvo 1.
Toiminto 11:54:06: PublishProduct. Julkaistaan tuotteen tietoja
Toiminto alkoi 11:54:06: PublishProduct.
1: {0093C20C-273D-4397-B623-515CB8616CB9} 
Toiminto loppui 11:54:06: PublishProduct. Paluuarvo 1.
Toiminto loppui 11:54:06: InstallFinalize. Paluuarvo 1.
Toiminto loppui 11:54:06: INSTALL. Paluuarvo 1.
1: Microsoft Visual C++ 2019 X64 Minimum Runtime - 14.22.27821 2: {0093C20C-273D-4397-B623-515CB8616CB9} 3: 1 
Property(S): UpgradeCode = {36F68A90-239C-34DF-B58C-64B30153CE35}
Property(S): TARGETDIR = C:\
Property(S): System64Folder = C:\windows\system32\
Property(S): SourceDir = C:\ProgramData\Package Cache\{0093C20C-273D-4397-B623-515CB8616CB9}v14.22.27821\packages\vcRuntimeMinimum_amd64\
Property(S): ALLUSERS = 1
Property(S): FILESINUSETEXT = The following applications should be closed before continuing the install:
Property(S): INSTALLLEVEL = 2
Property(S): LIMITUI = 1
Property(S): REBOOT = ReallySuppress
Property(S): REPAIR_REINSTALLMODE = pecmsu
Property(S): ARPSYSTEMCOMPONENT = 1
Property(S): LocProductName = Microsoft Visual C++ 2019 X64 Runtime
Property(S): ProductCPU = amd64
Property(S): ProductEdition = RuntimeMinimum
Property(S): ProductFamily = VC
Property(S): RTM_ProductVersion = 14.22.27821
Property(S): MsiLogging = voicewarmupx
Property(S): Manufacturer = Microsoft Corporation
Property(S): ProductCode = {0093C20C-273D-4397-B623-515CB8616CB9}
Property(S): ProductLanguage = 1033
Property(S): ProductName = Microsoft Visual C++ 2019 X64 Minimum Runtime - 14.22.27821
Property(S): ProductVersion = 14.22.27821
Property(S): DirectoryTable100_amd64 = DirectoryTable
Property(S): SecureCustomProperties = IGNOREDEPENDENCIES;NEWERVCRUNTIMEVERSIONDETECTED;UPGRADEVCRUNTIME
Property(S): AdminUser = 1
Property(S): Privileged = 1
Property(S): MsiRunningElevated = 1
Property(S): CommonAppDataFolder = C:\ProgramData\
Property(S): FavoritesFolder = C:\users\tommi\Favorites\
Property(S): FontsFolder = C:\windows\Fonts\
Property(S): SendToFolder = C:\users\tommi\AppData\Roaming\Microsoft\Windows\SendTo\
Property(S): StartMenuFolder = C:\users\tommi\AppData\Roaming\Microsoft\Windows\Start Menu\
Property(S): StartupFolder = C:\users\tommi\AppData\Roaming\Microsoft\Windows\Start Menu\Programs\StartUp\
Property(S): TemplateFolder = C:\users\tommi\AppData\Roaming\Microsoft\Windows\Templates\
Property(S): DesktopFolder = C:\users\tommi\Desktop\
Property(S): ProgramMenuFolder = C:\users\tommi\AppData\Roaming\Microsoft\Windows\Start Menu\Programs\
Property(S): AdminToolsFolder = C:\users\tommi\AppData\Roaming\Microsoft\Windows\Start Menu\Programs\Administrative Tools\
Property(S): AppDataFolder = C:\users\tommi\AppData\Roaming\
Property(S): SystemFolder = C:\windows\syswow64\
Property(S): System16Folder = C:\windows\system32\
Property(S): LocalAppDataFolder = C:\users\tommi\AppData\Local\
Property(S): MyPicturesFolder = C:\users\tommi\Pictures\
Property(S): PersonalFolder = C:\users\tommi\Documents\
Property(S): WindowsFolder = C:\windows\
Property(S): PrintHoodFolder = C:\users\tommi\AppData\Roaming\Microsoft\Windows\Printer Shortcuts\
Property(S): NetHoodFolder = C:\users\tommi\AppData\Roaming\Microsoft\Windows\Network Shortcuts\
Property(S): RecentFolder = C:\users\tommi\AppData\Roaming\Microsoft\Windows\Recent\
Property(S): PhysicalMemory = 32009
Property(S): WindowsVolume = C:\
Property(S): TempFolder = C:\users\tommi\Temp\
Property(S): VersionNT = 603
Property(S): MsiNTProductType = 1
Property(S): WindowsBuild = 9600
Property(S): ServicePackLevel = 0
Property(S): VersionMsi = 4.5
Property(S): VersionDatabase = 400
Property(S): Intel = 6
Property(S): MsiAMD64 = 6
Property(S): Msix64 = 6
Property(S): VersionNT64 = 603
Property(S): ProgramFiles64Folder = C:\Program Files\
Property(S): ProgramFilesFolder = C:\Program Files (x86)\
Property(S): CommonFiles64Folder = C:\Program Files\Common Files\
Property(S): CommonFilesFolder = C:\Program Files (x86)\Common Files\
Property(S): ScreenX = 1920
Property(S): ScreenY = 1080
Property(S): ColorBits = 32
Property(S): UserSID = S-1-5-21-0-0-0-1000
Property(S): MsiNetAssemblySupport = 2.0.50727.4016
Property(S): UserLanguageID = 1035
Property(S): SystemLanguageID = 1035
Property(S): ProductState = -1
Property(S): LogonUser = tommi
Property(S): ComputerName = DSL-TREBNG11-54
Property(S): UILevel = 2
Property(S): PackageCode = {FEA2F83C-D6CE-4EF0-9CC1-28B0EDE5EAA6}
Property(S): DATABASE = C:\windows\Installer\c9bf.msi
Property(S): OriginalDatabase = C:\ProgramData\Package Cache\{0093C20C-273D-4397-B623-515CB8616CB9}v14.22.27821\packages\vcRuntimeMinimum_amd64\vc_runtimeMinimum_x64.msi
Property(S): SOURCEDIR = C:\ProgramData\Package Cache\{0093C20C-273D-4397-B623-515CB8616CB9}v14.22.27821\packages\vcRuntimeMinimum_amd64\
Property(S): MSIFASTINSTALL = 7
Property(S): NOVSUI = 1
Property(S): ACTION = INSTALL
Property(S): EXECUTEACTION = INSTALL
Property(S): CostingComplete = 1
Property(S): ROOTDRIVE = C:\
Property(S): OutOfDiskSpace = 0
Property(S): OutOfNoRbDiskSpace = 0
1: 2 2: 0 
1: 2 2: 1 
Toiminto loppui 11:54:06: INSTALL. Paluuarvo 1.
